[1.219s] DEBUG:colcon:Command line arguments: ['/usr/bin/colcon', 'build', '--symlink-install']
[1.219s] DEBUG:colcon:Parsed command line arguments: Namespace(log_base=None, log_level=None, verb_name='build', build_base='build', install_base='install', merge_install=False, symlink_install=True, test_result_base=None, continue_on_error=False, executor='parallel', parallel_workers=4, event_handlers=None, ignore_user_meta=False, metas=['./colcon.meta'], base_paths=['.'], packages_ignore=None, packages_ignore_regex=None, paths=None, packages_up_to=None, packages_up_to_regex=None, packages_above=None, packages_above_and_dependencies=None, packages_above_depth=None, packages_select_by_dep=None, packages_skip_by_dep=None, packages_skip_up_to=None, packages_select_build_failed=False, packages_skip_build_finished=False, packages_select_test_failures=False, packages_skip_test_passed=False, packages_select=None, packages_skip=None, packages_select_regex=None, packages_skip_regex=None, packages_start=None, packages_end=None, allow_overriding=[], cmake_args=None, cmake_target=None, cmake_target_skip_unavailable=False, cmake_clean_cache=False, cmake_clean_first=False, cmake_force_configure=False, ament_cmake_args=None, catkin_cmake_args=None, catkin_skip_building_tests=False, verb_parser=<colcon_defaults.argument_parser.defaults.DefaultArgumentsDecorator object at 0xffffbae490c0>, verb_extension=<colcon_core.verb.build.BuildVerb object at 0xffffbb6c3bb0>, main=<bound method BuildVerb.main of <colcon_core.verb.build.BuildVerb object at 0xffffbb6c3bb0>>)
[1.366s] Level 1:colcon.colcon_core.package_discovery:discover_packages(colcon_meta) check parameters
[1.367s] Level 1:colcon.colcon_core.package_discovery:discover_packages(recursive) check parameters
[1.367s] Level 1:colcon.colcon_core.package_discovery:discover_packages(ignore) check parameters
[1.367s] Level 1:colcon.colcon_core.package_discovery:discover_packages(path) check parameters
[1.367s] Level 1:colcon.colcon_core.package_discovery:discover_packages(colcon_meta) discover
[1.368s] Level 1:colcon.colcon_core.package_discovery:discover_packages(recursive) discover
[1.368s] INFO:colcon.colcon_core.package_discovery:Crawling recursively for packages in '/home/arcturus/Documents/AllSeaingVehicle2'
[1.368s] Level 1:colcon.colcon_core.package_identification:_identify(.) by extensions ['ignore', 'ignore_ament_install']
[1.369s] Level 1:colcon.colcon_core.package_identification:_identify(.) by extension 'ignore'
[1.369s] Level 1:colcon.colcon_core.package_identification:_identify(.) by extension 'ignore_ament_install'
[1.369s] Level 1:colcon.colcon_core.package_identification:_identify(.) by extensions ['colcon_pkg']
[1.369s] Level 1:colcon.colcon_core.package_identification:_identify(.) by extension 'colcon_pkg'
[1.369s] Level 1:colcon.colcon_core.package_identification:_identify(.) by extensions ['colcon_meta']
[1.369s] Level 1:colcon.colcon_core.package_identification:_identify(.) by extension 'colcon_meta'
[1.369s] Level 1:colcon.colcon_core.package_identification:_identify(.) by extensions ['ros']
[1.370s] Level 1:colcon.colcon_core.package_identification:_identify(.) by extension 'ros'
[1.413s] Level 1:colcon.colcon_core.package_identification:_identify(.) by extensions ['cmake', 'python']
[1.413s] Level 1:colcon.colcon_core.package_identification:_identify(.) by extension 'cmake'
[1.413s] Level 1:colcon.colcon_core.package_identification:_identify(.) by extension 'python'
[1.414s] Level 1:colcon.colcon_core.package_identification:_identify(.) by extensions ['python_setup_py']
[1.414s] Level 1:colcon.colcon_core.package_identification:_identify(.) by extension 'python_setup_py'
[1.414s] Level 1:colcon.colcon_core.package_identification:_identify(build) by extensions ['ignore', 'ignore_ament_install']
[1.415s] Level 1:colcon.colcon_core.package_identification:_identify(build) by extension 'ignore'
[1.415s] Level 1:colcon.colcon_core.package_identification:_identify(build) ignored
[1.416s] Level 1:colcon.colcon_core.package_identification:_identify(install) by extensions ['ignore', 'ignore_ament_install']
[1.416s] Level 1:colcon.colcon_core.package_identification:_identify(install) by extension 'ignore'
[1.416s] Level 1:colcon.colcon_core.package_identification:_identify(install) ignored
[1.417s] Level 1:colcon.colcon_core.package_identification:_identify(log) by extensions ['ignore', 'ignore_ament_install']
[1.417s] Level 1:colcon.colcon_core.package_identification:_identify(log) by extension 'ignore'
[1.417s] Level 1:colcon.colcon_core.package_identification:_identify(log) ignored
[1.417s] Level 1:colcon.colcon_core.package_identification:_identify(src) by extensions ['ignore', 'ignore_ament_install']
[1.418s] Level 1:colcon.colcon_core.package_identification:_identify(src) by extension 'ignore'
[1.418s] Level 1:colcon.colcon_core.package_identification:_identify(src) by extension 'ignore_ament_install'
[1.418s] Level 1:colcon.colcon_core.package_identification:_identify(src) by extensions ['colcon_pkg']
[1.418s] Level 1:colcon.colcon_core.package_identification:_identify(src) by extension 'colcon_pkg'
[1.418s] Level 1:colcon.colcon_core.package_identification:_identify(src) by extensions ['colcon_meta']
[1.418s] Level 1:colcon.colcon_core.package_identification:_identify(src) by extension 'colcon_meta'
[1.419s] Level 1:colcon.colcon_core.package_identification:_identify(src) by extensions ['ros']
[1.419s] Level 1:colcon.colcon_core.package_identification:_identify(src) by extension 'ros'
[1.419s] Level 1:colcon.colcon_core.package_identification:_identify(src) by extensions ['cmake', 'python']
[1.419s] Level 1:colcon.colcon_core.package_identification:_identify(src) by extension 'cmake'
[1.419s] Level 1:colcon.colcon_core.package_identification:_identify(src) by extension 'python'
[1.419s] Level 1:colcon.colcon_core.package_identification:_identify(src) by extensions ['python_setup_py']
[1.420s] Level 1:colcon.colcon_core.package_identification:_identify(src) by extension 'python_setup_py'
[1.420s] Level 1:colcon.colcon_core.package_identification:_identify(src/velodyne) by extensions ['ignore', 'ignore_ament_install']
[1.420s] Level 1:colcon.colcon_core.package_identification:_identify(src/velodyne) by extension 'ignore'
[1.421s] Level 1:colcon.colcon_core.package_identification:_identify(src/velodyne) by extension 'ignore_ament_install'
[1.421s] Level 1:colcon.colcon_core.package_identification:_identify(src/velodyne) by extensions ['colcon_pkg']
[1.421s] Level 1:colcon.colcon_core.package_identification:_identify(src/velodyne) by extension 'colcon_pkg'
[1.421s] Level 1:colcon.colcon_core.package_identification:_identify(src/velodyne) by extensions ['colcon_meta']
[1.421s] Level 1:colcon.colcon_core.package_identification:_identify(src/velodyne) by extension 'colcon_meta'
[1.421s] Level 1:colcon.colcon_core.package_identification:_identify(src/velodyne) by extensions ['ros']
[1.421s] Level 1:colcon.colcon_core.package_identification:_identify(src/velodyne) by extension 'ros'
[1.422s] Level 1:colcon.colcon_core.package_identification:_identify(src/velodyne) by extensions ['cmake', 'python']
[1.422s] Level 1:colcon.colcon_core.package_identification:_identify(src/velodyne) by extension 'cmake'
[1.422s] Level 1:colcon.colcon_core.package_identification:_identify(src/velodyne) by extension 'python'
[1.422s] Level 1:colcon.colcon_core.package_identification:_identify(src/velodyne) by extensions ['python_setup_py']
[1.423s] Level 1:colcon.colcon_core.package_identification:_identify(src/velodyne) by extension 'python_setup_py'
[1.423s] Level 1:colcon.colcon_core.package_identification:_identify(src/velodyne/velodyne) by extensions ['ignore', 'ignore_ament_install']
[1.423s] Level 1:colcon.colcon_core.package_identification:_identify(src/velodyne/velodyne) by extension 'ignore'
[1.424s] Level 1:colcon.colcon_core.package_identification:_identify(src/velodyne/velodyne) by extension 'ignore_ament_install'
[1.424s] Level 1:colcon.colcon_core.package_identification:_identify(src/velodyne/velodyne) by extensions ['colcon_pkg']
[1.424s] Level 1:colcon.colcon_core.package_identification:_identify(src/velodyne/velodyne) by extension 'colcon_pkg'
[1.424s] Level 1:colcon.colcon_core.package_identification:_identify(src/velodyne/velodyne) by extensions ['colcon_meta']
[1.424s] Level 1:colcon.colcon_core.package_identification:_identify(src/velodyne/velodyne) by extension 'colcon_meta'
[1.425s] Level 1:colcon.colcon_core.package_identification:_identify(src/velodyne/velodyne) by extensions ['ros']
[1.425s] Level 1:colcon.colcon_core.package_identification:_identify(src/velodyne/velodyne) by extension 'ros'
[1.436s] DEBUG:colcon.colcon_core.package_identification:Package 'src/velodyne/velodyne' with type 'ros.ament_cmake' and name 'velodyne'
[1.437s] Level 1:colcon.colcon_core.package_identification:_identify(src/velodyne/velodyne_driver) by extensions ['ignore', 'ignore_ament_install']
[1.437s] Level 1:colcon.colcon_core.package_identification:_identify(src/velodyne/velodyne_driver) by extension 'ignore'
[1.438s] Level 1:colcon.colcon_core.package_identification:_identify(src/velodyne/velodyne_driver) by extension 'ignore_ament_install'
[1.438s] Level 1:colcon.colcon_core.package_identification:_identify(src/velodyne/velodyne_driver) by extensions ['colcon_pkg']
[1.438s] Level 1:colcon.colcon_core.package_identification:_identify(src/velodyne/velodyne_driver) by extension 'colcon_pkg'
[1.438s] Level 1:colcon.colcon_core.package_identification:_identify(src/velodyne/velodyne_driver) by extensions ['colcon_meta']
[1.439s] Level 1:colcon.colcon_core.package_identification:_identify(src/velodyne/velodyne_driver) by extension 'colcon_meta'
[1.439s] Level 1:colcon.colcon_core.package_identification:_identify(src/velodyne/velodyne_driver) by extensions ['ros']
[1.439s] Level 1:colcon.colcon_core.package_identification:_identify(src/velodyne/velodyne_driver) by extension 'ros'
[1.444s] DEBUG:colcon.colcon_core.package_identification:Package 'src/velodyne/velodyne_driver' with type 'ros.ament_cmake' and name 'velodyne_driver'
[1.445s] Level 1:colcon.colcon_core.package_identification:_identify(src/velodyne/velodyne_laserscan) by extensions ['ignore', 'ignore_ament_install']
[1.445s] Level 1:colcon.colcon_core.package_identification:_identify(src/velodyne/velodyne_laserscan) by extension 'ignore'
[1.445s] Level 1:colcon.colcon_core.package_identification:_identify(src/velodyne/velodyne_laserscan) by extension 'ignore_ament_install'
[1.446s] Level 1:colcon.colcon_core.package_identification:_identify(src/velodyne/velodyne_laserscan) by extensions ['colcon_pkg']
[1.446s] Level 1:colcon.colcon_core.package_identification:_identify(src/velodyne/velodyne_laserscan) by extension 'colcon_pkg'
[1.446s] Level 1:colcon.colcon_core.package_identification:_identify(src/velodyne/velodyne_laserscan) by extensions ['colcon_meta']
[1.446s] Level 1:colcon.colcon_core.package_identification:_identify(src/velodyne/velodyne_laserscan) by extension 'colcon_meta'
[1.446s] Level 1:colcon.colcon_core.package_identification:_identify(src/velodyne/velodyne_laserscan) by extensions ['ros']
[1.447s] Level 1:colcon.colcon_core.package_identification:_identify(src/velodyne/velodyne_laserscan) by extension 'ros'
[1.450s] DEBUG:colcon.colcon_core.package_identification:Package 'src/velodyne/velodyne_laserscan' with type 'ros.ament_cmake' and name 'velodyne_laserscan'
[1.451s] Level 1:colcon.colcon_core.package_identification:_identify(src/velodyne/velodyne_msgs) by extensions ['ignore', 'ignore_ament_install']
[1.451s] Level 1:colcon.colcon_core.package_identification:_identify(src/velodyne/velodyne_msgs) by extension 'ignore'
[1.452s] Level 1:colcon.colcon_core.package_identification:_identify(src/velodyne/velodyne_msgs) by extension 'ignore_ament_install'
[1.452s] Level 1:colcon.colcon_core.package_identification:_identify(src/velodyne/velodyne_msgs) by extensions ['colcon_pkg']
[1.452s] Level 1:colcon.colcon_core.package_identification:_identify(src/velodyne/velodyne_msgs) by extension 'colcon_pkg'
[1.452s] Level 1:colcon.colcon_core.package_identification:_identify(src/velodyne/velodyne_msgs) by extensions ['colcon_meta']
[1.453s] Level 1:colcon.colcon_core.package_identification:_identify(src/velodyne/velodyne_msgs) by extension 'colcon_meta'
[1.453s] Level 1:colcon.colcon_core.package_identification:_identify(src/velodyne/velodyne_msgs) by extensions ['ros']
[1.453s] Level 1:colcon.colcon_core.package_identification:_identify(src/velodyne/velodyne_msgs) by extension 'ros'
[1.457s] DEBUG:colcon.colcon_core.package_identification:Package 'src/velodyne/velodyne_msgs' with type 'ros.ament_cmake' and name 'velodyne_msgs'
[1.458s] Level 1:colcon.colcon_core.package_identification:_identify(src/velodyne/velodyne_pointcloud) by extensions ['ignore', 'ignore_ament_install']
[1.458s] Level 1:colcon.colcon_core.package_identification:_identify(src/velodyne/velodyne_pointcloud) by extension 'ignore'
[1.459s] Level 1:colcon.colcon_core.package_identification:_identify(src/velodyne/velodyne_pointcloud) by extension 'ignore_ament_install'
[1.459s] Level 1:colcon.colcon_core.package_identification:_identify(src/velodyne/velodyne_pointcloud) by extensions ['colcon_pkg']
[1.459s] Level 1:colcon.colcon_core.package_identification:_identify(src/velodyne/velodyne_pointcloud) by extension 'colcon_pkg'
[1.459s] Level 1:colcon.colcon_core.package_identification:_identify(src/velodyne/velodyne_pointcloud) by extensions ['colcon_meta']
[1.459s] Level 1:colcon.colcon_core.package_identification:_identify(src/velodyne/velodyne_pointcloud) by extension 'colcon_meta'
[1.460s] Level 1:colcon.colcon_core.package_identification:_identify(src/velodyne/velodyne_pointcloud) by extensions ['ros']
[1.460s] Level 1:colcon.colcon_core.package_identification:_identify(src/velodyne/velodyne_pointcloud) by extension 'ros'
[1.466s] DEBUG:colcon.colcon_core.package_identification:Package 'src/velodyne/velodyne_pointcloud' with type 'ros.ament_cmake' and name 'velodyne_pointcloud'
[1.466s] Level 1:colcon.colcon_core.package_discovery:discover_packages(recursive) using defaults
[1.467s] Level 1:colcon.colcon_core.package_discovery:discover_packages(ignore) discover
[1.467s] Level 1:colcon.colcon_core.package_discovery:discover_packages(ignore) using defaults
[1.467s] Level 1:colcon.colcon_core.package_discovery:discover_packages(path) discover
[1.467s] Level 1:colcon.colcon_core.package_discovery:discover_packages(path) using defaults
[1.561s] Level 1:colcon.colcon_core.package_discovery:discover_packages(prefix_path) check parameters
[1.562s] Level 1:colcon.colcon_core.package_discovery:discover_packages(prefix_path) discover
[1.576s] DEBUG:colcon.colcon_installed_package_information.package_discovery:Found 270 installed packages in /opt/ros/humble
[1.582s] Level 1:colcon.colcon_core.package_discovery:discover_packages(prefix_path) using defaults
[1.863s] Level 5:colcon.colcon_core.verb:set package 'velodyne_laserscan' build argument 'cmake_args' from command line to 'None'
[1.863s] Level 5:colcon.colcon_core.verb:set package 'velodyne_laserscan' build argument 'cmake_target' from command line to 'None'
[1.863s] Level 5:colcon.colcon_core.verb:set package 'velodyne_laserscan' build argument 'cmake_target_skip_unavailable' from command line to 'False'
[1.863s] Level 5:colcon.colcon_core.verb:set package 'velodyne_laserscan' build argument 'cmake_clean_cache' from command line to 'False'
[1.864s] Level 5:colcon.colcon_core.verb:set package 'velodyne_laserscan' build argument 'cmake_clean_first' from command line to 'False'
[1.864s] Level 5:colcon.colcon_core.verb:set package 'velodyne_laserscan' build argument 'cmake_force_configure' from command line to 'False'
[1.864s] Level 5:colcon.colcon_core.verb:set package 'velodyne_laserscan' build argument 'ament_cmake_args' from command line to 'None'
[1.864s] Level 5:colcon.colcon_core.verb:set package 'velodyne_laserscan' build argument 'catkin_cmake_args' from command line to 'None'
[1.864s] Level 5:colcon.colcon_core.verb:set package 'velodyne_laserscan' build argument 'catkin_skip_building_tests' from command line to 'False'
[1.864s] DEBUG:colcon.colcon_core.verb:Building package 'velodyne_laserscan' with the following arguments: {'ament_cmake_args': None, 'build_base': '/home/arcturus/Documents/AllSeaingVehicle2/build/velodyne_laserscan', 'catkin_cmake_args': None, 'catkin_skip_building_tests': False, 'cmake_args': None, 'cmake_clean_cache': False, 'cmake_clean_first': False, 'cmake_force_configure': False, 'cmake_target': None, 'cmake_target_skip_unavailable': False, 'install_base': '/home/arcturus/Documents/AllSeaingVehicle2/install/velodyne_laserscan', 'merge_install': False, 'path': '/home/arcturus/Documents/AllSeaingVehicle2/src/velodyne/velodyne_laserscan', 'symlink_install': True, 'test_result_base': None}
[1.868s] Level 5:colcon.colcon_core.verb:set package 'velodyne_msgs' build argument 'cmake_args' from command line to 'None'
[1.868s] Level 5:colcon.colcon_core.verb:set package 'velodyne_msgs' build argument 'cmake_target' from command line to 'None'
[1.868s] Level 5:colcon.colcon_core.verb:set package 'velodyne_msgs' build argument 'cmake_target_skip_unavailable' from command line to 'False'
[1.869s] Level 5:colcon.colcon_core.verb:set package 'velodyne_msgs' build argument 'cmake_clean_cache' from command line to 'False'
[1.869s] Level 5:colcon.colcon_core.verb:set package 'velodyne_msgs' build argument 'cmake_clean_first' from command line to 'False'
[1.869s] Level 5:colcon.colcon_core.verb:set package 'velodyne_msgs' build argument 'cmake_force_configure' from command line to 'False'
[1.869s] Level 5:colcon.colcon_core.verb:set package 'velodyne_msgs' build argument 'ament_cmake_args' from command line to 'None'
[1.869s] Level 5:colcon.colcon_core.verb:set package 'velodyne_msgs' build argument 'catkin_cmake_args' from command line to 'None'
[1.869s] Level 5:colcon.colcon_core.verb:set package 'velodyne_msgs' build argument 'catkin_skip_building_tests' from command line to 'False'
[1.869s] DEBUG:colcon.colcon_core.verb:Building package 'velodyne_msgs' with the following arguments: {'ament_cmake_args': None, 'build_base': '/home/arcturus/Documents/AllSeaingVehicle2/build/velodyne_msgs', 'catkin_cmake_args': None, 'catkin_skip_building_tests': False, 'cmake_args': None, 'cmake_clean_cache': False, 'cmake_clean_first': False, 'cmake_force_configure': False, 'cmake_target': None, 'cmake_target_skip_unavailable': False, 'install_base': '/home/arcturus/Documents/AllSeaingVehicle2/install/velodyne_msgs', 'merge_install': False, 'path': '/home/arcturus/Documents/AllSeaingVehicle2/src/velodyne/velodyne_msgs', 'symlink_install': True, 'test_result_base': None}
[1.873s] Level 5:colcon.colcon_core.verb:set package 'velodyne_driver' build argument 'cmake_args' from command line to 'None'
[1.873s] Level 5:colcon.colcon_core.verb:set package 'velodyne_driver' build argument 'cmake_target' from command line to 'None'
[1.873s] Level 5:colcon.colcon_core.verb:set package 'velodyne_driver' build argument 'cmake_target_skip_unavailable' from command line to 'False'
[1.873s] Level 5:colcon.colcon_core.verb:set package 'velodyne_driver' build argument 'cmake_clean_cache' from command line to 'False'
[1.873s] Level 5:colcon.colcon_core.verb:set package 'velodyne_driver' build argument 'cmake_clean_first' from command line to 'False'
[1.873s] Level 5:colcon.colcon_core.verb:set package 'velodyne_driver' build argument 'cmake_force_configure' from command line to 'False'
[1.873s] Level 5:colcon.colcon_core.verb:set package 'velodyne_driver' build argument 'ament_cmake_args' from command line to 'None'
[1.873s] Level 5:colcon.colcon_core.verb:set package 'velodyne_driver' build argument 'catkin_cmake_args' from command line to 'None'
[1.874s] Level 5:colcon.colcon_core.verb:set package 'velodyne_driver' build argument 'catkin_skip_building_tests' from command line to 'False'
[1.874s] DEBUG:colcon.colcon_core.verb:Building package 'velodyne_driver' with the following arguments: {'ament_cmake_args': None, 'build_base': '/home/arcturus/Documents/AllSeaingVehicle2/build/velodyne_driver', 'catkin_cmake_args': None, 'catkin_skip_building_tests': False, 'cmake_args': None, 'cmake_clean_cache': False, 'cmake_clean_first': False, 'cmake_force_configure': False, 'cmake_target': None, 'cmake_target_skip_unavailable': False, 'install_base': '/home/arcturus/Documents/AllSeaingVehicle2/install/velodyne_driver', 'merge_install': False, 'path': '/home/arcturus/Documents/AllSeaingVehicle2/src/velodyne/velodyne_driver', 'symlink_install': True, 'test_result_base': None}
[1.877s] Level 5:colcon.colcon_core.verb:set package 'velodyne_pointcloud' build argument 'cmake_args' from command line to 'None'
[1.877s] Level 5:colcon.colcon_core.verb:set package 'velodyne_pointcloud' build argument 'cmake_target' from command line to 'None'
[1.878s] Level 5:colcon.colcon_core.verb:set package 'velodyne_pointcloud' build argument 'cmake_target_skip_unavailable' from command line to 'False'
[1.878s] Level 5:colcon.colcon_core.verb:set package 'velodyne_pointcloud' build argument 'cmake_clean_cache' from command line to 'False'
[1.878s] Level 5:colcon.colcon_core.verb:set package 'velodyne_pointcloud' build argument 'cmake_clean_first' from command line to 'False'
[1.878s] Level 5:colcon.colcon_core.verb:set package 'velodyne_pointcloud' build argument 'cmake_force_configure' from command line to 'False'
[1.878s] Level 5:colcon.colcon_core.verb:set package 'velodyne_pointcloud' build argument 'ament_cmake_args' from command line to 'None'
[1.878s] Level 5:colcon.colcon_core.verb:set package 'velodyne_pointcloud' build argument 'catkin_cmake_args' from command line to 'None'
[1.878s] Level 5:colcon.colcon_core.verb:set package 'velodyne_pointcloud' build argument 'catkin_skip_building_tests' from command line to 'False'
[1.878s] DEBUG:colcon.colcon_core.verb:Building package 'velodyne_pointcloud' with the following arguments: {'ament_cmake_args': None, 'build_base': '/home/arcturus/Documents/AllSeaingVehicle2/build/velodyne_pointcloud', 'catkin_cmake_args': None, 'catkin_skip_building_tests': False, 'cmake_args': None, 'cmake_clean_cache': False, 'cmake_clean_first': False, 'cmake_force_configure': False, 'cmake_target': None, 'cmake_target_skip_unavailable': False, 'install_base': '/home/arcturus/Documents/AllSeaingVehicle2/install/velodyne_pointcloud', 'merge_install': False, 'path': '/home/arcturus/Documents/AllSeaingVehicle2/src/velodyne/velodyne_pointcloud', 'symlink_install': True, 'test_result_base': None}
[1.882s] Level 5:colcon.colcon_core.verb:set package 'velodyne' build argument 'cmake_args' from command line to 'None'
[1.882s] Level 5:colcon.colcon_core.verb:set package 'velodyne' build argument 'cmake_target' from command line to 'None'
[1.882s] Level 5:colcon.colcon_core.verb:set package 'velodyne' build argument 'cmake_target_skip_unavailable' from command line to 'False'
[1.882s] Level 5:colcon.colcon_core.verb:set package 'velodyne' build argument 'cmake_clean_cache' from command line to 'False'
[1.883s] Level 5:colcon.colcon_core.verb:set package 'velodyne' build argument 'cmake_clean_first' from command line to 'False'
[1.883s] Level 5:colcon.colcon_core.verb:set package 'velodyne' build argument 'cmake_force_configure' from command line to 'False'
[1.883s] Level 5:colcon.colcon_core.verb:set package 'velodyne' build argument 'ament_cmake_args' from command line to 'None'
[1.883s] Level 5:colcon.colcon_core.verb:set package 'velodyne' build argument 'catkin_cmake_args' from command line to 'None'
[1.883s] Level 5:colcon.colcon_core.verb:set package 'velodyne' build argument 'catkin_skip_building_tests' from command line to 'False'
[1.883s] DEBUG:colcon.colcon_core.verb:Building package 'velodyne' with the following arguments: {'ament_cmake_args': None, 'build_base': '/home/arcturus/Documents/AllSeaingVehicle2/build/velodyne', 'catkin_cmake_args': None, 'catkin_skip_building_tests': False, 'cmake_args': None, 'cmake_clean_cache': False, 'cmake_clean_first': False, 'cmake_force_configure': False, 'cmake_target': None, 'cmake_target_skip_unavailable': False, 'install_base': '/home/arcturus/Documents/AllSeaingVehicle2/install/velodyne', 'merge_install': False, 'path': '/home/arcturus/Documents/AllSeaingVehicle2/src/velodyne/velodyne', 'symlink_install': True, 'test_result_base': None}
[1.885s] INFO:colcon.colcon_core.executor:Executing jobs using 'parallel' executor
[1.898s] DEBUG:colcon.colcon_parallel_executor.executor.parallel:run_until_complete
[1.899s] INFO:colcon.colcon_ros.task.ament_cmake.build:Building ROS package in '/home/arcturus/Documents/AllSeaingVehicle2/src/velodyne/velodyne_msgs' with build type 'ament_cmake'
[1.900s] INFO:colcon.colcon_cmake.task.cmake.build:Building CMake package in '/home/arcturus/Documents/AllSeaingVehicle2/src/velodyne/velodyne_msgs'
[1.920s] INFO:colcon.colcon_core.plugin_system:Skipping extension 'colcon_core.shell.bat': Not used on non-Windows systems
[1.921s] INFO:colcon.colcon_core.shell:Skip shell extension 'powershell' for command environment: Not usable outside of PowerShell
[1.921s] DEBUG:colcon.colcon_core.shell:Skip shell extension 'dsv' for command environment
[1.939s] INFO:colcon.colcon_ros.task.ament_cmake.build:Building ROS package in '/home/arcturus/Documents/AllSeaingVehicle2/src/velodyne/velodyne_laserscan' with build type 'ament_cmake'
[1.940s] INFO:colcon.colcon_cmake.task.cmake.build:Building CMake package in '/home/arcturus/Documents/AllSeaingVehicle2/src/velodyne/velodyne_laserscan'
[1.948s] INFO:colcon.colcon_core.shell:Skip shell extension 'powershell' for command environment: Not usable outside of PowerShell
[1.949s] DEBUG:colcon.colcon_core.shell:Skip shell extension 'dsv' for command environment
[1.988s] DEBUG:colcon.colcon_core.event_handler.log_command:Invoking command in '/home/arcturus/Documents/AllSeaingVehicle2/build/velodyne_msgs': CMAKE_PREFIX_PATH=/opt/ros/humble /usr/bin/cmake /home/arcturus/Documents/AllSeaingVehicle2/src/velodyne/velodyne_msgs -DAMENT_CMAKE_SYMLINK_INSTALL=1 -DCMAKE_INSTALL_PREFIX=/home/arcturus/Documents/AllSeaingVehicle2/install/velodyne_msgs
[2.022s] DEBUG:colcon.colcon_core.event_handler.log_command:Invoking command in '/home/arcturus/Documents/AllSeaingVehicle2/build/velodyne_laserscan': CMAKE_PREFIX_PATH=/opt/ros/humble /usr/bin/cmake /home/arcturus/Documents/AllSeaingVehicle2/src/velodyne/velodyne_laserscan -DAMENT_CMAKE_SYMLINK_INSTALL=1 -DCMAKE_INSTALL_PREFIX=/home/arcturus/Documents/AllSeaingVehicle2/install/velodyne_laserscan
[9.129s] DEBUG:colcon.colcon_core.event_handler.log_command:Invoked command in '/home/arcturus/Documents/AllSeaingVehicle2/build/velodyne_laserscan' returned '0': CMAKE_PREFIX_PATH=/opt/ros/humble /usr/bin/cmake /home/arcturus/Documents/AllSeaingVehicle2/src/velodyne/velodyne_laserscan -DAMENT_CMAKE_SYMLINK_INSTALL=1 -DCMAKE_INSTALL_PREFIX=/home/arcturus/Documents/AllSeaingVehicle2/install/velodyne_laserscan
[9.132s] DEBUG:colcon.colcon_core.event_handler.log_command:Invoking command in '/home/arcturus/Documents/AllSeaingVehicle2/build/velodyne_laserscan': CMAKE_PREFIX_PATH=/opt/ros/humble /usr/bin/cmake --build /home/arcturus/Documents/AllSeaingVehicle2/build/velodyne_laserscan -- -j4 -l4
[10.253s] DEBUG:colcon.colcon_core.event_handler.log_command:Invoked command in '/home/arcturus/Documents/AllSeaingVehicle2/build/velodyne_msgs' returned '0': CMAKE_PREFIX_PATH=/opt/ros/humble /usr/bin/cmake /home/arcturus/Documents/AllSeaingVehicle2/src/velodyne/velodyne_msgs -DAMENT_CMAKE_SYMLINK_INSTALL=1 -DCMAKE_INSTALL_PREFIX=/home/arcturus/Documents/AllSeaingVehicle2/install/velodyne_msgs
[10.255s] DEBUG:colcon.colcon_core.event_handler.log_command:Invoking command in '/home/arcturus/Documents/AllSeaingVehicle2/build/velodyne_msgs': CMAKE_PREFIX_PATH=/opt/ros/humble /usr/bin/cmake --build /home/arcturus/Documents/AllSeaingVehicle2/build/velodyne_msgs -- -j4 -l4
[27.990s] DEBUG:colcon.colcon_core.event_handler.log_command:Invoked command in '/home/arcturus/Documents/AllSeaingVehicle2/build/velodyne_msgs' returned '0': CMAKE_PREFIX_PATH=/opt/ros/humble /usr/bin/cmake --build /home/arcturus/Documents/AllSeaingVehicle2/build/velodyne_msgs -- -j4 -l4
[28.439s] DEBUG:colcon.colcon_core.event_handler.log_command:Invoking command in '/home/arcturus/Documents/AllSeaingVehicle2/build/velodyne_msgs': CMAKE_PREFIX_PATH=/opt/ros/humble /usr/bin/cmake --install /home/arcturus/Documents/AllSeaingVehicle2/build/velodyne_msgs
[31.584s] Level 1:colcon.colcon_core.environment:create_environment_scripts_only(velodyne_msgs)
[31.589s] DEBUG:colcon.colcon_core.event_handler.log_command:Invoked command in '/home/arcturus/Documents/AllSeaingVehicle2/build/velodyne_msgs' returned '0': CMAKE_PREFIX_PATH=/opt/ros/humble /usr/bin/cmake --install /home/arcturus/Documents/AllSeaingVehicle2/build/velodyne_msgs
[31.611s] Level 1:colcon.colcon_core.environment:checking '/home/arcturus/Documents/AllSeaingVehicle2/install/velodyne_msgs' for CMake module files
[31.616s] Level 1:colcon.colcon_core.environment:checking '/home/arcturus/Documents/AllSeaingVehicle2/install/velodyne_msgs' for CMake config files
[31.618s] Level 1:colcon.colcon_core.shell:create_environment_hook('velodyne_msgs', 'cmake_prefix_path')
[31.624s] INFO:colcon.colcon_core.shell:Creating environment hook '/home/arcturus/Documents/AllSeaingVehicle2/install/velodyne_msgs/share/velodyne_msgs/hook/cmake_prefix_path.ps1'
[31.627s] INFO:colcon.colcon_core.shell:Creating environment descriptor '/home/arcturus/Documents/AllSeaingVehicle2/install/velodyne_msgs/share/velodyne_msgs/hook/cmake_prefix_path.dsv'
[31.629s] INFO:colcon.colcon_core.shell:Creating environment hook '/home/arcturus/Documents/AllSeaingVehicle2/install/velodyne_msgs/share/velodyne_msgs/hook/cmake_prefix_path.sh'
[31.632s] Level 1:colcon.colcon_core.environment:checking '/home/arcturus/Documents/AllSeaingVehicle2/install/velodyne_msgs/lib'
[31.633s] Level 1:colcon.colcon_core.shell:create_environment_hook('velodyne_msgs', 'ld_library_path_lib')
[31.637s] INFO:colcon.colcon_core.shell:Creating environment hook '/home/arcturus/Documents/AllSeaingVehicle2/install/velodyne_msgs/share/velodyne_msgs/hook/ld_library_path_lib.ps1'
[31.639s] INFO:colcon.colcon_core.shell:Creating environment descriptor '/home/arcturus/Documents/AllSeaingVehicle2/install/velodyne_msgs/share/velodyne_msgs/hook/ld_library_path_lib.dsv'
[31.640s] INFO:colcon.colcon_core.shell:Creating environment hook '/home/arcturus/Documents/AllSeaingVehicle2/install/velodyne_msgs/share/velodyne_msgs/hook/ld_library_path_lib.sh'
[31.642s] Level 1:colcon.colcon_core.environment:checking '/home/arcturus/Documents/AllSeaingVehicle2/install/velodyne_msgs/bin'
[31.642s] Level 1:colcon.colcon_core.environment:checking '/home/arcturus/Documents/AllSeaingVehicle2/install/velodyne_msgs/lib/pkgconfig/velodyne_msgs.pc'
[31.643s] Level 1:colcon.colcon_core.environment:checking '/home/arcturus/Documents/AllSeaingVehicle2/install/velodyne_msgs/lib/python3.10/site-packages'
[31.644s] Level 1:colcon.colcon_core.environment:checking '/home/arcturus/Documents/AllSeaingVehicle2/install/velodyne_msgs/bin'
[31.649s] INFO:colcon.colcon_core.shell:Creating package script '/home/arcturus/Documents/AllSeaingVehicle2/install/velodyne_msgs/share/velodyne_msgs/package.ps1'
[31.652s] INFO:colcon.colcon_core.shell:Creating package descriptor '/home/arcturus/Documents/AllSeaingVehicle2/install/velodyne_msgs/share/velodyne_msgs/package.dsv'
[31.655s] INFO:colcon.colcon_core.shell:Creating package script '/home/arcturus/Documents/AllSeaingVehicle2/install/velodyne_msgs/share/velodyne_msgs/package.sh'
[31.659s] INFO:colcon.colcon_core.shell:Creating package script '/home/arcturus/Documents/AllSeaingVehicle2/install/velodyne_msgs/share/velodyne_msgs/package.bash'
[31.662s] INFO:colcon.colcon_core.shell:Creating package script '/home/arcturus/Documents/AllSeaingVehicle2/install/velodyne_msgs/share/velodyne_msgs/package.zsh'
[31.665s] Level 1:colcon.colcon_core.environment:create_file_with_runtime_dependencies(/home/arcturus/Documents/AllSeaingVehicle2/install/velodyne_msgs/share/colcon-core/packages/velodyne_msgs)
[32.034s] Level 1:colcon.colcon_core.environment:create_environment_scripts_only(velodyne_msgs)
[32.041s] Level 1:colcon.colcon_core.environment:checking '/home/arcturus/Documents/AllSeaingVehicle2/install/velodyne_msgs' for CMake module files
[32.045s] Level 1:colcon.colcon_core.environment:checking '/home/arcturus/Documents/AllSeaingVehicle2/install/velodyne_msgs' for CMake config files
[32.047s] Level 1:colcon.colcon_core.shell:create_environment_hook('velodyne_msgs', 'cmake_prefix_path')
[32.052s] INFO:colcon.colcon_core.shell:Creating environment hook '/home/arcturus/Documents/AllSeaingVehicle2/install/velodyne_msgs/share/velodyne_msgs/hook/cmake_prefix_path.ps1'
[32.054s] INFO:colcon.colcon_core.shell:Creating environment descriptor '/home/arcturus/Documents/AllSeaingVehicle2/install/velodyne_msgs/share/velodyne_msgs/hook/cmake_prefix_path.dsv'
[32.058s] INFO:colcon.colcon_core.shell:Creating environment hook '/home/arcturus/Documents/AllSeaingVehicle2/install/velodyne_msgs/share/velodyne_msgs/hook/cmake_prefix_path.sh'
[32.063s] Level 1:colcon.colcon_core.environment:checking '/home/arcturus/Documents/AllSeaingVehicle2/install/velodyne_msgs/lib'
[32.064s] Level 1:colcon.colcon_core.shell:create_environment_hook('velodyne_msgs', 'ld_library_path_lib')
[32.069s] INFO:colcon.colcon_core.shell:Creating environment hook '/home/arcturus/Documents/AllSeaingVehicle2/install/velodyne_msgs/share/velodyne_msgs/hook/ld_library_path_lib.ps1'
[32.072s] INFO:colcon.colcon_core.shell:Creating environment descriptor '/home/arcturus/Documents/AllSeaingVehicle2/install/velodyne_msgs/share/velodyne_msgs/hook/ld_library_path_lib.dsv'
[32.074s] INFO:colcon.colcon_core.shell:Creating environment hook '/home/arcturus/Documents/AllSeaingVehicle2/install/velodyne_msgs/share/velodyne_msgs/hook/ld_library_path_lib.sh'
[32.075s] Level 1:colcon.colcon_core.environment:checking '/home/arcturus/Documents/AllSeaingVehicle2/install/velodyne_msgs/bin'
[32.076s] Level 1:colcon.colcon_core.environment:checking '/home/arcturus/Documents/AllSeaingVehicle2/install/velodyne_msgs/lib/pkgconfig/velodyne_msgs.pc'
[32.076s] Level 1:colcon.colcon_core.environment:checking '/home/arcturus/Documents/AllSeaingVehicle2/install/velodyne_msgs/lib/python3.10/site-packages'
[32.077s] Level 1:colcon.colcon_core.environment:checking '/home/arcturus/Documents/AllSeaingVehicle2/install/velodyne_msgs/bin'
[32.083s] INFO:colcon.colcon_core.shell:Creating package script '/home/arcturus/Documents/AllSeaingVehicle2/install/velodyne_msgs/share/velodyne_msgs/package.ps1'
[32.085s] INFO:colcon.colcon_core.shell:Creating package descriptor '/home/arcturus/Documents/AllSeaingVehicle2/install/velodyne_msgs/share/velodyne_msgs/package.dsv'
[32.087s] INFO:colcon.colcon_core.shell:Creating package script '/home/arcturus/Documents/AllSeaingVehicle2/install/velodyne_msgs/share/velodyne_msgs/package.sh'
[32.089s] INFO:colcon.colcon_core.shell:Creating package script '/home/arcturus/Documents/AllSeaingVehicle2/install/velodyne_msgs/share/velodyne_msgs/package.bash'
[32.091s] INFO:colcon.colcon_core.shell:Creating package script '/home/arcturus/Documents/AllSeaingVehicle2/install/velodyne_msgs/share/velodyne_msgs/package.zsh'
[32.092s] Level 1:colcon.colcon_core.environment:create_file_with_runtime_dependencies(/home/arcturus/Documents/AllSeaingVehicle2/install/velodyne_msgs/share/colcon-core/packages/velodyne_msgs)
[32.096s] INFO:colcon.colcon_ros.task.ament_cmake.build:Building ROS package in '/home/arcturus/Documents/AllSeaingVehicle2/src/velodyne/velodyne_driver' with build type 'ament_cmake'
[32.097s] INFO:colcon.colcon_cmake.task.cmake.build:Building CMake package in '/home/arcturus/Documents/AllSeaingVehicle2/src/velodyne/velodyne_driver'
[32.103s] INFO:colcon.colcon_core.shell:Skip shell extension 'powershell' for command environment: Not usable outside of PowerShell
[32.103s] DEBUG:colcon.colcon_core.shell:Skip shell extension 'dsv' for command environment
[32.128s] INFO:colcon.colcon_ros.task.ament_cmake.build:Building ROS package in '/home/arcturus/Documents/AllSeaingVehicle2/src/velodyne/velodyne_pointcloud' with build type 'ament_cmake'
[32.129s] INFO:colcon.colcon_cmake.task.cmake.build:Building CMake package in '/home/arcturus/Documents/AllSeaingVehicle2/src/velodyne/velodyne_pointcloud'
[32.135s] INFO:colcon.colcon_core.shell:Skip shell extension 'powershell' for command environment: Not usable outside of PowerShell
[32.136s] DEBUG:colcon.colcon_core.shell:Skip shell extension 'dsv' for command environment
[32.198s] DEBUG:colcon.colcon_core.event_handler.log_command:Invoking command in '/home/arcturus/Documents/AllSeaingVehicle2/build/velodyne_driver': AMENT_PREFIX_PATH=/home/arcturus/Documents/AllSeaingVehicle2/install/velodyne_msgs:${AMENT_PREFIX_PATH} CMAKE_PREFIX_PATH=/home/arcturus/Documents/AllSeaingVehicle2/install/velodyne_msgs:/opt/ros/humble LD_LIBRARY_PATH=/home/arcturus/Documents/AllSeaingVehicle2/install/velodyne_msgs/lib:/opt/ros/humble/opt/rviz_ogre_vendor/lib:/opt/ros/humble/lib/aarch64-linux-gnu:/opt/ros/humble/lib:/usr/local/cuda-11.4/lib64:/usr/local/cuda-11.4/lib64:/usr/local/cuda-11.4/lib64 PYTHONPATH=/home/arcturus/Documents/AllSeaingVehicle2/install/velodyne_msgs/local/lib/python3.10/dist-packages:${PYTHONPATH} /usr/bin/cmake /home/arcturus/Documents/AllSeaingVehicle2/src/velodyne/velodyne_driver -DAMENT_CMAKE_SYMLINK_INSTALL=1 -DCMAKE_INSTALL_PREFIX=/home/arcturus/Documents/AllSeaingVehicle2/install/velodyne_driver
[32.216s] DEBUG:colcon.colcon_core.event_handler.log_command:Invoking command in '/home/arcturus/Documents/AllSeaingVehicle2/build/velodyne_pointcloud': AMENT_PREFIX_PATH=/home/arcturus/Documents/AllSeaingVehicle2/install/velodyne_msgs:${AMENT_PREFIX_PATH} CMAKE_PREFIX_PATH=/home/arcturus/Documents/AllSeaingVehicle2/install/velodyne_msgs:/opt/ros/humble LD_LIBRARY_PATH=/home/arcturus/Documents/AllSeaingVehicle2/install/velodyne_msgs/lib:/opt/ros/humble/opt/rviz_ogre_vendor/lib:/opt/ros/humble/lib/aarch64-linux-gnu:/opt/ros/humble/lib:/usr/local/cuda-11.4/lib64:/usr/local/cuda-11.4/lib64:/usr/local/cuda-11.4/lib64 PYTHONPATH=/home/arcturus/Documents/AllSeaingVehicle2/install/velodyne_msgs/local/lib/python3.10/dist-packages:${PYTHONPATH} /usr/bin/cmake /home/arcturus/Documents/AllSeaingVehicle2/src/velodyne/velodyne_pointcloud -DAMENT_CMAKE_SYMLINK_INSTALL=1 -DCMAKE_INSTALL_PREFIX=/home/arcturus/Documents/AllSeaingVehicle2/install/velodyne_pointcloud
[35.021s] DEBUG:colcon.colcon_core.event_handler.log_command:Invoked command in '/home/arcturus/Documents/AllSeaingVehicle2/build/velodyne_pointcloud' returned '1': AMENT_PREFIX_PATH=/home/arcturus/Documents/AllSeaingVehicle2/install/velodyne_msgs:${AMENT_PREFIX_PATH} CMAKE_PREFIX_PATH=/home/arcturus/Documents/AllSeaingVehicle2/install/velodyne_msgs:/opt/ros/humble LD_LIBRARY_PATH=/home/arcturus/Documents/AllSeaingVehicle2/install/velodyne_msgs/lib:/opt/ros/humble/opt/rviz_ogre_vendor/lib:/opt/ros/humble/lib/aarch64-linux-gnu:/opt/ros/humble/lib:/usr/local/cuda-11.4/lib64:/usr/local/cuda-11.4/lib64:/usr/local/cuda-11.4/lib64 PYTHONPATH=/home/arcturus/Documents/AllSeaingVehicle2/install/velodyne_msgs/local/lib/python3.10/dist-packages:${PYTHONPATH} /usr/bin/cmake /home/arcturus/Documents/AllSeaingVehicle2/src/velodyne/velodyne_pointcloud -DAMENT_CMAKE_SYMLINK_INSTALL=1 -DCMAKE_INSTALL_PREFIX=/home/arcturus/Documents/AllSeaingVehicle2/install/velodyne_pointcloud
[35.068s] Level 1:colcon.colcon_core.environment:create_environment_scripts_only(velodyne_pointcloud)
[35.079s] Level 1:colcon.colcon_core.environment:checking '/home/arcturus/Documents/AllSeaingVehicle2/install/velodyne_pointcloud' for CMake module files
[35.080s] Level 1:colcon.colcon_core.environment:checking '/home/arcturus/Documents/AllSeaingVehicle2/install/velodyne_pointcloud' for CMake config files
[35.081s] Level 1:colcon.colcon_core.environment:checking '/home/arcturus/Documents/AllSeaingVehicle2/install/velodyne_pointcloud/bin'
[35.081s] Level 1:colcon.colcon_core.environment:checking '/home/arcturus/Documents/AllSeaingVehicle2/install/velodyne_pointcloud/lib/pkgconfig/velodyne_pointcloud.pc'
[35.082s] Level 1:colcon.colcon_core.environment:checking '/home/arcturus/Documents/AllSeaingVehicle2/install/velodyne_pointcloud/lib/python3.10/site-packages'
[35.083s] Level 1:colcon.colcon_core.environment:checking '/home/arcturus/Documents/AllSeaingVehicle2/install/velodyne_pointcloud/bin'
[35.088s] INFO:colcon.colcon_core.shell:Creating package script '/home/arcturus/Documents/AllSeaingVehicle2/install/velodyne_pointcloud/share/velodyne_pointcloud/package.ps1'
[35.090s] INFO:colcon.colcon_core.shell:Creating package descriptor '/home/arcturus/Documents/AllSeaingVehicle2/install/velodyne_pointcloud/share/velodyne_pointcloud/package.dsv'
[35.092s] INFO:colcon.colcon_core.shell:Creating package script '/home/arcturus/Documents/AllSeaingVehicle2/install/velodyne_pointcloud/share/velodyne_pointcloud/package.sh'
[35.093s] INFO:colcon.colcon_core.shell:Creating package script '/home/arcturus/Documents/AllSeaingVehicle2/install/velodyne_pointcloud/share/velodyne_pointcloud/package.bash'
[35.094s] INFO:colcon.colcon_core.shell:Creating package script '/home/arcturus/Documents/AllSeaingVehicle2/install/velodyne_pointcloud/share/velodyne_pointcloud/package.zsh'
[35.096s] Level 1:colcon.colcon_core.environment:create_file_with_runtime_dependencies(/home/arcturus/Documents/AllSeaingVehicle2/install/velodyne_pointcloud/share/colcon-core/packages/velodyne_pointcloud)
[63.475s] DEBUG:colcon.colcon_parallel_executor.executor.parallel:closing loop
[63.476s] DEBUG:colcon.colcon_parallel_executor.executor.parallel:loop closed
[63.477s] DEBUG:colcon.colcon_parallel_executor.executor.parallel:run_until_complete finished with '1'
[63.478s] DEBUG:colcon.colcon_core.event_reactor:joining thread
[63.522s] INFO:colcon.colcon_core.plugin_system:Skipping extension 'colcon_notification.desktop_notification.notify_send': Could not find 'notify-send'
[63.522s] INFO:colcon.colcon_core.plugin_system:Skipping extension 'colcon_notification.desktop_notification.terminal_notifier': Not used on non-Darwin systems
[63.523s] INFO:colcon.colcon_core.plugin_system:Skipping extension 'colcon_notification.desktop_notification.win32': Not used on non-Windows systems
[63.523s] INFO:colcon.colcon_notification.desktop_notification:Sending desktop notification using 'notify2'
[63.600s] DEBUG:colcon.colcon_core.event_reactor:joined thread
[63.606s] INFO:colcon.colcon_core.shell:Creating prefix script '/home/arcturus/Documents/AllSeaingVehicle2/install/local_setup.ps1'
[63.610s] INFO:colcon.colcon_core.shell:Creating prefix util module '/home/arcturus/Documents/AllSeaingVehicle2/install/_local_setup_util_ps1.py'
[63.617s] INFO:colcon.colcon_core.shell:Creating prefix chain script '/home/arcturus/Documents/AllSeaingVehicle2/install/setup.ps1'
[63.623s] INFO:colcon.colcon_core.shell:Creating prefix script '/home/arcturus/Documents/AllSeaingVehicle2/install/local_setup.sh'
[63.625s] INFO:colcon.colcon_core.shell:Creating prefix util module '/home/arcturus/Documents/AllSeaingVehicle2/install/_local_setup_util_sh.py'
[63.627s] INFO:colcon.colcon_core.shell:Creating prefix chain script '/home/arcturus/Documents/AllSeaingVehicle2/install/setup.sh'
[63.633s] INFO:colcon.colcon_core.shell:Creating prefix script '/home/arcturus/Documents/AllSeaingVehicle2/install/local_setup.bash'
[63.635s] INFO:colcon.colcon_core.shell:Creating prefix chain script '/home/arcturus/Documents/AllSeaingVehicle2/install/setup.bash'
[63.640s] INFO:colcon.colcon_core.shell:Creating prefix script '/home/arcturus/Documents/AllSeaingVehicle2/install/local_setup.zsh'
[63.642s] INFO:colcon.colcon_core.shell:Creating prefix chain script '/home/arcturus/Documents/AllSeaingVehicle2/install/setup.zsh'
