[0.085s] Invoking command in '/home/arcturus/Documents/AllSeaingVehicle2/build/velodyne_msgs': CMAKE_PREFIX_PATH=/opt/ros/humble /usr/bin/cmake --build /home/arcturus/Documents/AllSeaingVehicle2/build/velodyne_msgs -- -j4 -l4
[0.335s] [  2%] Built target velodyne_msgs__cpp
[0.338s] [ 12%] Built target velodyne_msgs__rosidl_generator_c
[0.369s] [ 12%] Built target ament_cmake_python_symlink_velodyne_msgs
[0.441s] [ 23%] Built target velodyne_msgs__rosidl_typesupport_introspection_c
[0.479s] [ 33%] Built target velodyne_msgs__rosidl_typesupport_fastrtps_c
[0.502s] [ 43%] Built target velodyne_msgs__rosidl_typesupport_c
[0.572s] [ 53%] Built target velodyne_msgs__rosidl_typesupport_introspection_cpp
[0.621s] [ 64%] Built target velodyne_msgs__rosidl_typesupport_cpp
[0.682s] [ 74%] Built target velodyne_msgs__rosidl_typesupport_fastrtps_cpp
[0.775s] [ 74%] Built target velodyne_msgs
[0.876s] [ 76%] Built target velodyne_msgs__py
[0.986s] [ 84%] Built target velodyne_msgs__rosidl_generator_py
[1.106s] [ 89%] Built target velodyne_msgs__rosidl_typesupport_introspection_c__pyext
[1.224s] [ 94%] Built target velodyne_msgs__rosidl_typesupport_c__pyext
[1.238s] [100%] Built target velodyne_msgs__rosidl_typesupport_fastrtps_c__pyext
[1.523s] running egg_info
[1.526s] writing velodyne_msgs.egg-info/PKG-INFO
[1.526s] writing dependency_links to velodyne_msgs.egg-info/dependency_links.txt
[1.528s] writing top-level names to velodyne_msgs.egg-info/top_level.txt
[1.549s] reading manifest file 'velodyne_msgs.egg-info/SOURCES.txt'
[1.551s] writing manifest file 'velodyne_msgs.egg-info/SOURCES.txt'
[1.647s] [100%] Built target ament_cmake_python_build_velodyne_msgs_egg
[1.690s] Invoked command in '/home/arcturus/Documents/AllSeaingVehicle2/build/velodyne_msgs' returned '0': CMAKE_PREFIX_PATH=/opt/ros/humble /usr/bin/cmake --build /home/arcturus/Documents/AllSeaingVehicle2/build/velodyne_msgs -- -j4 -l4
[2.073s] Invoking command in '/home/arcturus/Documents/AllSeaingVehicle2/build/velodyne_msgs': CMAKE_PREFIX_PATH=/opt/ros/humble /usr/bin/cmake --install /home/arcturus/Documents/AllSeaingVehicle2/build/velodyne_msgs
[2.102s] -- Install configuration: ""
[2.103s] -- Execute custom install script
[2.105s] -- Up-to-date symlink: /home/arcturus/Documents/AllSeaingVehicle2/install/velodyne_msgs/share/ament_index/resource_index/rosidl_interfaces/velodyne_msgs
[2.107s] -- Up-to-date symlink: /home/arcturus/Documents/AllSeaingVehicle2/install/velodyne_msgs/include/velodyne_msgs/velodyne_msgs/msg/detail/velodyne_packet__functions.h
[2.109s] -- Up-to-date symlink: /home/arcturus/Documents/AllSeaingVehicle2/install/velodyne_msgs/include/velodyne_msgs/velodyne_msgs/msg/detail/velodyne_packet__struct.h
[2.110s] -- Up-to-date symlink: /home/arcturus/Documents/AllSeaingVehicle2/install/velodyne_msgs/include/velodyne_msgs/velodyne_msgs/msg/detail/velodyne_packet__type_support.h
[2.110s] -- Up-to-date symlink: /home/arcturus/Documents/AllSeaingVehicle2/install/velodyne_msgs/include/velodyne_msgs/velodyne_msgs/msg/detail/velodyne_scan__functions.h
[2.111s] -- Up-to-date symlink: /home/arcturus/Documents/AllSeaingVehicle2/install/velodyne_msgs/include/velodyne_msgs/velodyne_msgs/msg/detail/velodyne_scan__struct.h
[2.111s] -- Up-to-date symlink: /home/arcturus/Documents/AllSeaingVehicle2/install/velodyne_msgs/include/velodyne_msgs/velodyne_msgs/msg/detail/velodyne_scan__type_support.h
[2.112s] -- Up-to-date symlink: /home/arcturus/Documents/AllSeaingVehicle2/install/velodyne_msgs/include/velodyne_msgs/velodyne_msgs/msg/rosidl_generator_c__visibility_control.h
[2.113s] -- Up-to-date symlink: /home/arcturus/Documents/AllSeaingVehicle2/install/velodyne_msgs/include/velodyne_msgs/velodyne_msgs/msg/velodyne_packet.h
[2.113s] -- Up-to-date symlink: /home/arcturus/Documents/AllSeaingVehicle2/install/velodyne_msgs/include/velodyne_msgs/velodyne_msgs/msg/velodyne_scan.h
[2.114s] -- Up-to-date symlink: /home/arcturus/Documents/AllSeaingVehicle2/install/velodyne_msgs/share/velodyne_msgs/environment/library_path.sh
[2.115s] -- Up-to-date symlink: /home/arcturus/Documents/AllSeaingVehicle2/install/velodyne_msgs/share/velodyne_msgs/environment/library_path.dsv
[2.117s] -- Up-to-date symlink: /home/arcturus/Documents/AllSeaingVehicle2/install/velodyne_msgs/include/velodyne_msgs/velodyne_msgs/msg/detail/velodyne_packet__rosidl_typesupport_fastrtps_c.h
[2.118s] -- Up-to-date symlink: /home/arcturus/Documents/AllSeaingVehicle2/install/velodyne_msgs/include/velodyne_msgs/velodyne_msgs/msg/detail/velodyne_scan__rosidl_typesupport_fastrtps_c.h
[2.118s] -- Up-to-date symlink: /home/arcturus/Documents/AllSeaingVehicle2/install/velodyne_msgs/include/velodyne_msgs/velodyne_msgs/msg/rosidl_typesupport_fastrtps_c__visibility_control.h
[2.120s] -- Up-to-date symlink: /home/arcturus/Documents/AllSeaingVehicle2/install/velodyne_msgs/include/velodyne_msgs/velodyne_msgs/msg/detail/velodyne_packet__builder.hpp
[2.121s] -- Up-to-date symlink: /home/arcturus/Documents/AllSeaingVehicle2/install/velodyne_msgs/include/velodyne_msgs/velodyne_msgs/msg/detail/velodyne_packet__struct.hpp
[2.121s] -- Up-to-date symlink: /home/arcturus/Documents/AllSeaingVehicle2/install/velodyne_msgs/include/velodyne_msgs/velodyne_msgs/msg/detail/velodyne_packet__traits.hpp
[2.122s] -- Up-to-date symlink: /home/arcturus/Documents/AllSeaingVehicle2/install/velodyne_msgs/include/velodyne_msgs/velodyne_msgs/msg/detail/velodyne_scan__builder.hpp
[2.123s] -- Up-to-date symlink: /home/arcturus/Documents/AllSeaingVehicle2/install/velodyne_msgs/include/velodyne_msgs/velodyne_msgs/msg/detail/velodyne_scan__struct.hpp
[2.124s] -- Up-to-date symlink: /home/arcturus/Documents/AllSeaingVehicle2/install/velodyne_msgs/include/velodyne_msgs/velodyne_msgs/msg/detail/velodyne_scan__traits.hpp
[2.124s] -- Up-to-date symlink: /home/arcturus/Documents/AllSeaingVehicle2/install/velodyne_msgs/include/velodyne_msgs/velodyne_msgs/msg/velodyne_packet.hpp
[2.125s] -- Up-to-date symlink: /home/arcturus/Documents/AllSeaingVehicle2/install/velodyne_msgs/include/velodyne_msgs/velodyne_msgs/msg/velodyne_scan.hpp
[2.127s] -- Up-to-date symlink: /home/arcturus/Documents/AllSeaingVehicle2/install/velodyne_msgs/include/velodyne_msgs/velodyne_msgs/msg/detail/velodyne_packet__rosidl_typesupport_fastrtps_cpp.hpp
[2.128s] -- Up-to-date symlink: /home/arcturus/Documents/AllSeaingVehicle2/install/velodyne_msgs/include/velodyne_msgs/velodyne_msgs/msg/detail/velodyne_scan__rosidl_typesupport_fastrtps_cpp.hpp
[2.128s] -- Up-to-date symlink: /home/arcturus/Documents/AllSeaingVehicle2/install/velodyne_msgs/include/velodyne_msgs/velodyne_msgs/msg/rosidl_typesupport_fastrtps_cpp__visibility_control.h
[2.130s] -- Up-to-date symlink: /home/arcturus/Documents/AllSeaingVehicle2/install/velodyne_msgs/include/velodyne_msgs/velodyne_msgs/msg/detail/velodyne_packet__rosidl_typesupport_introspection_c.h
[2.131s] -- Up-to-date symlink: /home/arcturus/Documents/AllSeaingVehicle2/install/velodyne_msgs/include/velodyne_msgs/velodyne_msgs/msg/detail/velodyne_scan__rosidl_typesupport_introspection_c.h
[2.131s] -- Up-to-date symlink: /home/arcturus/Documents/AllSeaingVehicle2/install/velodyne_msgs/include/velodyne_msgs/velodyne_msgs/msg/rosidl_typesupport_introspection_c__visibility_control.h
[2.133s] -- Up-to-date symlink: /home/arcturus/Documents/AllSeaingVehicle2/install/velodyne_msgs/include/velodyne_msgs/velodyne_msgs/msg/detail/velodyne_packet__rosidl_typesupport_introspection_cpp.hpp
[2.134s] -- Up-to-date symlink: /home/arcturus/Documents/AllSeaingVehicle2/install/velodyne_msgs/include/velodyne_msgs/velodyne_msgs/msg/detail/velodyne_scan__rosidl_typesupport_introspection_cpp.hpp
[2.134s] -- Up-to-date symlink: /home/arcturus/Documents/AllSeaingVehicle2/install/velodyne_msgs/share/velodyne_msgs/environment/pythonpath.sh
[2.135s] -- Up-to-date symlink: /home/arcturus/Documents/AllSeaingVehicle2/install/velodyne_msgs/share/velodyne_msgs/environment/pythonpath.dsv
[2.137s] -- Up-to-date symlink: /home/arcturus/Documents/AllSeaingVehicle2/install/velodyne_msgs/local/lib/python3.10/dist-packages/velodyne_msgs-2.4.0-py3.10.egg-info/PKG-INFO
[2.137s] -- Up-to-date symlink: /home/arcturus/Documents/AllSeaingVehicle2/install/velodyne_msgs/local/lib/python3.10/dist-packages/velodyne_msgs-2.4.0-py3.10.egg-info/SOURCES.txt
[2.138s] -- Up-to-date symlink: /home/arcturus/Documents/AllSeaingVehicle2/install/velodyne_msgs/local/lib/python3.10/dist-packages/velodyne_msgs-2.4.0-py3.10.egg-info/dependency_links.txt
[2.139s] -- Up-to-date symlink: /home/arcturus/Documents/AllSeaingVehicle2/install/velodyne_msgs/local/lib/python3.10/dist-packages/velodyne_msgs-2.4.0-py3.10.egg-info/top_level.txt
[2.142s] -- Up-to-date symlink: /home/arcturus/Documents/AllSeaingVehicle2/install/velodyne_msgs/local/lib/python3.10/dist-packages/velodyne_msgs/__init__.py
[2.142s] -- Up-to-date symlink: /home/arcturus/Documents/AllSeaingVehicle2/install/velodyne_msgs/local/lib/python3.10/dist-packages/velodyne_msgs/_velodyne_msgs_s.ep.rosidl_typesupport_c.c
[2.143s] -- Up-to-date symlink: /home/arcturus/Documents/AllSeaingVehicle2/install/velodyne_msgs/local/lib/python3.10/dist-packages/velodyne_msgs/_velodyne_msgs_s.ep.rosidl_typesupport_fastrtps_c.c
[2.144s] -- Up-to-date symlink: /home/arcturus/Documents/AllSeaingVehicle2/install/velodyne_msgs/local/lib/python3.10/dist-packages/velodyne_msgs/_velodyne_msgs_s.ep.rosidl_typesupport_introspection_c.c
[2.144s] -- Up-to-date symlink: /home/arcturus/Documents/AllSeaingVehicle2/install/velodyne_msgs/local/lib/python3.10/dist-packages/velodyne_msgs/libvelodyne_msgs__rosidl_generator_py.so
[2.145s] -- Up-to-date symlink: /home/arcturus/Documents/AllSeaingVehicle2/install/velodyne_msgs/local/lib/python3.10/dist-packages/velodyne_msgs/msg/__init__.py
[2.145s] -- Up-to-date symlink: /home/arcturus/Documents/AllSeaingVehicle2/install/velodyne_msgs/local/lib/python3.10/dist-packages/velodyne_msgs/msg/_velodyne_packet.py
[2.146s] -- Up-to-date symlink: /home/arcturus/Documents/AllSeaingVehicle2/install/velodyne_msgs/local/lib/python3.10/dist-packages/velodyne_msgs/msg/_velodyne_packet_s.c
[2.146s] -- Up-to-date symlink: /home/arcturus/Documents/AllSeaingVehicle2/install/velodyne_msgs/local/lib/python3.10/dist-packages/velodyne_msgs/msg/_velodyne_scan.py
[2.147s] -- Up-to-date symlink: /home/arcturus/Documents/AllSeaingVehicle2/install/velodyne_msgs/local/lib/python3.10/dist-packages/velodyne_msgs/msg/_velodyne_scan_s.c
[2.148s] -- Up-to-date symlink: /home/arcturus/Documents/AllSeaingVehicle2/install/velodyne_msgs/local/lib/python3.10/dist-packages/velodyne_msgs/velodyne_msgs_s__rosidl_typesupport_c.cpython-310-aarch64-linux-gnu.so
[2.148s] -- Up-to-date symlink: /home/arcturus/Documents/AllSeaingVehicle2/install/velodyne_msgs/local/lib/python3.10/dist-packages/velodyne_msgs/velodyne_msgs_s__rosidl_typesupport_fastrtps_c.cpython-310-aarch64-linux-gnu.so
[2.149s] -- Up-to-date symlink: /home/arcturus/Documents/AllSeaingVehicle2/install/velodyne_msgs/local/lib/python3.10/dist-packages/velodyne_msgs/velodyne_msgs_s__rosidl_typesupport_introspection_c.cpython-310-aarch64-linux-gnu.so
[2.150s] -- Up-to-date symlink: /home/arcturus/Documents/AllSeaingVehicle2/install/velodyne_msgs/local/lib/python3.10/dist-packages/velodyne_msgs/velodyne_msgs_s__rosidl_typesupport_fastrtps_c.cpython-310-aarch64-linux-gnu.so
[2.151s] -- Up-to-date symlink: /home/arcturus/Documents/AllSeaingVehicle2/install/velodyne_msgs/local/lib/python3.10/dist-packages/velodyne_msgs/velodyne_msgs_s__rosidl_typesupport_introspection_c.cpython-310-aarch64-linux-gnu.so
[2.152s] -- Up-to-date symlink: /home/arcturus/Documents/AllSeaingVehicle2/install/velodyne_msgs/local/lib/python3.10/dist-packages/velodyne_msgs/velodyne_msgs_s__rosidl_typesupport_c.cpython-310-aarch64-linux-gnu.so
[2.153s] -- Up-to-date symlink: /home/arcturus/Documents/AllSeaingVehicle2/install/velodyne_msgs/share/velodyne_msgs/msg/VelodynePacket.idl
[2.154s] -- Up-to-date symlink: /home/arcturus/Documents/AllSeaingVehicle2/install/velodyne_msgs/share/velodyne_msgs/msg/VelodyneScan.idl
[2.155s] -- Up-to-date symlink: /home/arcturus/Documents/AllSeaingVehicle2/install/velodyne_msgs/share/velodyne_msgs/msg/VelodynePacket.msg
[2.155s] -- Up-to-date symlink: /home/arcturus/Documents/AllSeaingVehicle2/install/velodyne_msgs/share/velodyne_msgs/msg/VelodyneScan.msg
[2.156s] -- Up-to-date symlink: /home/arcturus/Documents/AllSeaingVehicle2/install/velodyne_msgs/share/ament_index/resource_index/package_run_dependencies/velodyne_msgs
[2.157s] -- Up-to-date symlink: /home/arcturus/Documents/AllSeaingVehicle2/install/velodyne_msgs/share/ament_index/resource_index/parent_prefix_path/velodyne_msgs
[2.158s] -- Up-to-date symlink: /home/arcturus/Documents/AllSeaingVehicle2/install/velodyne_msgs/share/velodyne_msgs/environment/ament_prefix_path.sh
[2.159s] -- Up-to-date symlink: /home/arcturus/Documents/AllSeaingVehicle2/install/velodyne_msgs/share/velodyne_msgs/environment/ament_prefix_path.dsv
[2.160s] -- Up-to-date symlink: /home/arcturus/Documents/AllSeaingVehicle2/install/velodyne_msgs/share/velodyne_msgs/environment/path.sh
[2.160s] -- Up-to-date symlink: /home/arcturus/Documents/AllSeaingVehicle2/install/velodyne_msgs/share/velodyne_msgs/environment/path.dsv
[2.161s] -- Up-to-date symlink: /home/arcturus/Documents/AllSeaingVehicle2/install/velodyne_msgs/share/velodyne_msgs/local_setup.bash
[2.162s] -- Up-to-date symlink: /home/arcturus/Documents/AllSeaingVehicle2/install/velodyne_msgs/share/velodyne_msgs/local_setup.sh
[2.162s] -- Up-to-date symlink: /home/arcturus/Documents/AllSeaingVehicle2/install/velodyne_msgs/share/velodyne_msgs/local_setup.zsh
[2.163s] -- Up-to-date symlink: /home/arcturus/Documents/AllSeaingVehicle2/install/velodyne_msgs/share/velodyne_msgs/local_setup.dsv
[2.164s] -- Symlinking: /home/arcturus/Documents/AllSeaingVehicle2/install/velodyne_msgs/share/velodyne_msgs/package.dsv
[2.197s] -- Up-to-date symlink: /home/arcturus/Documents/AllSeaingVehicle2/install/velodyne_msgs/share/ament_index/resource_index/packages/velodyne_msgs
[2.197s] -- Up-to-date symlink: /home/arcturus/Documents/AllSeaingVehicle2/install/velodyne_msgs/share/velodyne_msgs/cmake/rosidl_cmake-extras.cmake
[2.197s] -- Up-to-date symlink: /home/arcturus/Documents/AllSeaingVehicle2/install/velodyne_msgs/share/velodyne_msgs/cmake/ament_cmake_export_dependencies-extras.cmake
[2.198s] -- Up-to-date symlink: /home/arcturus/Documents/AllSeaingVehicle2/install/velodyne_msgs/share/velodyne_msgs/cmake/ament_cmake_export_include_directories-extras.cmake
[2.199s] -- Up-to-date symlink: /home/arcturus/Documents/AllSeaingVehicle2/install/velodyne_msgs/share/velodyne_msgs/cmake/ament_cmake_export_libraries-extras.cmake
[2.200s] -- Up-to-date symlink: /home/arcturus/Documents/AllSeaingVehicle2/install/velodyne_msgs/share/velodyne_msgs/cmake/ament_cmake_export_targets-extras.cmake
[2.200s] -- Up-to-date symlink: /home/arcturus/Documents/AllSeaingVehicle2/install/velodyne_msgs/share/velodyne_msgs/cmake/rosidl_cmake_export_typesupport_targets-extras.cmake
[2.201s] -- Up-to-date symlink: /home/arcturus/Documents/AllSeaingVehicle2/install/velodyne_msgs/share/velodyne_msgs/cmake/rosidl_cmake_export_typesupport_libraries-extras.cmake
[2.202s] -- Up-to-date symlink: /home/arcturus/Documents/AllSeaingVehicle2/install/velodyne_msgs/share/velodyne_msgs/cmake/velodyne_msgsConfig.cmake
[2.202s] -- Up-to-date symlink: /home/arcturus/Documents/AllSeaingVehicle2/install/velodyne_msgs/share/velodyne_msgs/cmake/velodyne_msgsConfig-version.cmake
[2.203s] -- Up-to-date symlink: /home/arcturus/Documents/AllSeaingVehicle2/install/velodyne_msgs/share/velodyne_msgs/package.xml
[2.204s] -- Up-to-date: /home/arcturus/Documents/AllSeaingVehicle2/install/velodyne_msgs/lib/libvelodyne_msgs__rosidl_generator_c.so
[2.206s] -- Up-to-date: /home/arcturus/Documents/AllSeaingVehicle2/install/velodyne_msgs/lib/libvelodyne_msgs__rosidl_typesupport_fastrtps_c.so
[2.208s] -- Up-to-date: /home/arcturus/Documents/AllSeaingVehicle2/install/velodyne_msgs/lib/libvelodyne_msgs__rosidl_typesupport_fastrtps_cpp.so
[2.210s] -- Up-to-date: /home/arcturus/Documents/AllSeaingVehicle2/install/velodyne_msgs/lib/libvelodyne_msgs__rosidl_typesupport_introspection_c.so
[2.212s] -- Up-to-date: /home/arcturus/Documents/AllSeaingVehicle2/install/velodyne_msgs/lib/libvelodyne_msgs__rosidl_typesupport_c.so
[2.214s] -- Up-to-date: /home/arcturus/Documents/AllSeaingVehicle2/install/velodyne_msgs/lib/libvelodyne_msgs__rosidl_typesupport_introspection_cpp.so
[2.215s] -- Up-to-date: /home/arcturus/Documents/AllSeaingVehicle2/install/velodyne_msgs/lib/libvelodyne_msgs__rosidl_typesupport_cpp.so
[2.326s] Listing '/home/arcturus/Documents/AllSeaingVehicle2/install/velodyne_msgs/local/lib/python3.10/dist-packages/velodyne_msgs'...
[2.327s] Listing '/home/arcturus/Documents/AllSeaingVehicle2/install/velodyne_msgs/local/lib/python3.10/dist-packages/velodyne_msgs/msg'...
[2.341s] -- Up-to-date: /home/arcturus/Documents/AllSeaingVehicle2/install/velodyne_msgs/lib/libvelodyne_msgs__rosidl_generator_py.so
[2.343s] -- Up-to-date: /home/arcturus/Documents/AllSeaingVehicle2/install/velodyne_msgs/share/velodyne_msgs/cmake/export_velodyne_msgs__rosidl_generator_cExport.cmake
[2.343s] -- Up-to-date: /home/arcturus/Documents/AllSeaingVehicle2/install/velodyne_msgs/share/velodyne_msgs/cmake/export_velodyne_msgs__rosidl_generator_cExport-noconfig.cmake
[2.344s] -- Up-to-date: /home/arcturus/Documents/AllSeaingVehicle2/install/velodyne_msgs/share/velodyne_msgs/cmake/export_velodyne_msgs__rosidl_typesupport_fastrtps_cExport.cmake
[2.345s] -- Up-to-date: /home/arcturus/Documents/AllSeaingVehicle2/install/velodyne_msgs/share/velodyne_msgs/cmake/export_velodyne_msgs__rosidl_typesupport_fastrtps_cExport-noconfig.cmake
[2.345s] -- Up-to-date: /home/arcturus/Documents/AllSeaingVehicle2/install/velodyne_msgs/share/velodyne_msgs/cmake/export_velodyne_msgs__rosidl_generator_cppExport.cmake
[2.345s] -- Up-to-date: /home/arcturus/Documents/AllSeaingVehicle2/install/velodyne_msgs/share/velodyne_msgs/cmake/export_velodyne_msgs__rosidl_typesupport_fastrtps_cppExport.cmake
[2.346s] -- Up-to-date: /home/arcturus/Documents/AllSeaingVehicle2/install/velodyne_msgs/share/velodyne_msgs/cmake/export_velodyne_msgs__rosidl_typesupport_fastrtps_cppExport-noconfig.cmake
[2.346s] -- Up-to-date: /home/arcturus/Documents/AllSeaingVehicle2/install/velodyne_msgs/share/velodyne_msgs/cmake/velodyne_msgs__rosidl_typesupport_introspection_cExport.cmake
[2.347s] -- Up-to-date: /home/arcturus/Documents/AllSeaingVehicle2/install/velodyne_msgs/share/velodyne_msgs/cmake/velodyne_msgs__rosidl_typesupport_introspection_cExport-noconfig.cmake
[2.347s] -- Up-to-date: /home/arcturus/Documents/AllSeaingVehicle2/install/velodyne_msgs/share/velodyne_msgs/cmake/velodyne_msgs__rosidl_typesupport_cExport.cmake
[2.348s] -- Up-to-date: /home/arcturus/Documents/AllSeaingVehicle2/install/velodyne_msgs/share/velodyne_msgs/cmake/velodyne_msgs__rosidl_typesupport_cExport-noconfig.cmake
[2.348s] -- Up-to-date: /home/arcturus/Documents/AllSeaingVehicle2/install/velodyne_msgs/share/velodyne_msgs/cmake/velodyne_msgs__rosidl_typesupport_introspection_cppExport.cmake
[2.349s] -- Up-to-date: /home/arcturus/Documents/AllSeaingVehicle2/install/velodyne_msgs/share/velodyne_msgs/cmake/velodyne_msgs__rosidl_typesupport_introspection_cppExport-noconfig.cmake
[2.349s] -- Up-to-date: /home/arcturus/Documents/AllSeaingVehicle2/install/velodyne_msgs/share/velodyne_msgs/cmake/velodyne_msgs__rosidl_typesupport_cppExport.cmake
[2.350s] -- Up-to-date: /home/arcturus/Documents/AllSeaingVehicle2/install/velodyne_msgs/share/velodyne_msgs/cmake/velodyne_msgs__rosidl_typesupport_cppExport-noconfig.cmake
[2.350s] -- Up-to-date: /home/arcturus/Documents/AllSeaingVehicle2/install/velodyne_msgs/share/velodyne_msgs/cmake/export_velodyne_msgs__rosidl_generator_pyExport.cmake
[2.350s] -- Up-to-date: /home/arcturus/Documents/AllSeaingVehicle2/install/velodyne_msgs/share/velodyne_msgs/cmake/export_velodyne_msgs__rosidl_generator_pyExport-noconfig.cmake
[2.377s] Invoked command in '/home/arcturus/Documents/AllSeaingVehicle2/build/velodyne_msgs' returned '0': CMAKE_PREFIX_PATH=/opt/ros/humble /usr/bin/cmake --install /home/arcturus/Documents/AllSeaingVehicle2/build/velodyne_msgs
