[0.062s] Invoking command in '/home/arcturus/Documents/AllSeaingVehicle2/build/velodyne_laserscan': CMAKE_PREFIX_PATH=/opt/ros/humble /usr/bin/cmake --build /home/arcturus/Documents/AllSeaingVehicle2/build/velodyne_laserscan -- -j4 -l4
[0.331s] [ 50%] Built target velodyne_laserscan
[0.520s] [100%] Built target velodyne_laserscan_node
[0.573s] Invoked command in '/home/arcturus/Documents/AllSeaingVehicle2/build/velodyne_laserscan' returned '0': CMAKE_PREFIX_PATH=/opt/ros/humble /usr/bin/cmake --build /home/arcturus/Documents/AllSeaingVehicle2/build/velodyne_laserscan -- -j4 -l4
[0.753s] Invoking command in '/home/arcturus/Documents/AllSeaingVehicle2/build/velodyne_laserscan': CMAKE_PREFIX_PATH=/opt/ros/humble /usr/bin/cmake --install /home/arcturus/Documents/AllSeaingVehicle2/build/velodyne_laserscan
[0.791s] -- Install configuration: ""
[0.795s] -- Execute custom install script
[0.796s] -- Up-to-date symlink: /home/arcturus/Documents/AllSeaingVehicle2/install/velodyne_laserscan/lib/libvelodyne_laserscan.so
[0.798s] -- Up-to-date symlink: /home/arcturus/Documents/AllSeaingVehicle2/install/velodyne_laserscan/lib/velodyne_laserscan/velodyne_laserscan_node
[0.800s] -- Up-to-date symlink: /home/arcturus/Documents/AllSeaingVehicle2/install/velodyne_laserscan/include/velodyne_laserscan/velodyne_laserscan.hpp
[0.802s] -- Up-to-date symlink: /home/arcturus/Documents/AllSeaingVehicle2/install/velodyne_laserscan/share/velodyne_laserscan/config/default-velodyne_laserscan_node-params.yaml
[0.803s] -- Up-to-date symlink: /home/arcturus/Documents/AllSeaingVehicle2/install/velodyne_laserscan/share/velodyne_laserscan/launch/velodyne_laserscan_node-composed-launch.py
[0.804s] -- Up-to-date symlink: /home/arcturus/Documents/AllSeaingVehicle2/install/velodyne_laserscan/share/velodyne_laserscan/launch/velodyne_laserscan_node-launch.py
[0.805s] -- Up-to-date symlink: /home/arcturus/Documents/AllSeaingVehicle2/install/velodyne_laserscan/share/ament_index/resource_index/package_run_dependencies/velodyne_laserscan
[0.807s] -- Up-to-date symlink: /home/arcturus/Documents/AllSeaingVehicle2/install/velodyne_laserscan/share/ament_index/resource_index/parent_prefix_path/velodyne_laserscan
[0.808s] -- Up-to-date symlink: /home/arcturus/Documents/AllSeaingVehicle2/install/velodyne_laserscan/share/velodyne_laserscan/environment/ament_prefix_path.sh
[0.809s] -- Up-to-date symlink: /home/arcturus/Documents/AllSeaingVehicle2/install/velodyne_laserscan/share/velodyne_laserscan/environment/ament_prefix_path.dsv
[0.810s] -- Up-to-date symlink: /home/arcturus/Documents/AllSeaingVehicle2/install/velodyne_laserscan/share/velodyne_laserscan/environment/path.sh
[0.811s] -- Up-to-date symlink: /home/arcturus/Documents/AllSeaingVehicle2/install/velodyne_laserscan/share/velodyne_laserscan/environment/path.dsv
[0.812s] -- Up-to-date symlink: /home/arcturus/Documents/AllSeaingVehicle2/install/velodyne_laserscan/share/velodyne_laserscan/local_setup.bash
[0.813s] -- Up-to-date symlink: /home/arcturus/Documents/AllSeaingVehicle2/install/velodyne_laserscan/share/velodyne_laserscan/local_setup.sh
[0.815s] -- Up-to-date symlink: /home/arcturus/Documents/AllSeaingVehicle2/install/velodyne_laserscan/share/velodyne_laserscan/local_setup.zsh
[0.816s] -- Up-to-date symlink: /home/arcturus/Documents/AllSeaingVehicle2/install/velodyne_laserscan/share/velodyne_laserscan/local_setup.dsv
[0.816s] -- Symlinking: /home/arcturus/Documents/AllSeaingVehicle2/install/velodyne_laserscan/share/velodyne_laserscan/package.dsv
[0.852s] -- Up-to-date symlink: /home/arcturus/Documents/AllSeaingVehicle2/install/velodyne_laserscan/share/ament_index/resource_index/packages/velodyne_laserscan
[0.854s] -- Up-to-date symlink: /home/arcturus/Documents/AllSeaingVehicle2/install/velodyne_laserscan/share/ament_index/resource_index/rclcpp_components/velodyne_laserscan
[0.855s] -- Up-to-date symlink: /home/arcturus/Documents/AllSeaingVehicle2/install/velodyne_laserscan/share/velodyne_laserscan/cmake/velodyne_laserscanConfig.cmake
[0.855s] -- Up-to-date symlink: /home/arcturus/Documents/AllSeaingVehicle2/install/velodyne_laserscan/share/velodyne_laserscan/cmake/velodyne_laserscanConfig-version.cmake
[0.856s] -- Up-to-date symlink: /home/arcturus/Documents/AllSeaingVehicle2/install/velodyne_laserscan/share/velodyne_laserscan/package.xml
[0.873s] Invoked command in '/home/arcturus/Documents/AllSeaingVehicle2/build/velodyne_laserscan' returned '0': CMAKE_PREFIX_PATH=/opt/ros/humble /usr/bin/cmake --install /home/arcturus/Documents/AllSeaingVehicle2/build/velodyne_laserscan
