[1.114s] DEBUG:colcon:Command line arguments: ['/usr/bin/colcon', 'build', '--symlink-install']
[1.115s] DEBUG:colcon:Parsed command line arguments: Namespace(log_base=None, log_level=None, verb_name='build', build_base='build', install_base='install', merge_install=False, symlink_install=True, test_result_base=None, continue_on_error=False, executor='parallel', parallel_workers=4, event_handlers=None, ignore_user_meta=False, metas=['./colcon.meta'], base_paths=['.'], packages_ignore=None, packages_ignore_regex=None, paths=None, packages_up_to=None, packages_up_to_regex=None, packages_above=None, packages_above_and_dependencies=None, packages_above_depth=None, packages_select_by_dep=None, packages_skip_by_dep=None, packages_skip_up_to=None, packages_select_build_failed=False, packages_skip_build_finished=False, packages_select_test_failures=False, packages_skip_test_passed=False, packages_select=None, packages_skip=None, packages_select_regex=None, packages_skip_regex=None, packages_start=None, packages_end=None, allow_overriding=[], cmake_args=None, cmake_target=None, cmake_target_skip_unavailable=False, cmake_clean_cache=False, cmake_clean_first=False, cmake_force_configure=False, ament_cmake_args=None, catkin_cmake_args=None, catkin_skip_building_tests=False, verb_parser=<colcon_defaults.argument_parser.defaults.DefaultArgumentsDecorator object at 0xffff9d9d9660>, verb_extension=<colcon_core.verb.build.BuildVerb object at 0xffff9e244d60>, main=<bound method BuildVerb.main of <colcon_core.verb.build.BuildVerb object at 0xffff9e244d60>>)
[1.235s] Level 1:colcon.colcon_core.package_discovery:discover_packages(colcon_meta) check parameters
[1.235s] Level 1:colcon.colcon_core.package_discovery:discover_packages(recursive) check parameters
[1.235s] Level 1:colcon.colcon_core.package_discovery:discover_packages(ignore) check parameters
[1.235s] Level 1:colcon.colcon_core.package_discovery:discover_packages(path) check parameters
[1.235s] Level 1:colcon.colcon_core.package_discovery:discover_packages(colcon_meta) discover
[1.236s] Level 1:colcon.colcon_core.package_discovery:discover_packages(recursive) discover
[1.236s] INFO:colcon.colcon_core.package_discovery:Crawling recursively for packages in '/home/arcturus/Documents/AllSeaingVehicle2'
[1.236s] Level 1:colcon.colcon_core.package_identification:_identify(.) by extensions ['ignore', 'ignore_ament_install']
[1.237s] Level 1:colcon.colcon_core.package_identification:_identify(.) by extension 'ignore'
[1.237s] Level 1:colcon.colcon_core.package_identification:_identify(.) by extension 'ignore_ament_install'
[1.237s] Level 1:colcon.colcon_core.package_identification:_identify(.) by extensions ['colcon_pkg']
[1.237s] Level 1:colcon.colcon_core.package_identification:_identify(.) by extension 'colcon_pkg'
[1.237s] Level 1:colcon.colcon_core.package_identification:_identify(.) by extensions ['colcon_meta']
[1.238s] Level 1:colcon.colcon_core.package_identification:_identify(.) by extension 'colcon_meta'
[1.238s] Level 1:colcon.colcon_core.package_identification:_identify(.) by extensions ['ros']
[1.238s] Level 1:colcon.colcon_core.package_identification:_identify(.) by extension 'ros'
[1.281s] Level 1:colcon.colcon_core.package_identification:_identify(.) by extensions ['cmake', 'python']
[1.281s] Level 1:colcon.colcon_core.package_identification:_identify(.) by extension 'cmake'
[1.281s] Level 1:colcon.colcon_core.package_identification:_identify(.) by extension 'python'
[1.281s] Level 1:colcon.colcon_core.package_identification:_identify(.) by extensions ['python_setup_py']
[1.281s] Level 1:colcon.colcon_core.package_identification:_identify(.) by extension 'python_setup_py'
[1.282s] Level 1:colcon.colcon_core.package_identification:_identify(build) by extensions ['ignore', 'ignore_ament_install']
[1.283s] Level 1:colcon.colcon_core.package_identification:_identify(build) by extension 'ignore'
[1.283s] Level 1:colcon.colcon_core.package_identification:_identify(build) ignored
[1.283s] Level 1:colcon.colcon_core.package_identification:_identify(install) by extensions ['ignore', 'ignore_ament_install']
[1.284s] Level 1:colcon.colcon_core.package_identification:_identify(install) by extension 'ignore'
[1.284s] Level 1:colcon.colcon_core.package_identification:_identify(install) ignored
[1.284s] Level 1:colcon.colcon_core.package_identification:_identify(log) by extensions ['ignore', 'ignore_ament_install']
[1.285s] Level 1:colcon.colcon_core.package_identification:_identify(log) by extension 'ignore'
[1.285s] Level 1:colcon.colcon_core.package_identification:_identify(log) ignored
[1.285s] Level 1:colcon.colcon_core.package_identification:_identify(src) by extensions ['ignore', 'ignore_ament_install']
[1.285s] Level 1:colcon.colcon_core.package_identification:_identify(src) by extension 'ignore'
[1.285s] Level 1:colcon.colcon_core.package_identification:_identify(src) by extension 'ignore_ament_install'
[1.286s] Level 1:colcon.colcon_core.package_identification:_identify(src) by extensions ['colcon_pkg']
[1.286s] Level 1:colcon.colcon_core.package_identification:_identify(src) by extension 'colcon_pkg'
[1.286s] Level 1:colcon.colcon_core.package_identification:_identify(src) by extensions ['colcon_meta']
[1.286s] Level 1:colcon.colcon_core.package_identification:_identify(src) by extension 'colcon_meta'
[1.286s] Level 1:colcon.colcon_core.package_identification:_identify(src) by extensions ['ros']
[1.286s] Level 1:colcon.colcon_core.package_identification:_identify(src) by extension 'ros'
[1.287s] Level 1:colcon.colcon_core.package_identification:_identify(src) by extensions ['cmake', 'python']
[1.287s] Level 1:colcon.colcon_core.package_identification:_identify(src) by extension 'cmake'
[1.287s] Level 1:colcon.colcon_core.package_identification:_identify(src) by extension 'python'
[1.287s] Level 1:colcon.colcon_core.package_identification:_identify(src) by extensions ['python_setup_py']
[1.287s] Level 1:colcon.colcon_core.package_identification:_identify(src) by extension 'python_setup_py'
[1.288s] Level 1:colcon.colcon_core.package_identification:_identify(src/velodyne) by extensions ['ignore', 'ignore_ament_install']
[1.288s] Level 1:colcon.colcon_core.package_identification:_identify(src/velodyne) by extension 'ignore'
[1.288s] Level 1:colcon.colcon_core.package_identification:_identify(src/velodyne) by extension 'ignore_ament_install'
[1.288s] Level 1:colcon.colcon_core.package_identification:_identify(src/velodyne) by extensions ['colcon_pkg']
[1.288s] Level 1:colcon.colcon_core.package_identification:_identify(src/velodyne) by extension 'colcon_pkg'
[1.289s] Level 1:colcon.colcon_core.package_identification:_identify(src/velodyne) by extensions ['colcon_meta']
[1.289s] Level 1:colcon.colcon_core.package_identification:_identify(src/velodyne) by extension 'colcon_meta'
[1.289s] Level 1:colcon.colcon_core.package_identification:_identify(src/velodyne) by extensions ['ros']
[1.289s] Level 1:colcon.colcon_core.package_identification:_identify(src/velodyne) by extension 'ros'
[1.289s] Level 1:colcon.colcon_core.package_identification:_identify(src/velodyne) by extensions ['cmake', 'python']
[1.289s] Level 1:colcon.colcon_core.package_identification:_identify(src/velodyne) by extension 'cmake'
[1.289s] Level 1:colcon.colcon_core.package_identification:_identify(src/velodyne) by extension 'python'
[1.290s] Level 1:colcon.colcon_core.package_identification:_identify(src/velodyne) by extensions ['python_setup_py']
[1.290s] Level 1:colcon.colcon_core.package_identification:_identify(src/velodyne) by extension 'python_setup_py'
[1.290s] Level 1:colcon.colcon_core.package_identification:_identify(src/velodyne/velodyne) by extensions ['ignore', 'ignore_ament_install']
[1.290s] Level 1:colcon.colcon_core.package_identification:_identify(src/velodyne/velodyne) by extension 'ignore'
[1.291s] Level 1:colcon.colcon_core.package_identification:_identify(src/velodyne/velodyne) by extension 'ignore_ament_install'
[1.291s] Level 1:colcon.colcon_core.package_identification:_identify(src/velodyne/velodyne) by extensions ['colcon_pkg']
[1.291s] Level 1:colcon.colcon_core.package_identification:_identify(src/velodyne/velodyne) by extension 'colcon_pkg'
[1.291s] Level 1:colcon.colcon_core.package_identification:_identify(src/velodyne/velodyne) by extensions ['colcon_meta']
[1.291s] Level 1:colcon.colcon_core.package_identification:_identify(src/velodyne/velodyne) by extension 'colcon_meta'
[1.291s] Level 1:colcon.colcon_core.package_identification:_identify(src/velodyne/velodyne) by extensions ['ros']
[1.291s] Level 1:colcon.colcon_core.package_identification:_identify(src/velodyne/velodyne) by extension 'ros'
[1.300s] DEBUG:colcon.colcon_core.package_identification:Package 'src/velodyne/velodyne' with type 'ros.ament_cmake' and name 'velodyne'
[1.301s] Level 1:colcon.colcon_core.package_identification:_identify(src/velodyne/velodyne_driver) by extensions ['ignore', 'ignore_ament_install']
[1.301s] Level 1:colcon.colcon_core.package_identification:_identify(src/velodyne/velodyne_driver) by extension 'ignore'
[1.301s] Level 1:colcon.colcon_core.package_identification:_identify(src/velodyne/velodyne_driver) by extension 'ignore_ament_install'
[1.301s] Level 1:colcon.colcon_core.package_identification:_identify(src/velodyne/velodyne_driver) by extensions ['colcon_pkg']
[1.301s] Level 1:colcon.colcon_core.package_identification:_identify(src/velodyne/velodyne_driver) by extension 'colcon_pkg'
[1.302s] Level 1:colcon.colcon_core.package_identification:_identify(src/velodyne/velodyne_driver) by extensions ['colcon_meta']
[1.302s] Level 1:colcon.colcon_core.package_identification:_identify(src/velodyne/velodyne_driver) by extension 'colcon_meta'
[1.302s] Level 1:colcon.colcon_core.package_identification:_identify(src/velodyne/velodyne_driver) by extensions ['ros']
[1.302s] Level 1:colcon.colcon_core.package_identification:_identify(src/velodyne/velodyne_driver) by extension 'ros'
[1.306s] DEBUG:colcon.colcon_core.package_identification:Package 'src/velodyne/velodyne_driver' with type 'ros.ament_cmake' and name 'velodyne_driver'
[1.307s] Level 1:colcon.colcon_core.package_identification:_identify(src/velodyne/velodyne_laserscan) by extensions ['ignore', 'ignore_ament_install']
[1.307s] Level 1:colcon.colcon_core.package_identification:_identify(src/velodyne/velodyne_laserscan) by extension 'ignore'
[1.307s] Level 1:colcon.colcon_core.package_identification:_identify(src/velodyne/velodyne_laserscan) by extension 'ignore_ament_install'
[1.307s] Level 1:colcon.colcon_core.package_identification:_identify(src/velodyne/velodyne_laserscan) by extensions ['colcon_pkg']
[1.308s] Level 1:colcon.colcon_core.package_identification:_identify(src/velodyne/velodyne_laserscan) by extension 'colcon_pkg'
[1.308s] Level 1:colcon.colcon_core.package_identification:_identify(src/velodyne/velodyne_laserscan) by extensions ['colcon_meta']
[1.308s] Level 1:colcon.colcon_core.package_identification:_identify(src/velodyne/velodyne_laserscan) by extension 'colcon_meta'
[1.308s] Level 1:colcon.colcon_core.package_identification:_identify(src/velodyne/velodyne_laserscan) by extensions ['ros']
[1.308s] Level 1:colcon.colcon_core.package_identification:_identify(src/velodyne/velodyne_laserscan) by extension 'ros'
[1.311s] DEBUG:colcon.colcon_core.package_identification:Package 'src/velodyne/velodyne_laserscan' with type 'ros.ament_cmake' and name 'velodyne_laserscan'
[1.311s] Level 1:colcon.colcon_core.package_identification:_identify(src/velodyne/velodyne_msgs) by extensions ['ignore', 'ignore_ament_install']
[1.311s] Level 1:colcon.colcon_core.package_identification:_identify(src/velodyne/velodyne_msgs) by extension 'ignore'
[1.312s] Level 1:colcon.colcon_core.package_identification:_identify(src/velodyne/velodyne_msgs) by extension 'ignore_ament_install'
[1.312s] Level 1:colcon.colcon_core.package_identification:_identify(src/velodyne/velodyne_msgs) by extensions ['colcon_pkg']
[1.312s] Level 1:colcon.colcon_core.package_identification:_identify(src/velodyne/velodyne_msgs) by extension 'colcon_pkg'
[1.312s] Level 1:colcon.colcon_core.package_identification:_identify(src/velodyne/velodyne_msgs) by extensions ['colcon_meta']
[1.312s] Level 1:colcon.colcon_core.package_identification:_identify(src/velodyne/velodyne_msgs) by extension 'colcon_meta'
[1.313s] Level 1:colcon.colcon_core.package_identification:_identify(src/velodyne/velodyne_msgs) by extensions ['ros']
[1.313s] Level 1:colcon.colcon_core.package_identification:_identify(src/velodyne/velodyne_msgs) by extension 'ros'
[1.315s] DEBUG:colcon.colcon_core.package_identification:Package 'src/velodyne/velodyne_msgs' with type 'ros.ament_cmake' and name 'velodyne_msgs'
[1.316s] Level 1:colcon.colcon_core.package_identification:_identify(src/velodyne/velodyne_pointcloud) by extensions ['ignore', 'ignore_ament_install']
[1.316s] Level 1:colcon.colcon_core.package_identification:_identify(src/velodyne/velodyne_pointcloud) by extension 'ignore'
[1.316s] Level 1:colcon.colcon_core.package_identification:_identify(src/velodyne/velodyne_pointcloud) by extension 'ignore_ament_install'
[1.317s] Level 1:colcon.colcon_core.package_identification:_identify(src/velodyne/velodyne_pointcloud) by extensions ['colcon_pkg']
[1.317s] Level 1:colcon.colcon_core.package_identification:_identify(src/velodyne/velodyne_pointcloud) by extension 'colcon_pkg'
[1.317s] Level 1:colcon.colcon_core.package_identification:_identify(src/velodyne/velodyne_pointcloud) by extensions ['colcon_meta']
[1.317s] Level 1:colcon.colcon_core.package_identification:_identify(src/velodyne/velodyne_pointcloud) by extension 'colcon_meta'
[1.317s] Level 1:colcon.colcon_core.package_identification:_identify(src/velodyne/velodyne_pointcloud) by extensions ['ros']
[1.317s] Level 1:colcon.colcon_core.package_identification:_identify(src/velodyne/velodyne_pointcloud) by extension 'ros'
[1.322s] DEBUG:colcon.colcon_core.package_identification:Package 'src/velodyne/velodyne_pointcloud' with type 'ros.ament_cmake' and name 'velodyne_pointcloud'
[1.323s] Level 1:colcon.colcon_core.package_discovery:discover_packages(recursive) using defaults
[1.323s] Level 1:colcon.colcon_core.package_discovery:discover_packages(ignore) discover
[1.323s] Level 1:colcon.colcon_core.package_discovery:discover_packages(ignore) using defaults
[1.323s] Level 1:colcon.colcon_core.package_discovery:discover_packages(path) discover
[1.323s] Level 1:colcon.colcon_core.package_discovery:discover_packages(path) using defaults
[1.404s] Level 1:colcon.colcon_core.package_discovery:discover_packages(prefix_path) check parameters
[1.404s] Level 1:colcon.colcon_core.package_discovery:discover_packages(prefix_path) discover
[1.418s] DEBUG:colcon.colcon_installed_package_information.package_discovery:Found 271 installed packages in /opt/ros/humble
[1.423s] Level 1:colcon.colcon_core.package_discovery:discover_packages(prefix_path) using defaults
[1.643s] Level 5:colcon.colcon_core.verb:set package 'velodyne_laserscan' build argument 'cmake_args' from command line to 'None'
[1.643s] Level 5:colcon.colcon_core.verb:set package 'velodyne_laserscan' build argument 'cmake_target' from command line to 'None'
[1.644s] Level 5:colcon.colcon_core.verb:set package 'velodyne_laserscan' build argument 'cmake_target_skip_unavailable' from command line to 'False'
[1.644s] Level 5:colcon.colcon_core.verb:set package 'velodyne_laserscan' build argument 'cmake_clean_cache' from command line to 'False'
[1.644s] Level 5:colcon.colcon_core.verb:set package 'velodyne_laserscan' build argument 'cmake_clean_first' from command line to 'False'
[1.644s] Level 5:colcon.colcon_core.verb:set package 'velodyne_laserscan' build argument 'cmake_force_configure' from command line to 'False'
[1.644s] Level 5:colcon.colcon_core.verb:set package 'velodyne_laserscan' build argument 'ament_cmake_args' from command line to 'None'
[1.644s] Level 5:colcon.colcon_core.verb:set package 'velodyne_laserscan' build argument 'catkin_cmake_args' from command line to 'None'
[1.645s] Level 5:colcon.colcon_core.verb:set package 'velodyne_laserscan' build argument 'catkin_skip_building_tests' from command line to 'False'
[1.645s] DEBUG:colcon.colcon_core.verb:Building package 'velodyne_laserscan' with the following arguments: {'ament_cmake_args': None, 'build_base': '/home/arcturus/Documents/AllSeaingVehicle2/build/velodyne_laserscan', 'catkin_cmake_args': None, 'catkin_skip_building_tests': False, 'cmake_args': None, 'cmake_clean_cache': False, 'cmake_clean_first': False, 'cmake_force_configure': False, 'cmake_target': None, 'cmake_target_skip_unavailable': False, 'install_base': '/home/arcturus/Documents/AllSeaingVehicle2/install/velodyne_laserscan', 'merge_install': False, 'path': '/home/arcturus/Documents/AllSeaingVehicle2/src/velodyne/velodyne_laserscan', 'symlink_install': True, 'test_result_base': None}
[1.648s] Level 5:colcon.colcon_core.verb:set package 'velodyne_msgs' build argument 'cmake_args' from command line to 'None'
[1.648s] Level 5:colcon.colcon_core.verb:set package 'velodyne_msgs' build argument 'cmake_target' from command line to 'None'
[1.648s] Level 5:colcon.colcon_core.verb:set package 'velodyne_msgs' build argument 'cmake_target_skip_unavailable' from command line to 'False'
[1.648s] Level 5:colcon.colcon_core.verb:set package 'velodyne_msgs' build argument 'cmake_clean_cache' from command line to 'False'
[1.649s] Level 5:colcon.colcon_core.verb:set package 'velodyne_msgs' build argument 'cmake_clean_first' from command line to 'False'
[1.649s] Level 5:colcon.colcon_core.verb:set package 'velodyne_msgs' build argument 'cmake_force_configure' from command line to 'False'
[1.649s] Level 5:colcon.colcon_core.verb:set package 'velodyne_msgs' build argument 'ament_cmake_args' from command line to 'None'
[1.649s] Level 5:colcon.colcon_core.verb:set package 'velodyne_msgs' build argument 'catkin_cmake_args' from command line to 'None'
[1.649s] Level 5:colcon.colcon_core.verb:set package 'velodyne_msgs' build argument 'catkin_skip_building_tests' from command line to 'False'
[1.649s] DEBUG:colcon.colcon_core.verb:Building package 'velodyne_msgs' with the following arguments: {'ament_cmake_args': None, 'build_base': '/home/arcturus/Documents/AllSeaingVehicle2/build/velodyne_msgs', 'catkin_cmake_args': None, 'catkin_skip_building_tests': False, 'cmake_args': None, 'cmake_clean_cache': False, 'cmake_clean_first': False, 'cmake_force_configure': False, 'cmake_target': None, 'cmake_target_skip_unavailable': False, 'install_base': '/home/arcturus/Documents/AllSeaingVehicle2/install/velodyne_msgs', 'merge_install': False, 'path': '/home/arcturus/Documents/AllSeaingVehicle2/src/velodyne/velodyne_msgs', 'symlink_install': True, 'test_result_base': None}
[1.652s] Level 5:colcon.colcon_core.verb:set package 'velodyne_driver' build argument 'cmake_args' from command line to 'None'
[1.652s] Level 5:colcon.colcon_core.verb:set package 'velodyne_driver' build argument 'cmake_target' from command line to 'None'
[1.653s] Level 5:colcon.colcon_core.verb:set package 'velodyne_driver' build argument 'cmake_target_skip_unavailable' from command line to 'False'
[1.653s] Level 5:colcon.colcon_core.verb:set package 'velodyne_driver' build argument 'cmake_clean_cache' from command line to 'False'
[1.653s] Level 5:colcon.colcon_core.verb:set package 'velodyne_driver' build argument 'cmake_clean_first' from command line to 'False'
[1.653s] Level 5:colcon.colcon_core.verb:set package 'velodyne_driver' build argument 'cmake_force_configure' from command line to 'False'
[1.653s] Level 5:colcon.colcon_core.verb:set package 'velodyne_driver' build argument 'ament_cmake_args' from command line to 'None'
[1.653s] Level 5:colcon.colcon_core.verb:set package 'velodyne_driver' build argument 'catkin_cmake_args' from command line to 'None'
[1.653s] Level 5:colcon.colcon_core.verb:set package 'velodyne_driver' build argument 'catkin_skip_building_tests' from command line to 'False'
[1.653s] DEBUG:colcon.colcon_core.verb:Building package 'velodyne_driver' with the following arguments: {'ament_cmake_args': None, 'build_base': '/home/arcturus/Documents/AllSeaingVehicle2/build/velodyne_driver', 'catkin_cmake_args': None, 'catkin_skip_building_tests': False, 'cmake_args': None, 'cmake_clean_cache': False, 'cmake_clean_first': False, 'cmake_force_configure': False, 'cmake_target': None, 'cmake_target_skip_unavailable': False, 'install_base': '/home/arcturus/Documents/AllSeaingVehicle2/install/velodyne_driver', 'merge_install': False, 'path': '/home/arcturus/Documents/AllSeaingVehicle2/src/velodyne/velodyne_driver', 'symlink_install': True, 'test_result_base': None}
[1.656s] Level 5:colcon.colcon_core.verb:set package 'velodyne_pointcloud' build argument 'cmake_args' from command line to 'None'
[1.657s] Level 5:colcon.colcon_core.verb:set package 'velodyne_pointcloud' build argument 'cmake_target' from command line to 'None'
[1.657s] Level 5:colcon.colcon_core.verb:set package 'velodyne_pointcloud' build argument 'cmake_target_skip_unavailable' from command line to 'False'
[1.657s] Level 5:colcon.colcon_core.verb:set package 'velodyne_pointcloud' build argument 'cmake_clean_cache' from command line to 'False'
[1.657s] Level 5:colcon.colcon_core.verb:set package 'velodyne_pointcloud' build argument 'cmake_clean_first' from command line to 'False'
[1.657s] Level 5:colcon.colcon_core.verb:set package 'velodyne_pointcloud' build argument 'cmake_force_configure' from command line to 'False'
[1.657s] Level 5:colcon.colcon_core.verb:set package 'velodyne_pointcloud' build argument 'ament_cmake_args' from command line to 'None'
[1.657s] Level 5:colcon.colcon_core.verb:set package 'velodyne_pointcloud' build argument 'catkin_cmake_args' from command line to 'None'
[1.657s] Level 5:colcon.colcon_core.verb:set package 'velodyne_pointcloud' build argument 'catkin_skip_building_tests' from command line to 'False'
[1.657s] DEBUG:colcon.colcon_core.verb:Building package 'velodyne_pointcloud' with the following arguments: {'ament_cmake_args': None, 'build_base': '/home/arcturus/Documents/AllSeaingVehicle2/build/velodyne_pointcloud', 'catkin_cmake_args': None, 'catkin_skip_building_tests': False, 'cmake_args': None, 'cmake_clean_cache': False, 'cmake_clean_first': False, 'cmake_force_configure': False, 'cmake_target': None, 'cmake_target_skip_unavailable': False, 'install_base': '/home/arcturus/Documents/AllSeaingVehicle2/install/velodyne_pointcloud', 'merge_install': False, 'path': '/home/arcturus/Documents/AllSeaingVehicle2/src/velodyne/velodyne_pointcloud', 'symlink_install': True, 'test_result_base': None}
[1.661s] Level 5:colcon.colcon_core.verb:set package 'velodyne' build argument 'cmake_args' from command line to 'None'
[1.661s] Level 5:colcon.colcon_core.verb:set package 'velodyne' build argument 'cmake_target' from command line to 'None'
[1.661s] Level 5:colcon.colcon_core.verb:set package 'velodyne' build argument 'cmake_target_skip_unavailable' from command line to 'False'
[1.661s] Level 5:colcon.colcon_core.verb:set package 'velodyne' build argument 'cmake_clean_cache' from command line to 'False'
[1.661s] Level 5:colcon.colcon_core.verb:set package 'velodyne' build argument 'cmake_clean_first' from command line to 'False'
[1.661s] Level 5:colcon.colcon_core.verb:set package 'velodyne' build argument 'cmake_force_configure' from command line to 'False'
[1.661s] Level 5:colcon.colcon_core.verb:set package 'velodyne' build argument 'ament_cmake_args' from command line to 'None'
[1.661s] Level 5:colcon.colcon_core.verb:set package 'velodyne' build argument 'catkin_cmake_args' from command line to 'None'
[1.661s] Level 5:colcon.colcon_core.verb:set package 'velodyne' build argument 'catkin_skip_building_tests' from command line to 'False'
[1.662s] DEBUG:colcon.colcon_core.verb:Building package 'velodyne' with the following arguments: {'ament_cmake_args': None, 'build_base': '/home/arcturus/Documents/AllSeaingVehicle2/build/velodyne', 'catkin_cmake_args': None, 'catkin_skip_building_tests': False, 'cmake_args': None, 'cmake_clean_cache': False, 'cmake_clean_first': False, 'cmake_force_configure': False, 'cmake_target': None, 'cmake_target_skip_unavailable': False, 'install_base': '/home/arcturus/Documents/AllSeaingVehicle2/install/velodyne', 'merge_install': False, 'path': '/home/arcturus/Documents/AllSeaingVehicle2/src/velodyne/velodyne', 'symlink_install': True, 'test_result_base': None}
[1.663s] INFO:colcon.colcon_core.executor:Executing jobs using 'parallel' executor
[1.674s] DEBUG:colcon.colcon_parallel_executor.executor.parallel:run_until_complete
[1.677s] INFO:colcon.colcon_ros.task.ament_cmake.build:Building ROS package in '/home/arcturus/Documents/AllSeaingVehicle2/src/velodyne/velodyne_msgs' with build type 'ament_cmake'
[1.677s] INFO:colcon.colcon_cmake.task.cmake.build:Building CMake package in '/home/arcturus/Documents/AllSeaingVehicle2/src/velodyne/velodyne_msgs'
[1.693s] INFO:colcon.colcon_core.plugin_system:Skipping extension 'colcon_core.shell.bat': Not used on non-Windows systems
[1.694s] INFO:colcon.colcon_core.shell:Skip shell extension 'powershell' for command environment: Not usable outside of PowerShell
[1.694s] DEBUG:colcon.colcon_core.shell:Skip shell extension 'dsv' for command environment
[1.711s] INFO:colcon.colcon_ros.task.ament_cmake.build:Building ROS package in '/home/arcturus/Documents/AllSeaingVehicle2/src/velodyne/velodyne_laserscan' with build type 'ament_cmake'
[1.712s] INFO:colcon.colcon_cmake.task.cmake.build:Building CMake package in '/home/arcturus/Documents/AllSeaingVehicle2/src/velodyne/velodyne_laserscan'
[1.720s] INFO:colcon.colcon_core.shell:Skip shell extension 'powershell' for command environment: Not usable outside of PowerShell
[1.721s] DEBUG:colcon.colcon_core.shell:Skip shell extension 'dsv' for command environment
[1.762s] DEBUG:colcon.colcon_core.event_handler.log_command:Invoking command in '/home/arcturus/Documents/AllSeaingVehicle2/build/velodyne_msgs': CMAKE_PREFIX_PATH=/opt/ros/humble /usr/bin/cmake --build /home/arcturus/Documents/AllSeaingVehicle2/build/velodyne_msgs -- -j4 -l4
[1.780s] DEBUG:colcon.colcon_core.event_handler.log_command:Invoking command in '/home/arcturus/Documents/AllSeaingVehicle2/build/velodyne_laserscan': CMAKE_PREFIX_PATH=/opt/ros/humble /usr/bin/cmake --build /home/arcturus/Documents/AllSeaingVehicle2/build/velodyne_laserscan -- -j4 -l4
[2.291s] DEBUG:colcon.colcon_core.event_handler.log_command:Invoked command in '/home/arcturus/Documents/AllSeaingVehicle2/build/velodyne_laserscan' returned '0': CMAKE_PREFIX_PATH=/opt/ros/humble /usr/bin/cmake --build /home/arcturus/Documents/AllSeaingVehicle2/build/velodyne_laserscan -- -j4 -l4
[2.471s] DEBUG:colcon.colcon_core.event_handler.log_command:Invoking command in '/home/arcturus/Documents/AllSeaingVehicle2/build/velodyne_laserscan': CMAKE_PREFIX_PATH=/opt/ros/humble /usr/bin/cmake --install /home/arcturus/Documents/AllSeaingVehicle2/build/velodyne_laserscan
[2.582s] Level 1:colcon.colcon_core.environment:create_environment_scripts_only(velodyne_laserscan)
[2.591s] DEBUG:colcon.colcon_core.event_handler.log_command:Invoked command in '/home/arcturus/Documents/AllSeaingVehicle2/build/velodyne_laserscan' returned '0': CMAKE_PREFIX_PATH=/opt/ros/humble /usr/bin/cmake --install /home/arcturus/Documents/AllSeaingVehicle2/build/velodyne_laserscan
[2.605s] Level 1:colcon.colcon_core.environment:checking '/home/arcturus/Documents/AllSeaingVehicle2/install/velodyne_laserscan' for CMake module files
[2.608s] Level 1:colcon.colcon_core.environment:checking '/home/arcturus/Documents/AllSeaingVehicle2/install/velodyne_laserscan' for CMake config files
[2.610s] Level 1:colcon.colcon_core.shell:create_environment_hook('velodyne_laserscan', 'cmake_prefix_path')
[2.615s] INFO:colcon.colcon_core.shell:Creating environment hook '/home/arcturus/Documents/AllSeaingVehicle2/install/velodyne_laserscan/share/velodyne_laserscan/hook/cmake_prefix_path.ps1'
[2.619s] INFO:colcon.colcon_core.shell:Creating environment descriptor '/home/arcturus/Documents/AllSeaingVehicle2/install/velodyne_laserscan/share/velodyne_laserscan/hook/cmake_prefix_path.dsv'
[2.624s] INFO:colcon.colcon_core.shell:Creating environment hook '/home/arcturus/Documents/AllSeaingVehicle2/install/velodyne_laserscan/share/velodyne_laserscan/hook/cmake_prefix_path.sh'
[2.628s] Level 1:colcon.colcon_core.environment:checking '/home/arcturus/Documents/AllSeaingVehicle2/install/velodyne_laserscan/lib'
[2.629s] Level 1:colcon.colcon_core.shell:create_environment_hook('velodyne_laserscan', 'ld_library_path_lib')
[2.635s] INFO:colcon.colcon_core.shell:Creating environment hook '/home/arcturus/Documents/AllSeaingVehicle2/install/velodyne_laserscan/share/velodyne_laserscan/hook/ld_library_path_lib.ps1'
[2.637s] INFO:colcon.colcon_core.shell:Creating environment descriptor '/home/arcturus/Documents/AllSeaingVehicle2/install/velodyne_laserscan/share/velodyne_laserscan/hook/ld_library_path_lib.dsv'
[2.639s] INFO:colcon.colcon_core.shell:Creating environment hook '/home/arcturus/Documents/AllSeaingVehicle2/install/velodyne_laserscan/share/velodyne_laserscan/hook/ld_library_path_lib.sh'
[2.640s] Level 1:colcon.colcon_core.environment:checking '/home/arcturus/Documents/AllSeaingVehicle2/install/velodyne_laserscan/bin'
[2.640s] Level 1:colcon.colcon_core.environment:checking '/home/arcturus/Documents/AllSeaingVehicle2/install/velodyne_laserscan/lib/pkgconfig/velodyne_laserscan.pc'
[2.641s] Level 1:colcon.colcon_core.environment:checking '/home/arcturus/Documents/AllSeaingVehicle2/install/velodyne_laserscan/lib/python3.10/site-packages'
[2.642s] Level 1:colcon.colcon_core.environment:checking '/home/arcturus/Documents/AllSeaingVehicle2/install/velodyne_laserscan/bin'
[2.648s] INFO:colcon.colcon_core.shell:Creating package script '/home/arcturus/Documents/AllSeaingVehicle2/install/velodyne_laserscan/share/velodyne_laserscan/package.ps1'
[2.651s] INFO:colcon.colcon_core.shell:Creating package descriptor '/home/arcturus/Documents/AllSeaingVehicle2/install/velodyne_laserscan/share/velodyne_laserscan/package.dsv'
[2.654s] INFO:colcon.colcon_core.shell:Creating package script '/home/arcturus/Documents/AllSeaingVehicle2/install/velodyne_laserscan/share/velodyne_laserscan/package.sh'
[2.658s] INFO:colcon.colcon_core.shell:Creating package script '/home/arcturus/Documents/AllSeaingVehicle2/install/velodyne_laserscan/share/velodyne_laserscan/package.bash'
[2.661s] INFO:colcon.colcon_core.shell:Creating package script '/home/arcturus/Documents/AllSeaingVehicle2/install/velodyne_laserscan/share/velodyne_laserscan/package.zsh'
[2.664s] Level 1:colcon.colcon_core.environment:create_file_with_runtime_dependencies(/home/arcturus/Documents/AllSeaingVehicle2/install/velodyne_laserscan/share/colcon-core/packages/velodyne_laserscan)
[2.808s] Level 1:colcon.colcon_core.environment:create_environment_scripts_only(velodyne_laserscan)
[2.816s] Level 1:colcon.colcon_core.environment:checking '/home/arcturus/Documents/AllSeaingVehicle2/install/velodyne_laserscan' for CMake module files
[2.819s] Level 1:colcon.colcon_core.environment:checking '/home/arcturus/Documents/AllSeaingVehicle2/install/velodyne_laserscan' for CMake config files
[2.822s] Level 1:colcon.colcon_core.shell:create_environment_hook('velodyne_laserscan', 'cmake_prefix_path')
[2.829s] INFO:colcon.colcon_core.shell:Creating environment hook '/home/arcturus/Documents/AllSeaingVehicle2/install/velodyne_laserscan/share/velodyne_laserscan/hook/cmake_prefix_path.ps1'
[2.832s] INFO:colcon.colcon_core.shell:Creating environment descriptor '/home/arcturus/Documents/AllSeaingVehicle2/install/velodyne_laserscan/share/velodyne_laserscan/hook/cmake_prefix_path.dsv'
[2.835s] INFO:colcon.colcon_core.shell:Creating environment hook '/home/arcturus/Documents/AllSeaingVehicle2/install/velodyne_laserscan/share/velodyne_laserscan/hook/cmake_prefix_path.sh'
[2.837s] Level 1:colcon.colcon_core.environment:checking '/home/arcturus/Documents/AllSeaingVehicle2/install/velodyne_laserscan/lib'
[2.838s] Level 1:colcon.colcon_core.shell:create_environment_hook('velodyne_laserscan', 'ld_library_path_lib')
[2.844s] INFO:colcon.colcon_core.shell:Creating environment hook '/home/arcturus/Documents/AllSeaingVehicle2/install/velodyne_laserscan/share/velodyne_laserscan/hook/ld_library_path_lib.ps1'
[2.847s] INFO:colcon.colcon_core.shell:Creating environment descriptor '/home/arcturus/Documents/AllSeaingVehicle2/install/velodyne_laserscan/share/velodyne_laserscan/hook/ld_library_path_lib.dsv'
[2.849s] INFO:colcon.colcon_core.shell:Creating environment hook '/home/arcturus/Documents/AllSeaingVehicle2/install/velodyne_laserscan/share/velodyne_laserscan/hook/ld_library_path_lib.sh'
[2.851s] Level 1:colcon.colcon_core.environment:checking '/home/arcturus/Documents/AllSeaingVehicle2/install/velodyne_laserscan/bin'
[2.851s] Level 1:colcon.colcon_core.environment:checking '/home/arcturus/Documents/AllSeaingVehicle2/install/velodyne_laserscan/lib/pkgconfig/velodyne_laserscan.pc'
[2.852s] Level 1:colcon.colcon_core.environment:checking '/home/arcturus/Documents/AllSeaingVehicle2/install/velodyne_laserscan/lib/python3.10/site-packages'
[2.853s] Level 1:colcon.colcon_core.environment:checking '/home/arcturus/Documents/AllSeaingVehicle2/install/velodyne_laserscan/bin'
[2.860s] INFO:colcon.colcon_core.shell:Creating package script '/home/arcturus/Documents/AllSeaingVehicle2/install/velodyne_laserscan/share/velodyne_laserscan/package.ps1'
[2.863s] INFO:colcon.colcon_core.shell:Creating package descriptor '/home/arcturus/Documents/AllSeaingVehicle2/install/velodyne_laserscan/share/velodyne_laserscan/package.dsv'
[2.865s] INFO:colcon.colcon_core.shell:Creating package script '/home/arcturus/Documents/AllSeaingVehicle2/install/velodyne_laserscan/share/velodyne_laserscan/package.sh'
[2.867s] INFO:colcon.colcon_core.shell:Creating package script '/home/arcturus/Documents/AllSeaingVehicle2/install/velodyne_laserscan/share/velodyne_laserscan/package.bash'
[2.869s] INFO:colcon.colcon_core.shell:Creating package script '/home/arcturus/Documents/AllSeaingVehicle2/install/velodyne_laserscan/share/velodyne_laserscan/package.zsh'
[2.870s] Level 1:colcon.colcon_core.environment:create_file_with_runtime_dependencies(/home/arcturus/Documents/AllSeaingVehicle2/install/velodyne_laserscan/share/colcon-core/packages/velodyne_laserscan)
[3.368s] DEBUG:colcon.colcon_core.event_handler.log_command:Invoked command in '/home/arcturus/Documents/AllSeaingVehicle2/build/velodyne_msgs' returned '0': CMAKE_PREFIX_PATH=/opt/ros/humble /usr/bin/cmake --build /home/arcturus/Documents/AllSeaingVehicle2/build/velodyne_msgs -- -j4 -l4
[3.750s] DEBUG:colcon.colcon_core.event_handler.log_command:Invoking command in '/home/arcturus/Documents/AllSeaingVehicle2/build/velodyne_msgs': CMAKE_PREFIX_PATH=/opt/ros/humble /usr/bin/cmake --install /home/arcturus/Documents/AllSeaingVehicle2/build/velodyne_msgs
[4.040s] Level 1:colcon.colcon_core.environment:create_environment_scripts_only(velodyne_msgs)
[4.053s] Level 1:colcon.colcon_core.environment:checking '/home/arcturus/Documents/AllSeaingVehicle2/install/velodyne_msgs' for CMake module files
[4.055s] DEBUG:colcon.colcon_core.event_handler.log_command:Invoked command in '/home/arcturus/Documents/AllSeaingVehicle2/build/velodyne_msgs' returned '0': CMAKE_PREFIX_PATH=/opt/ros/humble /usr/bin/cmake --install /home/arcturus/Documents/AllSeaingVehicle2/build/velodyne_msgs
[4.061s] Level 1:colcon.colcon_core.environment:checking '/home/arcturus/Documents/AllSeaingVehicle2/install/velodyne_msgs' for CMake config files
[4.065s] Level 1:colcon.colcon_core.shell:create_environment_hook('velodyne_msgs', 'cmake_prefix_path')
[4.072s] INFO:colcon.colcon_core.shell:Creating environment hook '/home/arcturus/Documents/AllSeaingVehicle2/install/velodyne_msgs/share/velodyne_msgs/hook/cmake_prefix_path.ps1'
[4.075s] INFO:colcon.colcon_core.shell:Creating environment descriptor '/home/arcturus/Documents/AllSeaingVehicle2/install/velodyne_msgs/share/velodyne_msgs/hook/cmake_prefix_path.dsv'
[4.077s] INFO:colcon.colcon_core.shell:Creating environment hook '/home/arcturus/Documents/AllSeaingVehicle2/install/velodyne_msgs/share/velodyne_msgs/hook/cmake_prefix_path.sh'
[4.081s] Level 1:colcon.colcon_core.environment:checking '/home/arcturus/Documents/AllSeaingVehicle2/install/velodyne_msgs/lib'
[4.081s] Level 1:colcon.colcon_core.shell:create_environment_hook('velodyne_msgs', 'ld_library_path_lib')
[4.087s] INFO:colcon.colcon_core.shell:Creating environment hook '/home/arcturus/Documents/AllSeaingVehicle2/install/velodyne_msgs/share/velodyne_msgs/hook/ld_library_path_lib.ps1'
[4.091s] INFO:colcon.colcon_core.shell:Creating environment descriptor '/home/arcturus/Documents/AllSeaingVehicle2/install/velodyne_msgs/share/velodyne_msgs/hook/ld_library_path_lib.dsv'
[4.092s] INFO:colcon.colcon_core.shell:Creating environment hook '/home/arcturus/Documents/AllSeaingVehicle2/install/velodyne_msgs/share/velodyne_msgs/hook/ld_library_path_lib.sh'
[4.094s] Level 1:colcon.colcon_core.environment:checking '/home/arcturus/Documents/AllSeaingVehicle2/install/velodyne_msgs/bin'
[4.094s] Level 1:colcon.colcon_core.environment:checking '/home/arcturus/Documents/AllSeaingVehicle2/install/velodyne_msgs/lib/pkgconfig/velodyne_msgs.pc'
[4.095s] Level 1:colcon.colcon_core.environment:checking '/home/arcturus/Documents/AllSeaingVehicle2/install/velodyne_msgs/lib/python3.10/site-packages'
[4.096s] Level 1:colcon.colcon_core.environment:checking '/home/arcturus/Documents/AllSeaingVehicle2/install/velodyne_msgs/bin'
[4.101s] INFO:colcon.colcon_core.shell:Creating package script '/home/arcturus/Documents/AllSeaingVehicle2/install/velodyne_msgs/share/velodyne_msgs/package.ps1'
[4.104s] INFO:colcon.colcon_core.shell:Creating package descriptor '/home/arcturus/Documents/AllSeaingVehicle2/install/velodyne_msgs/share/velodyne_msgs/package.dsv'
[4.106s] INFO:colcon.colcon_core.shell:Creating package script '/home/arcturus/Documents/AllSeaingVehicle2/install/velodyne_msgs/share/velodyne_msgs/package.sh'
[4.107s] INFO:colcon.colcon_core.shell:Creating package script '/home/arcturus/Documents/AllSeaingVehicle2/install/velodyne_msgs/share/velodyne_msgs/package.bash'
[4.108s] INFO:colcon.colcon_core.shell:Creating package script '/home/arcturus/Documents/AllSeaingVehicle2/install/velodyne_msgs/share/velodyne_msgs/package.zsh'
[4.109s] Level 1:colcon.colcon_core.environment:create_file_with_runtime_dependencies(/home/arcturus/Documents/AllSeaingVehicle2/install/velodyne_msgs/share/colcon-core/packages/velodyne_msgs)
[4.495s] Level 1:colcon.colcon_core.environment:create_environment_scripts_only(velodyne_msgs)
[4.508s] Level 1:colcon.colcon_core.environment:checking '/home/arcturus/Documents/AllSeaingVehicle2/install/velodyne_msgs' for CMake module files
[4.514s] Level 1:colcon.colcon_core.environment:checking '/home/arcturus/Documents/AllSeaingVehicle2/install/velodyne_msgs' for CMake config files
[4.518s] Level 1:colcon.colcon_core.shell:create_environment_hook('velodyne_msgs', 'cmake_prefix_path')
[4.524s] INFO:colcon.colcon_core.shell:Creating environment hook '/home/arcturus/Documents/AllSeaingVehicle2/install/velodyne_msgs/share/velodyne_msgs/hook/cmake_prefix_path.ps1'
[4.527s] INFO:colcon.colcon_core.shell:Creating environment descriptor '/home/arcturus/Documents/AllSeaingVehicle2/install/velodyne_msgs/share/velodyne_msgs/hook/cmake_prefix_path.dsv'
[4.529s] INFO:colcon.colcon_core.shell:Creating environment hook '/home/arcturus/Documents/AllSeaingVehicle2/install/velodyne_msgs/share/velodyne_msgs/hook/cmake_prefix_path.sh'
[4.532s] Level 1:colcon.colcon_core.environment:checking '/home/arcturus/Documents/AllSeaingVehicle2/install/velodyne_msgs/lib'
[4.532s] Level 1:colcon.colcon_core.shell:create_environment_hook('velodyne_msgs', 'ld_library_path_lib')
[4.539s] INFO:colcon.colcon_core.shell:Creating environment hook '/home/arcturus/Documents/AllSeaingVehicle2/install/velodyne_msgs/share/velodyne_msgs/hook/ld_library_path_lib.ps1'
[4.549s] INFO:colcon.colcon_core.shell:Creating environment descriptor '/home/arcturus/Documents/AllSeaingVehicle2/install/velodyne_msgs/share/velodyne_msgs/hook/ld_library_path_lib.dsv'
[4.551s] INFO:colcon.colcon_core.shell:Creating environment hook '/home/arcturus/Documents/AllSeaingVehicle2/install/velodyne_msgs/share/velodyne_msgs/hook/ld_library_path_lib.sh'
[4.553s] Level 1:colcon.colcon_core.environment:checking '/home/arcturus/Documents/AllSeaingVehicle2/install/velodyne_msgs/bin'
[4.554s] Level 1:colcon.colcon_core.environment:checking '/home/arcturus/Documents/AllSeaingVehicle2/install/velodyne_msgs/lib/pkgconfig/velodyne_msgs.pc'
[4.555s] Level 1:colcon.colcon_core.environment:checking '/home/arcturus/Documents/AllSeaingVehicle2/install/velodyne_msgs/lib/python3.10/site-packages'
[4.555s] Level 1:colcon.colcon_core.environment:checking '/home/arcturus/Documents/AllSeaingVehicle2/install/velodyne_msgs/bin'
[4.561s] INFO:colcon.colcon_core.shell:Creating package script '/home/arcturus/Documents/AllSeaingVehicle2/install/velodyne_msgs/share/velodyne_msgs/package.ps1'
[4.563s] INFO:colcon.colcon_core.shell:Creating package descriptor '/home/arcturus/Documents/AllSeaingVehicle2/install/velodyne_msgs/share/velodyne_msgs/package.dsv'
[4.565s] INFO:colcon.colcon_core.shell:Creating package script '/home/arcturus/Documents/AllSeaingVehicle2/install/velodyne_msgs/share/velodyne_msgs/package.sh'
[4.566s] INFO:colcon.colcon_core.shell:Creating package script '/home/arcturus/Documents/AllSeaingVehicle2/install/velodyne_msgs/share/velodyne_msgs/package.bash'
[4.568s] INFO:colcon.colcon_core.shell:Creating package script '/home/arcturus/Documents/AllSeaingVehicle2/install/velodyne_msgs/share/velodyne_msgs/package.zsh'
[4.569s] Level 1:colcon.colcon_core.environment:create_file_with_runtime_dependencies(/home/arcturus/Documents/AllSeaingVehicle2/install/velodyne_msgs/share/colcon-core/packages/velodyne_msgs)
[4.570s] INFO:colcon.colcon_ros.task.ament_cmake.build:Building ROS package in '/home/arcturus/Documents/AllSeaingVehicle2/src/velodyne/velodyne_driver' with build type 'ament_cmake'
[4.571s] INFO:colcon.colcon_cmake.task.cmake.build:Building CMake package in '/home/arcturus/Documents/AllSeaingVehicle2/src/velodyne/velodyne_driver'
[4.576s] INFO:colcon.colcon_core.shell:Skip shell extension 'powershell' for command environment: Not usable outside of PowerShell
[4.577s] DEBUG:colcon.colcon_core.shell:Skip shell extension 'dsv' for command environment
[4.600s] INFO:colcon.colcon_ros.task.ament_cmake.build:Building ROS package in '/home/arcturus/Documents/AllSeaingVehicle2/src/velodyne/velodyne_pointcloud' with build type 'ament_cmake'
[4.601s] INFO:colcon.colcon_cmake.task.cmake.build:Building CMake package in '/home/arcturus/Documents/AllSeaingVehicle2/src/velodyne/velodyne_pointcloud'
[4.607s] INFO:colcon.colcon_core.shell:Skip shell extension 'powershell' for command environment: Not usable outside of PowerShell
[4.607s] DEBUG:colcon.colcon_core.shell:Skip shell extension 'dsv' for command environment
[4.641s] DEBUG:colcon.colcon_core.event_handler.log_command:Invoking command in '/home/arcturus/Documents/AllSeaingVehicle2/build/velodyne_driver': AMENT_PREFIX_PATH=/home/arcturus/Documents/AllSeaingVehicle2/install/velodyne_msgs:${AMENT_PREFIX_PATH} CMAKE_PREFIX_PATH=/home/arcturus/Documents/AllSeaingVehicle2/install/velodyne_msgs:/opt/ros/humble LD_LIBRARY_PATH=/home/arcturus/Documents/AllSeaingVehicle2/install/velodyne_msgs/lib:/opt/ros/humble/opt/rviz_ogre_vendor/lib:/opt/ros/humble/lib/aarch64-linux-gnu:/opt/ros/humble/lib:/usr/local/cuda-11.4/lib64:/usr/local/cuda-11.4/lib64:/usr/local/cuda-11.4/lib64 PYTHONPATH=/home/arcturus/Documents/AllSeaingVehicle2/install/velodyne_msgs/local/lib/python3.10/dist-packages:${PYTHONPATH} /usr/bin/cmake --build /home/arcturus/Documents/AllSeaingVehicle2/build/velodyne_driver -- -j4 -l4
[4.665s] DEBUG:colcon.colcon_core.event_handler.log_command:Invoking command in '/home/arcturus/Documents/AllSeaingVehicle2/build/velodyne_pointcloud': AMENT_PREFIX_PATH=/home/arcturus/Documents/AllSeaingVehicle2/install/velodyne_msgs:${AMENT_PREFIX_PATH} CMAKE_PREFIX_PATH=/home/arcturus/Documents/AllSeaingVehicle2/install/velodyne_msgs:/opt/ros/humble LD_LIBRARY_PATH=/home/arcturus/Documents/AllSeaingVehicle2/install/velodyne_msgs/lib:/opt/ros/humble/opt/rviz_ogre_vendor/lib:/opt/ros/humble/lib/aarch64-linux-gnu:/opt/ros/humble/lib:/usr/local/cuda-11.4/lib64:/usr/local/cuda-11.4/lib64:/usr/local/cuda-11.4/lib64 PYTHONPATH=/home/arcturus/Documents/AllSeaingVehicle2/install/velodyne_msgs/local/lib/python3.10/dist-packages:${PYTHONPATH} /usr/bin/cmake --build /home/arcturus/Documents/AllSeaingVehicle2/build/velodyne_pointcloud -- -j4 -l4
[5.484s] DEBUG:colcon.colcon_core.event_handler.log_command:Invoked command in '/home/arcturus/Documents/AllSeaingVehicle2/build/velodyne_pointcloud' returned '0': AMENT_PREFIX_PATH=/home/arcturus/Documents/AllSeaingVehicle2/install/velodyne_msgs:${AMENT_PREFIX_PATH} CMAKE_PREFIX_PATH=/home/arcturus/Documents/AllSeaingVehicle2/install/velodyne_msgs:/opt/ros/humble LD_LIBRARY_PATH=/home/arcturus/Documents/AllSeaingVehicle2/install/velodyne_msgs/lib:/opt/ros/humble/opt/rviz_ogre_vendor/lib:/opt/ros/humble/lib/aarch64-linux-gnu:/opt/ros/humble/lib:/usr/local/cuda-11.4/lib64:/usr/local/cuda-11.4/lib64:/usr/local/cuda-11.4/lib64 PYTHONPATH=/home/arcturus/Documents/AllSeaingVehicle2/install/velodyne_msgs/local/lib/python3.10/dist-packages:${PYTHONPATH} /usr/bin/cmake --build /home/arcturus/Documents/AllSeaingVehicle2/build/velodyne_pointcloud -- -j4 -l4
[5.624s] DEBUG:colcon.colcon_core.event_handler.log_command:Invoking command in '/home/arcturus/Documents/AllSeaingVehicle2/build/velodyne_pointcloud': AMENT_PREFIX_PATH=/home/arcturus/Documents/AllSeaingVehicle2/install/velodyne_msgs:${AMENT_PREFIX_PATH} CMAKE_PREFIX_PATH=/home/arcturus/Documents/AllSeaingVehicle2/install/velodyne_msgs:/opt/ros/humble LD_LIBRARY_PATH=/home/arcturus/Documents/AllSeaingVehicle2/install/velodyne_msgs/lib:/opt/ros/humble/opt/rviz_ogre_vendor/lib:/opt/ros/humble/lib/aarch64-linux-gnu:/opt/ros/humble/lib:/usr/local/cuda-11.4/lib64:/usr/local/cuda-11.4/lib64:/usr/local/cuda-11.4/lib64 PYTHONPATH=/home/arcturus/Documents/AllSeaingVehicle2/install/velodyne_msgs/local/lib/python3.10/dist-packages:${PYTHONPATH} /usr/bin/cmake --install /home/arcturus/Documents/AllSeaingVehicle2/build/velodyne_pointcloud
[7.381s] Level 1:colcon.colcon_core.environment:create_environment_scripts_only(velodyne_pointcloud)
[7.390s] Level 1:colcon.colcon_core.environment:checking '/home/arcturus/Documents/AllSeaingVehicle2/install/velodyne_pointcloud' for CMake module files
[7.392s] DEBUG:colcon.colcon_core.event_handler.log_command:Invoked command in '/home/arcturus/Documents/AllSeaingVehicle2/build/velodyne_pointcloud' returned '0': AMENT_PREFIX_PATH=/home/arcturus/Documents/AllSeaingVehicle2/install/velodyne_msgs:${AMENT_PREFIX_PATH} CMAKE_PREFIX_PATH=/home/arcturus/Documents/AllSeaingVehicle2/install/velodyne_msgs:/opt/ros/humble LD_LIBRARY_PATH=/home/arcturus/Documents/AllSeaingVehicle2/install/velodyne_msgs/lib:/opt/ros/humble/opt/rviz_ogre_vendor/lib:/opt/ros/humble/lib/aarch64-linux-gnu:/opt/ros/humble/lib:/usr/local/cuda-11.4/lib64:/usr/local/cuda-11.4/lib64:/usr/local/cuda-11.4/lib64 PYTHONPATH=/home/arcturus/Documents/AllSeaingVehicle2/install/velodyne_msgs/local/lib/python3.10/dist-packages:${PYTHONPATH} /usr/bin/cmake --install /home/arcturus/Documents/AllSeaingVehicle2/build/velodyne_pointcloud
[7.397s] Level 1:colcon.colcon_core.environment:checking '/home/arcturus/Documents/AllSeaingVehicle2/install/velodyne_pointcloud' for CMake config files
[7.400s] Level 1:colcon.colcon_core.shell:create_environment_hook('velodyne_pointcloud', 'cmake_prefix_path')
[7.404s] INFO:colcon.colcon_core.shell:Creating environment hook '/home/arcturus/Documents/AllSeaingVehicle2/install/velodyne_pointcloud/share/velodyne_pointcloud/hook/cmake_prefix_path.ps1'
[7.406s] INFO:colcon.colcon_core.shell:Creating environment descriptor '/home/arcturus/Documents/AllSeaingVehicle2/install/velodyne_pointcloud/share/velodyne_pointcloud/hook/cmake_prefix_path.dsv'
[7.408s] INFO:colcon.colcon_core.shell:Creating environment hook '/home/arcturus/Documents/AllSeaingVehicle2/install/velodyne_pointcloud/share/velodyne_pointcloud/hook/cmake_prefix_path.sh'
[7.410s] Level 1:colcon.colcon_core.environment:checking '/home/arcturus/Documents/AllSeaingVehicle2/install/velodyne_pointcloud/lib'
[7.410s] Level 1:colcon.colcon_core.shell:create_environment_hook('velodyne_pointcloud', 'ld_library_path_lib')
[7.415s] INFO:colcon.colcon_core.shell:Creating environment hook '/home/arcturus/Documents/AllSeaingVehicle2/install/velodyne_pointcloud/share/velodyne_pointcloud/hook/ld_library_path_lib.ps1'
[7.417s] INFO:colcon.colcon_core.shell:Creating environment descriptor '/home/arcturus/Documents/AllSeaingVehicle2/install/velodyne_pointcloud/share/velodyne_pointcloud/hook/ld_library_path_lib.dsv'
[7.418s] INFO:colcon.colcon_core.shell:Creating environment hook '/home/arcturus/Documents/AllSeaingVehicle2/install/velodyne_pointcloud/share/velodyne_pointcloud/hook/ld_library_path_lib.sh'
[7.420s] Level 1:colcon.colcon_core.environment:checking '/home/arcturus/Documents/AllSeaingVehicle2/install/velodyne_pointcloud/bin'
[7.420s] Level 1:colcon.colcon_core.environment:checking '/home/arcturus/Documents/AllSeaingVehicle2/install/velodyne_pointcloud/lib/pkgconfig/velodyne_pointcloud.pc'
[7.421s] Level 1:colcon.colcon_core.environment:checking '/home/arcturus/Documents/AllSeaingVehicle2/install/velodyne_pointcloud/lib/python3.10/site-packages'
[7.421s] Level 1:colcon.colcon_core.environment:checking '/home/arcturus/Documents/AllSeaingVehicle2/install/velodyne_pointcloud/bin'
[7.426s] INFO:colcon.colcon_core.shell:Creating package script '/home/arcturus/Documents/AllSeaingVehicle2/install/velodyne_pointcloud/share/velodyne_pointcloud/package.ps1'
[7.430s] INFO:colcon.colcon_core.shell:Creating package descriptor '/home/arcturus/Documents/AllSeaingVehicle2/install/velodyne_pointcloud/share/velodyne_pointcloud/package.dsv'
[7.433s] INFO:colcon.colcon_core.shell:Creating package script '/home/arcturus/Documents/AllSeaingVehicle2/install/velodyne_pointcloud/share/velodyne_pointcloud/package.sh'
[7.435s] INFO:colcon.colcon_core.shell:Creating package script '/home/arcturus/Documents/AllSeaingVehicle2/install/velodyne_pointcloud/share/velodyne_pointcloud/package.bash'
[7.437s] INFO:colcon.colcon_core.shell:Creating package script '/home/arcturus/Documents/AllSeaingVehicle2/install/velodyne_pointcloud/share/velodyne_pointcloud/package.zsh'
[7.438s] Level 1:colcon.colcon_core.environment:create_file_with_runtime_dependencies(/home/arcturus/Documents/AllSeaingVehicle2/install/velodyne_pointcloud/share/colcon-core/packages/velodyne_pointcloud)
[7.626s] Level 1:colcon.colcon_core.environment:create_environment_scripts_only(velodyne_pointcloud)
[7.634s] Level 1:colcon.colcon_core.environment:checking '/home/arcturus/Documents/AllSeaingVehicle2/install/velodyne_pointcloud' for CMake module files
[7.641s] Level 1:colcon.colcon_core.environment:checking '/home/arcturus/Documents/AllSeaingVehicle2/install/velodyne_pointcloud' for CMake config files
[7.645s] Level 1:colcon.colcon_core.shell:create_environment_hook('velodyne_pointcloud', 'cmake_prefix_path')
[7.651s] INFO:colcon.colcon_core.shell:Creating environment hook '/home/arcturus/Documents/AllSeaingVehicle2/install/velodyne_pointcloud/share/velodyne_pointcloud/hook/cmake_prefix_path.ps1'
[7.653s] INFO:colcon.colcon_core.shell:Creating environment descriptor '/home/arcturus/Documents/AllSeaingVehicle2/install/velodyne_pointcloud/share/velodyne_pointcloud/hook/cmake_prefix_path.dsv'
[7.659s] INFO:colcon.colcon_core.shell:Creating environment hook '/home/arcturus/Documents/AllSeaingVehicle2/install/velodyne_pointcloud/share/velodyne_pointcloud/hook/cmake_prefix_path.sh'
[7.668s] Level 1:colcon.colcon_core.environment:checking '/home/arcturus/Documents/AllSeaingVehicle2/install/velodyne_pointcloud/lib'
[7.668s] Level 1:colcon.colcon_core.shell:create_environment_hook('velodyne_pointcloud', 'ld_library_path_lib')
[7.674s] INFO:colcon.colcon_core.shell:Creating environment hook '/home/arcturus/Documents/AllSeaingVehicle2/install/velodyne_pointcloud/share/velodyne_pointcloud/hook/ld_library_path_lib.ps1'
[7.676s] INFO:colcon.colcon_core.shell:Creating environment descriptor '/home/arcturus/Documents/AllSeaingVehicle2/install/velodyne_pointcloud/share/velodyne_pointcloud/hook/ld_library_path_lib.dsv'
[7.678s] INFO:colcon.colcon_core.shell:Creating environment hook '/home/arcturus/Documents/AllSeaingVehicle2/install/velodyne_pointcloud/share/velodyne_pointcloud/hook/ld_library_path_lib.sh'
[7.680s] Level 1:colcon.colcon_core.environment:checking '/home/arcturus/Documents/AllSeaingVehicle2/install/velodyne_pointcloud/bin'
[7.680s] Level 1:colcon.colcon_core.environment:checking '/home/arcturus/Documents/AllSeaingVehicle2/install/velodyne_pointcloud/lib/pkgconfig/velodyne_pointcloud.pc'
[7.681s] Level 1:colcon.colcon_core.environment:checking '/home/arcturus/Documents/AllSeaingVehicle2/install/velodyne_pointcloud/lib/python3.10/site-packages'
[7.682s] Level 1:colcon.colcon_core.environment:checking '/home/arcturus/Documents/AllSeaingVehicle2/install/velodyne_pointcloud/bin'
[7.687s] INFO:colcon.colcon_core.shell:Creating package script '/home/arcturus/Documents/AllSeaingVehicle2/install/velodyne_pointcloud/share/velodyne_pointcloud/package.ps1'
[7.690s] INFO:colcon.colcon_core.shell:Creating package descriptor '/home/arcturus/Documents/AllSeaingVehicle2/install/velodyne_pointcloud/share/velodyne_pointcloud/package.dsv'
[7.692s] INFO:colcon.colcon_core.shell:Creating package script '/home/arcturus/Documents/AllSeaingVehicle2/install/velodyne_pointcloud/share/velodyne_pointcloud/package.sh'
[7.695s] INFO:colcon.colcon_core.shell:Creating package script '/home/arcturus/Documents/AllSeaingVehicle2/install/velodyne_pointcloud/share/velodyne_pointcloud/package.bash'
[7.696s] INFO:colcon.colcon_core.shell:Creating package script '/home/arcturus/Documents/AllSeaingVehicle2/install/velodyne_pointcloud/share/velodyne_pointcloud/package.zsh'
[7.698s] Level 1:colcon.colcon_core.environment:create_file_with_runtime_dependencies(/home/arcturus/Documents/AllSeaingVehicle2/install/velodyne_pointcloud/share/colcon-core/packages/velodyne_pointcloud)
[54.188s] DEBUG:colcon.colcon_core.event_handler.log_command:Invoked command in '/home/arcturus/Documents/AllSeaingVehicle2/build/velodyne_driver' returned '0': AMENT_PREFIX_PATH=/home/arcturus/Documents/AllSeaingVehicle2/install/velodyne_msgs:${AMENT_PREFIX_PATH} CMAKE_PREFIX_PATH=/home/arcturus/Documents/AllSeaingVehicle2/install/velodyne_msgs:/opt/ros/humble LD_LIBRARY_PATH=/home/arcturus/Documents/AllSeaingVehicle2/install/velodyne_msgs/lib:/opt/ros/humble/opt/rviz_ogre_vendor/lib:/opt/ros/humble/lib/aarch64-linux-gnu:/opt/ros/humble/lib:/usr/local/cuda-11.4/lib64:/usr/local/cuda-11.4/lib64:/usr/local/cuda-11.4/lib64 PYTHONPATH=/home/arcturus/Documents/AllSeaingVehicle2/install/velodyne_msgs/local/lib/python3.10/dist-packages:${PYTHONPATH} /usr/bin/cmake --build /home/arcturus/Documents/AllSeaingVehicle2/build/velodyne_driver -- -j4 -l4
[54.353s] DEBUG:colcon.colcon_core.event_handler.log_command:Invoking command in '/home/arcturus/Documents/AllSeaingVehicle2/build/velodyne_driver': AMENT_PREFIX_PATH=/home/arcturus/Documents/AllSeaingVehicle2/install/velodyne_msgs:${AMENT_PREFIX_PATH} CMAKE_PREFIX_PATH=/home/arcturus/Documents/AllSeaingVehicle2/install/velodyne_msgs:/opt/ros/humble LD_LIBRARY_PATH=/home/arcturus/Documents/AllSeaingVehicle2/install/velodyne_msgs/lib:/opt/ros/humble/opt/rviz_ogre_vendor/lib:/opt/ros/humble/lib/aarch64-linux-gnu:/opt/ros/humble/lib:/usr/local/cuda-11.4/lib64:/usr/local/cuda-11.4/lib64:/usr/local/cuda-11.4/lib64 PYTHONPATH=/home/arcturus/Documents/AllSeaingVehicle2/install/velodyne_msgs/local/lib/python3.10/dist-packages:${PYTHONPATH} /usr/bin/cmake --install /home/arcturus/Documents/AllSeaingVehicle2/build/velodyne_driver
[55.490s] Level 1:colcon.colcon_core.environment:create_environment_scripts_only(velodyne_driver)
[55.504s] Level 1:colcon.colcon_core.environment:checking '/home/arcturus/Documents/AllSeaingVehicle2/install/velodyne_driver' for CMake module files
[55.505s] DEBUG:colcon.colcon_core.event_handler.log_command:Invoked command in '/home/arcturus/Documents/AllSeaingVehicle2/build/velodyne_driver' returned '0': AMENT_PREFIX_PATH=/home/arcturus/Documents/AllSeaingVehicle2/install/velodyne_msgs:${AMENT_PREFIX_PATH} CMAKE_PREFIX_PATH=/home/arcturus/Documents/AllSeaingVehicle2/install/velodyne_msgs:/opt/ros/humble LD_LIBRARY_PATH=/home/arcturus/Documents/AllSeaingVehicle2/install/velodyne_msgs/lib:/opt/ros/humble/opt/rviz_ogre_vendor/lib:/opt/ros/humble/lib/aarch64-linux-gnu:/opt/ros/humble/lib:/usr/local/cuda-11.4/lib64:/usr/local/cuda-11.4/lib64:/usr/local/cuda-11.4/lib64 PYTHONPATH=/home/arcturus/Documents/AllSeaingVehicle2/install/velodyne_msgs/local/lib/python3.10/dist-packages:${PYTHONPATH} /usr/bin/cmake --install /home/arcturus/Documents/AllSeaingVehicle2/build/velodyne_driver
[55.510s] Level 1:colcon.colcon_core.environment:checking '/home/arcturus/Documents/AllSeaingVehicle2/install/velodyne_driver' for CMake config files
[55.513s] Level 1:colcon.colcon_core.shell:create_environment_hook('velodyne_driver', 'cmake_prefix_path')
[55.520s] INFO:colcon.colcon_core.shell:Creating environment hook '/home/arcturus/Documents/AllSeaingVehicle2/install/velodyne_driver/share/velodyne_driver/hook/cmake_prefix_path.ps1'
[55.523s] INFO:colcon.colcon_core.shell:Creating environment descriptor '/home/arcturus/Documents/AllSeaingVehicle2/install/velodyne_driver/share/velodyne_driver/hook/cmake_prefix_path.dsv'
[55.524s] INFO:colcon.colcon_core.shell:Creating environment hook '/home/arcturus/Documents/AllSeaingVehicle2/install/velodyne_driver/share/velodyne_driver/hook/cmake_prefix_path.sh'
[55.527s] Level 1:colcon.colcon_core.environment:checking '/home/arcturus/Documents/AllSeaingVehicle2/install/velodyne_driver/lib'
[55.527s] Level 1:colcon.colcon_core.shell:create_environment_hook('velodyne_driver', 'ld_library_path_lib')
[55.533s] INFO:colcon.colcon_core.shell:Creating environment hook '/home/arcturus/Documents/AllSeaingVehicle2/install/velodyne_driver/share/velodyne_driver/hook/ld_library_path_lib.ps1'
[55.536s] INFO:colcon.colcon_core.shell:Creating environment descriptor '/home/arcturus/Documents/AllSeaingVehicle2/install/velodyne_driver/share/velodyne_driver/hook/ld_library_path_lib.dsv'
[55.537s] INFO:colcon.colcon_core.shell:Creating environment hook '/home/arcturus/Documents/AllSeaingVehicle2/install/velodyne_driver/share/velodyne_driver/hook/ld_library_path_lib.sh'
[55.540s] Level 1:colcon.colcon_core.environment:checking '/home/arcturus/Documents/AllSeaingVehicle2/install/velodyne_driver/bin'
[55.540s] Level 1:colcon.colcon_core.environment:checking '/home/arcturus/Documents/AllSeaingVehicle2/install/velodyne_driver/lib/pkgconfig/velodyne_driver.pc'
[55.541s] Level 1:colcon.colcon_core.environment:checking '/home/arcturus/Documents/AllSeaingVehicle2/install/velodyne_driver/lib/python3.10/site-packages'
[55.542s] Level 1:colcon.colcon_core.environment:checking '/home/arcturus/Documents/AllSeaingVehicle2/install/velodyne_driver/bin'
[55.547s] INFO:colcon.colcon_core.shell:Creating package script '/home/arcturus/Documents/AllSeaingVehicle2/install/velodyne_driver/share/velodyne_driver/package.ps1'
[55.549s] INFO:colcon.colcon_core.shell:Creating package descriptor '/home/arcturus/Documents/AllSeaingVehicle2/install/velodyne_driver/share/velodyne_driver/package.dsv'
[55.554s] INFO:colcon.colcon_core.shell:Creating package script '/home/arcturus/Documents/AllSeaingVehicle2/install/velodyne_driver/share/velodyne_driver/package.sh'
[55.563s] INFO:colcon.colcon_core.shell:Creating package script '/home/arcturus/Documents/AllSeaingVehicle2/install/velodyne_driver/share/velodyne_driver/package.bash'
[55.566s] INFO:colcon.colcon_core.shell:Creating package script '/home/arcturus/Documents/AllSeaingVehicle2/install/velodyne_driver/share/velodyne_driver/package.zsh'
[55.568s] Level 1:colcon.colcon_core.environment:create_file_with_runtime_dependencies(/home/arcturus/Documents/AllSeaingVehicle2/install/velodyne_driver/share/colcon-core/packages/velodyne_driver)
[55.735s] Level 1:colcon.colcon_core.environment:create_environment_scripts_only(velodyne_driver)
[55.742s] Level 1:colcon.colcon_core.environment:checking '/home/arcturus/Documents/AllSeaingVehicle2/install/velodyne_driver' for CMake module files
[55.745s] Level 1:colcon.colcon_core.environment:checking '/home/arcturus/Documents/AllSeaingVehicle2/install/velodyne_driver' for CMake config files
[55.747s] Level 1:colcon.colcon_core.shell:create_environment_hook('velodyne_driver', 'cmake_prefix_path')
[55.753s] INFO:colcon.colcon_core.shell:Creating environment hook '/home/arcturus/Documents/AllSeaingVehicle2/install/velodyne_driver/share/velodyne_driver/hook/cmake_prefix_path.ps1'
[55.755s] INFO:colcon.colcon_core.shell:Creating environment descriptor '/home/arcturus/Documents/AllSeaingVehicle2/install/velodyne_driver/share/velodyne_driver/hook/cmake_prefix_path.dsv'
[55.757s] INFO:colcon.colcon_core.shell:Creating environment hook '/home/arcturus/Documents/AllSeaingVehicle2/install/velodyne_driver/share/velodyne_driver/hook/cmake_prefix_path.sh'
[55.760s] Level 1:colcon.colcon_core.environment:checking '/home/arcturus/Documents/AllSeaingVehicle2/install/velodyne_driver/lib'
[55.762s] Level 1:colcon.colcon_core.shell:create_environment_hook('velodyne_driver', 'ld_library_path_lib')
[55.772s] INFO:colcon.colcon_core.shell:Creating environment hook '/home/arcturus/Documents/AllSeaingVehicle2/install/velodyne_driver/share/velodyne_driver/hook/ld_library_path_lib.ps1'
[55.774s] INFO:colcon.colcon_core.shell:Creating environment descriptor '/home/arcturus/Documents/AllSeaingVehicle2/install/velodyne_driver/share/velodyne_driver/hook/ld_library_path_lib.dsv'
[55.775s] INFO:colcon.colcon_core.shell:Creating environment hook '/home/arcturus/Documents/AllSeaingVehicle2/install/velodyne_driver/share/velodyne_driver/hook/ld_library_path_lib.sh'
[55.777s] Level 1:colcon.colcon_core.environment:checking '/home/arcturus/Documents/AllSeaingVehicle2/install/velodyne_driver/bin'
[55.777s] Level 1:colcon.colcon_core.environment:checking '/home/arcturus/Documents/AllSeaingVehicle2/install/velodyne_driver/lib/pkgconfig/velodyne_driver.pc'
[55.778s] Level 1:colcon.colcon_core.environment:checking '/home/arcturus/Documents/AllSeaingVehicle2/install/velodyne_driver/lib/python3.10/site-packages'
[55.778s] Level 1:colcon.colcon_core.environment:checking '/home/arcturus/Documents/AllSeaingVehicle2/install/velodyne_driver/bin'
[55.783s] INFO:colcon.colcon_core.shell:Creating package script '/home/arcturus/Documents/AllSeaingVehicle2/install/velodyne_driver/share/velodyne_driver/package.ps1'
[55.786s] INFO:colcon.colcon_core.shell:Creating package descriptor '/home/arcturus/Documents/AllSeaingVehicle2/install/velodyne_driver/share/velodyne_driver/package.dsv'
[55.788s] INFO:colcon.colcon_core.shell:Creating package script '/home/arcturus/Documents/AllSeaingVehicle2/install/velodyne_driver/share/velodyne_driver/package.sh'
[55.789s] INFO:colcon.colcon_core.shell:Creating package script '/home/arcturus/Documents/AllSeaingVehicle2/install/velodyne_driver/share/velodyne_driver/package.bash'
[55.791s] INFO:colcon.colcon_core.shell:Creating package script '/home/arcturus/Documents/AllSeaingVehicle2/install/velodyne_driver/share/velodyne_driver/package.zsh'
[55.792s] Level 1:colcon.colcon_core.environment:create_file_with_runtime_dependencies(/home/arcturus/Documents/AllSeaingVehicle2/install/velodyne_driver/share/colcon-core/packages/velodyne_driver)
[55.794s] INFO:colcon.colcon_ros.task.ament_cmake.build:Building ROS package in '/home/arcturus/Documents/AllSeaingVehicle2/src/velodyne/velodyne' with build type 'ament_cmake'
[55.794s] INFO:colcon.colcon_cmake.task.cmake.build:Building CMake package in '/home/arcturus/Documents/AllSeaingVehicle2/src/velodyne/velodyne'
[55.799s] INFO:colcon.colcon_core.shell:Skip shell extension 'powershell' for command environment: Not usable outside of PowerShell
[55.800s] DEBUG:colcon.colcon_core.shell:Skip shell extension 'dsv' for command environment
[55.876s] DEBUG:colcon.colcon_core.event_handler.log_command:Invoking command in '/home/arcturus/Documents/AllSeaingVehicle2/build/velodyne': AMENT_PREFIX_PATH=/home/arcturus/Documents/AllSeaingVehicle2/install/velodyne_pointcloud:/home/arcturus/Documents/AllSeaingVehicle2/install/velodyne_driver:/home/arcturus/Documents/AllSeaingVehicle2/install/velodyne_msgs:/home/arcturus/Documents/AllSeaingVehicle2/install/velodyne_laserscan:${AMENT_PREFIX_PATH} CMAKE_PREFIX_PATH=/home/arcturus/Documents/AllSeaingVehicle2/install/velodyne_pointcloud:/home/arcturus/Documents/AllSeaingVehicle2/install/velodyne_driver:/home/arcturus/Documents/AllSeaingVehicle2/install/velodyne_msgs:/home/arcturus/Documents/AllSeaingVehicle2/install/velodyne_laserscan:/opt/ros/humble LD_LIBRARY_PATH=/home/arcturus/Documents/AllSeaingVehicle2/install/velodyne_pointcloud/lib:/home/arcturus/Documents/AllSeaingVehicle2/install/velodyne_driver/lib:/home/arcturus/Documents/AllSeaingVehicle2/install/velodyne_msgs/lib:/home/arcturus/Documents/AllSeaingVehicle2/install/velodyne_laserscan/lib:/opt/ros/humble/opt/rviz_ogre_vendor/lib:/opt/ros/humble/lib/aarch64-linux-gnu:/opt/ros/humble/lib:/usr/local/cuda-11.4/lib64:/usr/local/cuda-11.4/lib64:/usr/local/cuda-11.4/lib64 PYTHONPATH=/home/arcturus/Documents/AllSeaingVehicle2/install/velodyne_msgs/local/lib/python3.10/dist-packages:${PYTHONPATH} /usr/bin/cmake /home/arcturus/Documents/AllSeaingVehicle2/src/velodyne/velodyne -DAMENT_CMAKE_SYMLINK_INSTALL=1 -DCMAKE_INSTALL_PREFIX=/home/arcturus/Documents/AllSeaingVehicle2/install/velodyne
[58.458s] DEBUG:colcon.colcon_core.event_handler.log_command:Invoked command in '/home/arcturus/Documents/AllSeaingVehicle2/build/velodyne' returned '0': AMENT_PREFIX_PATH=/home/arcturus/Documents/AllSeaingVehicle2/install/velodyne_pointcloud:/home/arcturus/Documents/AllSeaingVehicle2/install/velodyne_driver:/home/arcturus/Documents/AllSeaingVehicle2/install/velodyne_msgs:/home/arcturus/Documents/AllSeaingVehicle2/install/velodyne_laserscan:${AMENT_PREFIX_PATH} CMAKE_PREFIX_PATH=/home/arcturus/Documents/AllSeaingVehicle2/install/velodyne_pointcloud:/home/arcturus/Documents/AllSeaingVehicle2/install/velodyne_driver:/home/arcturus/Documents/AllSeaingVehicle2/install/velodyne_msgs:/home/arcturus/Documents/AllSeaingVehicle2/install/velodyne_laserscan:/opt/ros/humble LD_LIBRARY_PATH=/home/arcturus/Documents/AllSeaingVehicle2/install/velodyne_pointcloud/lib:/home/arcturus/Documents/AllSeaingVehicle2/install/velodyne_driver/lib:/home/arcturus/Documents/AllSeaingVehicle2/install/velodyne_msgs/lib:/home/arcturus/Documents/AllSeaingVehicle2/install/velodyne_laserscan/lib:/opt/ros/humble/opt/rviz_ogre_vendor/lib:/opt/ros/humble/lib/aarch64-linux-gnu:/opt/ros/humble/lib:/usr/local/cuda-11.4/lib64:/usr/local/cuda-11.4/lib64:/usr/local/cuda-11.4/lib64 PYTHONPATH=/home/arcturus/Documents/AllSeaingVehicle2/install/velodyne_msgs/local/lib/python3.10/dist-packages:${PYTHONPATH} /usr/bin/cmake /home/arcturus/Documents/AllSeaingVehicle2/src/velodyne/velodyne -DAMENT_CMAKE_SYMLINK_INSTALL=1 -DCMAKE_INSTALL_PREFIX=/home/arcturus/Documents/AllSeaingVehicle2/install/velodyne
[58.467s] DEBUG:colcon.colcon_core.event_handler.log_command:Invoking command in '/home/arcturus/Documents/AllSeaingVehicle2/build/velodyne': AMENT_PREFIX_PATH=/home/arcturus/Documents/AllSeaingVehicle2/install/velodyne_pointcloud:/home/arcturus/Documents/AllSeaingVehicle2/install/velodyne_driver:/home/arcturus/Documents/AllSeaingVehicle2/install/velodyne_msgs:/home/arcturus/Documents/AllSeaingVehicle2/install/velodyne_laserscan:${AMENT_PREFIX_PATH} CMAKE_PREFIX_PATH=/home/arcturus/Documents/AllSeaingVehicle2/install/velodyne_pointcloud:/home/arcturus/Documents/AllSeaingVehicle2/install/velodyne_driver:/home/arcturus/Documents/AllSeaingVehicle2/install/velodyne_msgs:/home/arcturus/Documents/AllSeaingVehicle2/install/velodyne_laserscan:/opt/ros/humble LD_LIBRARY_PATH=/home/arcturus/Documents/AllSeaingVehicle2/install/velodyne_pointcloud/lib:/home/arcturus/Documents/AllSeaingVehicle2/install/velodyne_driver/lib:/home/arcturus/Documents/AllSeaingVehicle2/install/velodyne_msgs/lib:/home/arcturus/Documents/AllSeaingVehicle2/install/velodyne_laserscan/lib:/opt/ros/humble/opt/rviz_ogre_vendor/lib:/opt/ros/humble/lib/aarch64-linux-gnu:/opt/ros/humble/lib:/usr/local/cuda-11.4/lib64:/usr/local/cuda-11.4/lib64:/usr/local/cuda-11.4/lib64 PYTHONPATH=/home/arcturus/Documents/AllSeaingVehicle2/install/velodyne_msgs/local/lib/python3.10/dist-packages:${PYTHONPATH} /usr/bin/cmake --build /home/arcturus/Documents/AllSeaingVehicle2/build/velodyne -- -j4 -l4
[58.613s] DEBUG:colcon.colcon_core.event_handler.log_command:Invoked command in '/home/arcturus/Documents/AllSeaingVehicle2/build/velodyne' returned '0': AMENT_PREFIX_PATH=/home/arcturus/Documents/AllSeaingVehicle2/install/velodyne_pointcloud:/home/arcturus/Documents/AllSeaingVehicle2/install/velodyne_driver:/home/arcturus/Documents/AllSeaingVehicle2/install/velodyne_msgs:/home/arcturus/Documents/AllSeaingVehicle2/install/velodyne_laserscan:${AMENT_PREFIX_PATH} CMAKE_PREFIX_PATH=/home/arcturus/Documents/AllSeaingVehicle2/install/velodyne_pointcloud:/home/arcturus/Documents/AllSeaingVehicle2/install/velodyne_driver:/home/arcturus/Documents/AllSeaingVehicle2/install/velodyne_msgs:/home/arcturus/Documents/AllSeaingVehicle2/install/velodyne_laserscan:/opt/ros/humble LD_LIBRARY_PATH=/home/arcturus/Documents/AllSeaingVehicle2/install/velodyne_pointcloud/lib:/home/arcturus/Documents/AllSeaingVehicle2/install/velodyne_driver/lib:/home/arcturus/Documents/AllSeaingVehicle2/install/velodyne_msgs/lib:/home/arcturus/Documents/AllSeaingVehicle2/install/velodyne_laserscan/lib:/opt/ros/humble/opt/rviz_ogre_vendor/lib:/opt/ros/humble/lib/aarch64-linux-gnu:/opt/ros/humble/lib:/usr/local/cuda-11.4/lib64:/usr/local/cuda-11.4/lib64:/usr/local/cuda-11.4/lib64 PYTHONPATH=/home/arcturus/Documents/AllSeaingVehicle2/install/velodyne_msgs/local/lib/python3.10/dist-packages:${PYTHONPATH} /usr/bin/cmake --build /home/arcturus/Documents/AllSeaingVehicle2/build/velodyne -- -j4 -l4
[58.707s] DEBUG:colcon.colcon_core.event_handler.log_command:Invoking command in '/home/arcturus/Documents/AllSeaingVehicle2/build/velodyne': AMENT_PREFIX_PATH=/home/arcturus/Documents/AllSeaingVehicle2/install/velodyne_pointcloud:/home/arcturus/Documents/AllSeaingVehicle2/install/velodyne_driver:/home/arcturus/Documents/AllSeaingVehicle2/install/velodyne_msgs:/home/arcturus/Documents/AllSeaingVehicle2/install/velodyne_laserscan:${AMENT_PREFIX_PATH} CMAKE_PREFIX_PATH=/home/arcturus/Documents/AllSeaingVehicle2/install/velodyne_pointcloud:/home/arcturus/Documents/AllSeaingVehicle2/install/velodyne_driver:/home/arcturus/Documents/AllSeaingVehicle2/install/velodyne_msgs:/home/arcturus/Documents/AllSeaingVehicle2/install/velodyne_laserscan:/opt/ros/humble LD_LIBRARY_PATH=/home/arcturus/Documents/AllSeaingVehicle2/install/velodyne_pointcloud/lib:/home/arcturus/Documents/AllSeaingVehicle2/install/velodyne_driver/lib:/home/arcturus/Documents/AllSeaingVehicle2/install/velodyne_msgs/lib:/home/arcturus/Documents/AllSeaingVehicle2/install/velodyne_laserscan/lib:/opt/ros/humble/opt/rviz_ogre_vendor/lib:/opt/ros/humble/lib/aarch64-linux-gnu:/opt/ros/humble/lib:/usr/local/cuda-11.4/lib64:/usr/local/cuda-11.4/lib64:/usr/local/cuda-11.4/lib64 PYTHONPATH=/home/arcturus/Documents/AllSeaingVehicle2/install/velodyne_msgs/local/lib/python3.10/dist-packages:${PYTHONPATH} /usr/bin/cmake --install /home/arcturus/Documents/AllSeaingVehicle2/build/velodyne
[59.488s] Level 1:colcon.colcon_core.environment:create_environment_scripts_only(velodyne)
[59.501s] Level 1:colcon.colcon_core.environment:checking '/home/arcturus/Documents/AllSeaingVehicle2/install/velodyne' for CMake module files
[59.503s] DEBUG:colcon.colcon_core.event_handler.log_command:Invoked command in '/home/arcturus/Documents/AllSeaingVehicle2/build/velodyne' returned '0': AMENT_PREFIX_PATH=/home/arcturus/Documents/AllSeaingVehicle2/install/velodyne_pointcloud:/home/arcturus/Documents/AllSeaingVehicle2/install/velodyne_driver:/home/arcturus/Documents/AllSeaingVehicle2/install/velodyne_msgs:/home/arcturus/Documents/AllSeaingVehicle2/install/velodyne_laserscan:${AMENT_PREFIX_PATH} CMAKE_PREFIX_PATH=/home/arcturus/Documents/AllSeaingVehicle2/install/velodyne_pointcloud:/home/arcturus/Documents/AllSeaingVehicle2/install/velodyne_driver:/home/arcturus/Documents/AllSeaingVehicle2/install/velodyne_msgs:/home/arcturus/Documents/AllSeaingVehicle2/install/velodyne_laserscan:/opt/ros/humble LD_LIBRARY_PATH=/home/arcturus/Documents/AllSeaingVehicle2/install/velodyne_pointcloud/lib:/home/arcturus/Documents/AllSeaingVehicle2/install/velodyne_driver/lib:/home/arcturus/Documents/AllSeaingVehicle2/install/velodyne_msgs/lib:/home/arcturus/Documents/AllSeaingVehicle2/install/velodyne_laserscan/lib:/opt/ros/humble/opt/rviz_ogre_vendor/lib:/opt/ros/humble/lib/aarch64-linux-gnu:/opt/ros/humble/lib:/usr/local/cuda-11.4/lib64:/usr/local/cuda-11.4/lib64:/usr/local/cuda-11.4/lib64 PYTHONPATH=/home/arcturus/Documents/AllSeaingVehicle2/install/velodyne_msgs/local/lib/python3.10/dist-packages:${PYTHONPATH} /usr/bin/cmake --install /home/arcturus/Documents/AllSeaingVehicle2/build/velodyne
[59.505s] Level 1:colcon.colcon_core.environment:checking '/home/arcturus/Documents/AllSeaingVehicle2/install/velodyne' for CMake config files
[59.506s] Level 1:colcon.colcon_core.shell:create_environment_hook('velodyne', 'cmake_prefix_path')
[59.513s] INFO:colcon.colcon_core.shell:Creating environment hook '/home/arcturus/Documents/AllSeaingVehicle2/install/velodyne/share/velodyne/hook/cmake_prefix_path.ps1'
[59.520s] INFO:colcon.colcon_core.shell:Creating environment descriptor '/home/arcturus/Documents/AllSeaingVehicle2/install/velodyne/share/velodyne/hook/cmake_prefix_path.dsv'
[59.522s] INFO:colcon.colcon_core.shell:Creating environment hook '/home/arcturus/Documents/AllSeaingVehicle2/install/velodyne/share/velodyne/hook/cmake_prefix_path.sh'
[59.526s] Level 1:colcon.colcon_core.environment:checking '/home/arcturus/Documents/AllSeaingVehicle2/install/velodyne/bin'
[59.526s] Level 1:colcon.colcon_core.environment:checking '/home/arcturus/Documents/AllSeaingVehicle2/install/velodyne/lib/pkgconfig/velodyne.pc'
[59.527s] Level 1:colcon.colcon_core.environment:checking '/home/arcturus/Documents/AllSeaingVehicle2/install/velodyne/lib/python3.10/site-packages'
[59.529s] Level 1:colcon.colcon_core.environment:checking '/home/arcturus/Documents/AllSeaingVehicle2/install/velodyne/bin'
[59.535s] INFO:colcon.colcon_core.shell:Creating package script '/home/arcturus/Documents/AllSeaingVehicle2/install/velodyne/share/velodyne/package.ps1'
[59.537s] INFO:colcon.colcon_core.shell:Creating package descriptor '/home/arcturus/Documents/AllSeaingVehicle2/install/velodyne/share/velodyne/package.dsv'
[59.539s] INFO:colcon.colcon_core.shell:Creating package script '/home/arcturus/Documents/AllSeaingVehicle2/install/velodyne/share/velodyne/package.sh'
[59.541s] INFO:colcon.colcon_core.shell:Creating package script '/home/arcturus/Documents/AllSeaingVehicle2/install/velodyne/share/velodyne/package.bash'
[59.542s] INFO:colcon.colcon_core.shell:Creating package script '/home/arcturus/Documents/AllSeaingVehicle2/install/velodyne/share/velodyne/package.zsh'
[59.544s] Level 1:colcon.colcon_core.environment:create_file_with_runtime_dependencies(/home/arcturus/Documents/AllSeaingVehicle2/install/velodyne/share/colcon-core/packages/velodyne)
[59.637s] Level 1:colcon.colcon_core.environment:create_environment_scripts_only(velodyne)
[59.644s] Level 1:colcon.colcon_core.environment:checking '/home/arcturus/Documents/AllSeaingVehicle2/install/velodyne' for CMake module files
[59.648s] Level 1:colcon.colcon_core.environment:checking '/home/arcturus/Documents/AllSeaingVehicle2/install/velodyne' for CMake config files
[59.649s] Level 1:colcon.colcon_core.shell:create_environment_hook('velodyne', 'cmake_prefix_path')
[59.654s] INFO:colcon.colcon_core.shell:Creating environment hook '/home/arcturus/Documents/AllSeaingVehicle2/install/velodyne/share/velodyne/hook/cmake_prefix_path.ps1'
[59.657s] INFO:colcon.colcon_core.shell:Creating environment descriptor '/home/arcturus/Documents/AllSeaingVehicle2/install/velodyne/share/velodyne/hook/cmake_prefix_path.dsv'
[59.659s] INFO:colcon.colcon_core.shell:Creating environment hook '/home/arcturus/Documents/AllSeaingVehicle2/install/velodyne/share/velodyne/hook/cmake_prefix_path.sh'
[59.665s] Level 1:colcon.colcon_core.environment:checking '/home/arcturus/Documents/AllSeaingVehicle2/install/velodyne/bin'
[59.666s] Level 1:colcon.colcon_core.environment:checking '/home/arcturus/Documents/AllSeaingVehicle2/install/velodyne/lib/pkgconfig/velodyne.pc'
[59.669s] Level 1:colcon.colcon_core.environment:checking '/home/arcturus/Documents/AllSeaingVehicle2/install/velodyne/lib/python3.10/site-packages'
[59.671s] Level 1:colcon.colcon_core.environment:checking '/home/arcturus/Documents/AllSeaingVehicle2/install/velodyne/bin'
[59.678s] INFO:colcon.colcon_core.shell:Creating package script '/home/arcturus/Documents/AllSeaingVehicle2/install/velodyne/share/velodyne/package.ps1'
[59.681s] INFO:colcon.colcon_core.shell:Creating package descriptor '/home/arcturus/Documents/AllSeaingVehicle2/install/velodyne/share/velodyne/package.dsv'
[59.682s] INFO:colcon.colcon_core.shell:Creating package script '/home/arcturus/Documents/AllSeaingVehicle2/install/velodyne/share/velodyne/package.sh'
[59.684s] INFO:colcon.colcon_core.shell:Creating package script '/home/arcturus/Documents/AllSeaingVehicle2/install/velodyne/share/velodyne/package.bash'
[59.685s] INFO:colcon.colcon_core.shell:Creating package script '/home/arcturus/Documents/AllSeaingVehicle2/install/velodyne/share/velodyne/package.zsh'
[59.687s] Level 1:colcon.colcon_core.environment:create_file_with_runtime_dependencies(/home/arcturus/Documents/AllSeaingVehicle2/install/velodyne/share/colcon-core/packages/velodyne)
[59.688s] DEBUG:colcon.colcon_parallel_executor.executor.parallel:closing loop
[59.689s] DEBUG:colcon.colcon_parallel_executor.executor.parallel:loop closed
[59.689s] DEBUG:colcon.colcon_parallel_executor.executor.parallel:run_until_complete finished with '0'
[59.689s] DEBUG:colcon.colcon_core.event_reactor:joining thread
[59.718s] INFO:colcon.colcon_core.plugin_system:Skipping extension 'colcon_notification.desktop_notification.notify_send': Could not find 'notify-send'
[59.719s] INFO:colcon.colcon_core.plugin_system:Skipping extension 'colcon_notification.desktop_notification.terminal_notifier': Not used on non-Darwin systems
[59.720s] INFO:colcon.colcon_core.plugin_system:Skipping extension 'colcon_notification.desktop_notification.win32': Not used on non-Windows systems
[59.720s] INFO:colcon.colcon_notification.desktop_notification:Sending desktop notification using 'notify2'
[59.797s] DEBUG:colcon.colcon_core.event_reactor:joined thread
[59.803s] INFO:colcon.colcon_core.shell:Creating prefix script '/home/arcturus/Documents/AllSeaingVehicle2/install/local_setup.ps1'
[59.807s] INFO:colcon.colcon_core.shell:Creating prefix util module '/home/arcturus/Documents/AllSeaingVehicle2/install/_local_setup_util_ps1.py'
[59.812s] INFO:colcon.colcon_core.shell:Creating prefix chain script '/home/arcturus/Documents/AllSeaingVehicle2/install/setup.ps1'
[59.818s] INFO:colcon.colcon_core.shell:Creating prefix script '/home/arcturus/Documents/AllSeaingVehicle2/install/local_setup.sh'
[59.821s] INFO:colcon.colcon_core.shell:Creating prefix util module '/home/arcturus/Documents/AllSeaingVehicle2/install/_local_setup_util_sh.py'
[59.823s] INFO:colcon.colcon_core.shell:Creating prefix chain script '/home/arcturus/Documents/AllSeaingVehicle2/install/setup.sh'
[59.829s] INFO:colcon.colcon_core.shell:Creating prefix script '/home/arcturus/Documents/AllSeaingVehicle2/install/local_setup.bash'
[59.831s] INFO:colcon.colcon_core.shell:Creating prefix chain script '/home/arcturus/Documents/AllSeaingVehicle2/install/setup.bash'
[59.837s] INFO:colcon.colcon_core.shell:Creating prefix script '/home/arcturus/Documents/AllSeaingVehicle2/install/local_setup.zsh'
[59.839s] INFO:colcon.colcon_core.shell:Creating prefix chain script '/home/arcturus/Documents/AllSeaingVehicle2/install/setup.zsh'
