[0.070s] Invoking command in '/home/arcturus/Documents/AllSeaingVehicle2/build/velodyne': AMENT_PREFIX_PATH=/home/arcturus/Documents/AllSeaingVehicle2/install/velodyne_pointcloud:/home/arcturus/Documents/AllSeaingVehicle2/install/velodyne_driver:/home/arcturus/Documents/AllSeaingVehicle2/install/velodyne_msgs:/home/arcturus/Documents/AllSeaingVehicle2/install/velodyne_laserscan:${AMENT_PREFIX_PATH} CMAKE_PREFIX_PATH=/home/arcturus/Documents/AllSeaingVehicle2/install/velodyne_pointcloud:/home/arcturus/Documents/AllSeaingVehicle2/install/velodyne_driver:/home/arcturus/Documents/AllSeaingVehicle2/install/velodyne_msgs:/home/arcturus/Documents/AllSeaingVehicle2/install/velodyne_laserscan:/opt/ros/humble LD_LIBRARY_PATH=/home/arcturus/Documents/AllSeaingVehicle2/install/velodyne_pointcloud/lib:/home/arcturus/Documents/AllSeaingVehicle2/install/velodyne_driver/lib:/home/arcturus/Documents/AllSeaingVehicle2/install/velodyne_msgs/lib:/home/arcturus/Documents/AllSeaingVehicle2/install/velodyne_laserscan/lib:/opt/ros/humble/opt/rviz_ogre_vendor/lib:/opt/ros/humble/lib/aarch64-linux-gnu:/opt/ros/humble/lib:/usr/local/cuda-11.4/lib64:/usr/local/cuda-11.4/lib64:/usr/local/cuda-11.4/lib64 PYTHONPATH=/home/arcturus/Documents/AllSeaingVehicle2/install/velodyne_msgs/local/lib/python3.10/dist-packages:${PYTHONPATH} /usr/bin/cmake /home/arcturus/Documents/AllSeaingVehicle2/src/velodyne/velodyne -DAMENT_CMAKE_SYMLINK_INSTALL=1 -DCMAKE_INSTALL_PREFIX=/home/arcturus/Documents/AllSeaingVehicle2/install/velodyne
[0.318s] -- The C compiler identification is GNU 11.4.0
[0.565s] -- The CXX compiler identification is GNU 11.4.0
[0.596s] -- Detecting C compiler ABI info
[0.892s] -- Detecting C compiler ABI info - done
[0.925s] -- Check for working C compiler: /usr/bin/cc - skipped
[0.926s] -- Detecting C compile features
[0.927s] -- Detecting C compile features - done
[0.938s] -- Detecting CXX compiler ABI info
[1.276s] -- Detecting CXX compiler ABI info - done
[1.312s] -- Check for working CXX compiler: /usr/bin/c++ - skipped
[1.313s] -- Detecting CXX compile features
[1.315s] -- Detecting CXX compile features - done
[1.327s] -- Found ament_cmake: 1.3.5 (/opt/ros/humble/share/ament_cmake/cmake)
[1.993s] -- Found Python3: /usr/bin/python3.10 (found version "3.10.12") found components: Interpreter 
[2.237s] -- Override CMake install command with custom implementation using symlinks instead of copying resources
[2.603s] -- Configuring done
[2.617s] -- Generating done
[2.621s] -- Build files have been written to: /home/arcturus/Documents/AllSeaingVehicle2/build/velodyne
[2.652s] Invoked command in '/home/arcturus/Documents/AllSeaingVehicle2/build/velodyne' returned '0': AMENT_PREFIX_PATH=/home/arcturus/Documents/AllSeaingVehicle2/install/velodyne_pointcloud:/home/arcturus/Documents/AllSeaingVehicle2/install/velodyne_driver:/home/arcturus/Documents/AllSeaingVehicle2/install/velodyne_msgs:/home/arcturus/Documents/AllSeaingVehicle2/install/velodyne_laserscan:${AMENT_PREFIX_PATH} CMAKE_PREFIX_PATH=/home/arcturus/Documents/AllSeaingVehicle2/install/velodyne_pointcloud:/home/arcturus/Documents/AllSeaingVehicle2/install/velodyne_driver:/home/arcturus/Documents/AllSeaingVehicle2/install/velodyne_msgs:/home/arcturus/Documents/AllSeaingVehicle2/install/velodyne_laserscan:/opt/ros/humble LD_LIBRARY_PATH=/home/arcturus/Documents/AllSeaingVehicle2/install/velodyne_pointcloud/lib:/home/arcturus/Documents/AllSeaingVehicle2/install/velodyne_driver/lib:/home/arcturus/Documents/AllSeaingVehicle2/install/velodyne_msgs/lib:/home/arcturus/Documents/AllSeaingVehicle2/install/velodyne_laserscan/lib:/opt/ros/humble/opt/rviz_ogre_vendor/lib:/opt/ros/humble/lib/aarch64-linux-gnu:/opt/ros/humble/lib:/usr/local/cuda-11.4/lib64:/usr/local/cuda-11.4/lib64:/usr/local/cuda-11.4/lib64 PYTHONPATH=/home/arcturus/Documents/AllSeaingVehicle2/install/velodyne_msgs/local/lib/python3.10/dist-packages:${PYTHONPATH} /usr/bin/cmake /home/arcturus/Documents/AllSeaingVehicle2/src/velodyne/velodyne -DAMENT_CMAKE_SYMLINK_INSTALL=1 -DCMAKE_INSTALL_PREFIX=/home/arcturus/Documents/AllSeaingVehicle2/install/velodyne
[2.661s] Invoking command in '/home/arcturus/Documents/AllSeaingVehicle2/build/velodyne': AMENT_PREFIX_PATH=/home/arcturus/Documents/AllSeaingVehicle2/install/velodyne_pointcloud:/home/arcturus/Documents/AllSeaingVehicle2/install/velodyne_driver:/home/arcturus/Documents/AllSeaingVehicle2/install/velodyne_msgs:/home/arcturus/Documents/AllSeaingVehicle2/install/velodyne_laserscan:${AMENT_PREFIX_PATH} CMAKE_PREFIX_PATH=/home/arcturus/Documents/AllSeaingVehicle2/install/velodyne_pointcloud:/home/arcturus/Documents/AllSeaingVehicle2/install/velodyne_driver:/home/arcturus/Documents/AllSeaingVehicle2/install/velodyne_msgs:/home/arcturus/Documents/AllSeaingVehicle2/install/velodyne_laserscan:/opt/ros/humble LD_LIBRARY_PATH=/home/arcturus/Documents/AllSeaingVehicle2/install/velodyne_pointcloud/lib:/home/arcturus/Documents/AllSeaingVehicle2/install/velodyne_driver/lib:/home/arcturus/Documents/AllSeaingVehicle2/install/velodyne_msgs/lib:/home/arcturus/Documents/AllSeaingVehicle2/install/velodyne_laserscan/lib:/opt/ros/humble/opt/rviz_ogre_vendor/lib:/opt/ros/humble/lib/aarch64-linux-gnu:/opt/ros/humble/lib:/usr/local/cuda-11.4/lib64:/usr/local/cuda-11.4/lib64:/usr/local/cuda-11.4/lib64 PYTHONPATH=/home/arcturus/Documents/AllSeaingVehicle2/install/velodyne_msgs/local/lib/python3.10/dist-packages:${PYTHONPATH} /usr/bin/cmake --build /home/arcturus/Documents/AllSeaingVehicle2/build/velodyne -- -j4 -l4
[2.807s] Invoked command in '/home/arcturus/Documents/AllSeaingVehicle2/build/velodyne' returned '0': AMENT_PREFIX_PATH=/home/arcturus/Documents/AllSeaingVehicle2/install/velodyne_pointcloud:/home/arcturus/Documents/AllSeaingVehicle2/install/velodyne_driver:/home/arcturus/Documents/AllSeaingVehicle2/install/velodyne_msgs:/home/arcturus/Documents/AllSeaingVehicle2/install/velodyne_laserscan:${AMENT_PREFIX_PATH} CMAKE_PREFIX_PATH=/home/arcturus/Documents/AllSeaingVehicle2/install/velodyne_pointcloud:/home/arcturus/Documents/AllSeaingVehicle2/install/velodyne_driver:/home/arcturus/Documents/AllSeaingVehicle2/install/velodyne_msgs:/home/arcturus/Documents/AllSeaingVehicle2/install/velodyne_laserscan:/opt/ros/humble LD_LIBRARY_PATH=/home/arcturus/Documents/AllSeaingVehicle2/install/velodyne_pointcloud/lib:/home/arcturus/Documents/AllSeaingVehicle2/install/velodyne_driver/lib:/home/arcturus/Documents/AllSeaingVehicle2/install/velodyne_msgs/lib:/home/arcturus/Documents/AllSeaingVehicle2/install/velodyne_laserscan/lib:/opt/ros/humble/opt/rviz_ogre_vendor/lib:/opt/ros/humble/lib/aarch64-linux-gnu:/opt/ros/humble/lib:/usr/local/cuda-11.4/lib64:/usr/local/cuda-11.4/lib64:/usr/local/cuda-11.4/lib64 PYTHONPATH=/home/arcturus/Documents/AllSeaingVehicle2/install/velodyne_msgs/local/lib/python3.10/dist-packages:${PYTHONPATH} /usr/bin/cmake --build /home/arcturus/Documents/AllSeaingVehicle2/build/velodyne -- -j4 -l4
[2.900s] Invoking command in '/home/arcturus/Documents/AllSeaingVehicle2/build/velodyne': AMENT_PREFIX_PATH=/home/arcturus/Documents/AllSeaingVehicle2/install/velodyne_pointcloud:/home/arcturus/Documents/AllSeaingVehicle2/install/velodyne_driver:/home/arcturus/Documents/AllSeaingVehicle2/install/velodyne_msgs:/home/arcturus/Documents/AllSeaingVehicle2/install/velodyne_laserscan:${AMENT_PREFIX_PATH} CMAKE_PREFIX_PATH=/home/arcturus/Documents/AllSeaingVehicle2/install/velodyne_pointcloud:/home/arcturus/Documents/AllSeaingVehicle2/install/velodyne_driver:/home/arcturus/Documents/AllSeaingVehicle2/install/velodyne_msgs:/home/arcturus/Documents/AllSeaingVehicle2/install/velodyne_laserscan:/opt/ros/humble LD_LIBRARY_PATH=/home/arcturus/Documents/AllSeaingVehicle2/install/velodyne_pointcloud/lib:/home/arcturus/Documents/AllSeaingVehicle2/install/velodyne_driver/lib:/home/arcturus/Documents/AllSeaingVehicle2/install/velodyne_msgs/lib:/home/arcturus/Documents/AllSeaingVehicle2/install/velodyne_laserscan/lib:/opt/ros/humble/opt/rviz_ogre_vendor/lib:/opt/ros/humble/lib/aarch64-linux-gnu:/opt/ros/humble/lib:/usr/local/cuda-11.4/lib64:/usr/local/cuda-11.4/lib64:/usr/local/cuda-11.4/lib64 PYTHONPATH=/home/arcturus/Documents/AllSeaingVehicle2/install/velodyne_msgs/local/lib/python3.10/dist-packages:${PYTHONPATH} /usr/bin/cmake --install /home/arcturus/Documents/AllSeaingVehicle2/build/velodyne
[2.930s] -- Install configuration: ""
[2.931s] -- Execute custom install script
[2.935s] -- Symlinking: /home/arcturus/Documents/AllSeaingVehicle2/install/velodyne/share/velodyne/launch/velodyne-all-nodes-VLP16-composed-launch.py
[2.968s] -- Symlinking: /home/arcturus/Documents/AllSeaingVehicle2/install/velodyne/share/velodyne/launch/velodyne-all-nodes-VLP16-launch.py
[2.999s] -- Symlinking: /home/arcturus/Documents/AllSeaingVehicle2/install/velodyne/share/velodyne/launch/velodyne-all-nodes-VLP32C-composed-launch.py
[3.034s] -- Symlinking: /home/arcturus/Documents/AllSeaingVehicle2/install/velodyne/share/velodyne/launch/velodyne-all-nodes-VLP32C-launch.py
[3.067s] -- Symlinking: /home/arcturus/Documents/AllSeaingVehicle2/install/velodyne/share/velodyne/launch/velodyne-all-nodes-VLS128-composed-launch.py
[3.104s] -- Symlinking: /home/arcturus/Documents/AllSeaingVehicle2/install/velodyne/share/velodyne/launch/velodyne-all-nodes-VLS128-launch.py
[3.140s] -- Symlinking: /home/arcturus/Documents/AllSeaingVehicle2/install/velodyne/share/ament_index/resource_index/package_run_dependencies/velodyne
[3.176s] -- Symlinking: /home/arcturus/Documents/AllSeaingVehicle2/install/velodyne/share/ament_index/resource_index/parent_prefix_path/velodyne
[3.212s] -- Symlinking: /home/arcturus/Documents/AllSeaingVehicle2/install/velodyne/share/velodyne/environment/ament_prefix_path.sh
[3.248s] -- Symlinking: /home/arcturus/Documents/AllSeaingVehicle2/install/velodyne/share/velodyne/environment/ament_prefix_path.dsv
[3.284s] -- Symlinking: /home/arcturus/Documents/AllSeaingVehicle2/install/velodyne/share/velodyne/environment/path.sh
[3.320s] -- Symlinking: /home/arcturus/Documents/AllSeaingVehicle2/install/velodyne/share/velodyne/environment/path.dsv
[3.357s] -- Symlinking: /home/arcturus/Documents/AllSeaingVehicle2/install/velodyne/share/velodyne/local_setup.bash
[3.391s] -- Symlinking: /home/arcturus/Documents/AllSeaingVehicle2/install/velodyne/share/velodyne/local_setup.sh
[3.427s] -- Symlinking: /home/arcturus/Documents/AllSeaingVehicle2/install/velodyne/share/velodyne/local_setup.zsh
[3.464s] -- Symlinking: /home/arcturus/Documents/AllSeaingVehicle2/install/velodyne/share/velodyne/local_setup.dsv
[3.498s] -- Symlinking: /home/arcturus/Documents/AllSeaingVehicle2/install/velodyne/share/velodyne/package.dsv
[3.532s] -- Symlinking: /home/arcturus/Documents/AllSeaingVehicle2/install/velodyne/share/ament_index/resource_index/packages/velodyne
[3.568s] -- Symlinking: /home/arcturus/Documents/AllSeaingVehicle2/install/velodyne/share/velodyne/cmake/velodyneConfig.cmake
[3.603s] -- Symlinking: /home/arcturus/Documents/AllSeaingVehicle2/install/velodyne/share/velodyne/cmake/velodyneConfig-version.cmake
[3.639s] -- Symlinking: /home/arcturus/Documents/AllSeaingVehicle2/install/velodyne/share/velodyne/package.xml
[3.695s] Invoked command in '/home/arcturus/Documents/AllSeaingVehicle2/build/velodyne' returned '0': AMENT_PREFIX_PATH=/home/arcturus/Documents/AllSeaingVehicle2/install/velodyne_pointcloud:/home/arcturus/Documents/AllSeaingVehicle2/install/velodyne_driver:/home/arcturus/Documents/AllSeaingVehicle2/install/velodyne_msgs:/home/arcturus/Documents/AllSeaingVehicle2/install/velodyne_laserscan:${AMENT_PREFIX_PATH} CMAKE_PREFIX_PATH=/home/arcturus/Documents/AllSeaingVehicle2/install/velodyne_pointcloud:/home/arcturus/Documents/AllSeaingVehicle2/install/velodyne_driver:/home/arcturus/Documents/AllSeaingVehicle2/install/velodyne_msgs:/home/arcturus/Documents/AllSeaingVehicle2/install/velodyne_laserscan:/opt/ros/humble LD_LIBRARY_PATH=/home/arcturus/Documents/AllSeaingVehicle2/install/velodyne_pointcloud/lib:/home/arcturus/Documents/AllSeaingVehicle2/install/velodyne_driver/lib:/home/arcturus/Documents/AllSeaingVehicle2/install/velodyne_msgs/lib:/home/arcturus/Documents/AllSeaingVehicle2/install/velodyne_laserscan/lib:/opt/ros/humble/opt/rviz_ogre_vendor/lib:/opt/ros/humble/lib/aarch64-linux-gnu:/opt/ros/humble/lib:/usr/local/cuda-11.4/lib64:/usr/local/cuda-11.4/lib64:/usr/local/cuda-11.4/lib64 PYTHONPATH=/home/arcturus/Documents/AllSeaingVehicle2/install/velodyne_msgs/local/lib/python3.10/dist-packages:${PYTHONPATH} /usr/bin/cmake --install /home/arcturus/Documents/AllSeaingVehicle2/build/velodyne
