[35m[1mConsolidate compiler generated dependencies of target gtest_main[0m
[35m[1mConsolidate compiler generated dependencies of target velodyne_cloud_types[0m
[35m[1mConsolidate compiler generated dependencies of target velodyne_rawdata[0m
[ 11%] Built target gtest_main
[ 27%] Built target velodyne_cloud_types
[35m[1mConsolidate compiler generated dependencies of target gtest[0m
[ 44%] Built target velodyne_rawdata
[35m[1mConsolidate compiler generated dependencies of target transform[0m
[ 55%] Built target gtest
[35m[1mConsolidate compiler generated dependencies of target test_calibration[0m
[35m[1mConsolidate compiler generated dependencies of target test_row_step[0m
[ 66%] Built target transform
[ 77%] Built target test_calibration
[35m[1mConsolidate compiler generated dependencies of target velodyne_transform_node[0m
[ 88%] Built target test_row_step
[100%] Built target velodyne_transform_node
-- Install configuration: ""
-- Execute custom install script
-- Symlinking: /home/arcturus/Documents/AllSeaingVehicle2/install/velodyne_pointcloud/lib/libvelodyne_cloud_types.so
-- Symlinking: /home/arcturus/Documents/AllSeaingVehicle2/install/velodyne_pointcloud/lib/libvelodyne_rawdata.so
-- Symlinking: /home/arcturus/Documents/AllSeaingVehicle2/install/velodyne_pointcloud/lib/libtransform.so
-- Symlinking: /home/arcturus/Documents/AllSeaingVehicle2/install/velodyne_pointcloud/lib/velodyne_pointcloud/velodyne_transform_node
-- Symlinking: /home/arcturus/Documents/AllSeaingVehicle2/install/velodyne_pointcloud/include/velodyne_pointcloud/calibration.hpp
-- Symlinking: /home/arcturus/Documents/AllSeaingVehicle2/install/velodyne_pointcloud/include/velodyne_pointcloud/datacontainerbase.hpp
-- Symlinking: /home/arcturus/Documents/AllSeaingVehicle2/install/velodyne_pointcloud/include/velodyne_pointcloud/organized_cloudXYZIRT.hpp
-- Symlinking: /home/arcturus/Documents/AllSeaingVehicle2/install/velodyne_pointcloud/include/velodyne_pointcloud/pointcloudXYZIRT.hpp
-- Symlinking: /home/arcturus/Documents/AllSeaingVehicle2/install/velodyne_pointcloud/include/velodyne_pointcloud/rawdata.hpp
-- Symlinking: /home/arcturus/Documents/AllSeaingVehicle2/install/velodyne_pointcloud/include/velodyne_pointcloud/transform.hpp
-- Symlinking: /home/arcturus/Documents/AllSeaingVehicle2/install/velodyne_pointcloud/share/velodyne_pointcloud/config/VLP16-velodyne_transform_node-params.yaml
-- Symlinking: /home/arcturus/Documents/AllSeaingVehicle2/install/velodyne_pointcloud/share/velodyne_pointcloud/config/VLP32C-velodyne_transform_node-params.yaml
-- Symlinking: /home/arcturus/Documents/AllSeaingVehicle2/install/velodyne_pointcloud/share/velodyne_pointcloud/config/VLS128-velodyne_transform_node-params.yaml
-- Symlinking: /home/arcturus/Documents/AllSeaingVehicle2/install/velodyne_pointcloud/share/velodyne_pointcloud/launch/velodyne_transform_node-VLP16-composed-launch.py
-- Symlinking: /home/arcturus/Documents/AllSeaingVehicle2/install/velodyne_pointcloud/share/velodyne_pointcloud/launch/velodyne_transform_node-VLP16-launch.py
-- Symlinking: /home/arcturus/Documents/AllSeaingVehicle2/install/velodyne_pointcloud/share/velodyne_pointcloud/launch/velodyne_transform_node-VLP32C-composed-launch.py
-- Symlinking: /home/arcturus/Documents/AllSeaingVehicle2/install/velodyne_pointcloud/share/velodyne_pointcloud/launch/velodyne_transform_node-VLP32C-launch.py
-- Symlinking: /home/arcturus/Documents/AllSeaingVehicle2/install/velodyne_pointcloud/share/velodyne_pointcloud/launch/velodyne_transform_node-VLS128-composed-launch.py
-- Symlinking: /home/arcturus/Documents/AllSeaingVehicle2/install/velodyne_pointcloud/share/velodyne_pointcloud/launch/velodyne_transform_node-VLS128-launch.py
-- Symlinking: /home/arcturus/Documents/AllSeaingVehicle2/install/velodyne_pointcloud/share/velodyne_pointcloud/params/32db.yaml
-- Symlinking: /home/arcturus/Documents/AllSeaingVehicle2/install/velodyne_pointcloud/share/velodyne_pointcloud/params/64e_s2.1-sztaki.yaml
-- Symlinking: /home/arcturus/Documents/AllSeaingVehicle2/install/velodyne_pointcloud/share/velodyne_pointcloud/params/64e_s3-xiesc.yaml
-- Symlinking: /home/arcturus/Documents/AllSeaingVehicle2/install/velodyne_pointcloud/share/velodyne_pointcloud/params/64e_utexas.yaml
-- Symlinking: /home/arcturus/Documents/AllSeaingVehicle2/install/velodyne_pointcloud/share/velodyne_pointcloud/params/VLP16_hires_db.yaml
-- Symlinking: /home/arcturus/Documents/AllSeaingVehicle2/install/velodyne_pointcloud/share/velodyne_pointcloud/params/VLP16db.yaml
-- Symlinking: /home/arcturus/Documents/AllSeaingVehicle2/install/velodyne_pointcloud/share/velodyne_pointcloud/params/VLS128.yaml
-- Symlinking: /home/arcturus/Documents/AllSeaingVehicle2/install/velodyne_pointcloud/share/velodyne_pointcloud/params/VeloView-VLP-32C.yaml
-- Symlinking: /home/arcturus/Documents/AllSeaingVehicle2/install/velodyne_pointcloud/share/velodyne_pointcloud/params/issue_84_float_intensities.yaml
-- Symlinking: /home/arcturus/Documents/AllSeaingVehicle2/install/velodyne_pointcloud/share/velodyne_pointcloud/params/rviz_points.vcg
-- Symlinking: /home/arcturus/Documents/AllSeaingVehicle2/install/velodyne_pointcloud/share/ament_index/resource_index/package_run_dependencies/velodyne_pointcloud
-- Symlinking: /home/arcturus/Documents/AllSeaingVehicle2/install/velodyne_pointcloud/share/ament_index/resource_index/parent_prefix_path/velodyne_pointcloud
-- Symlinking: /home/arcturus/Documents/AllSeaingVehicle2/install/velodyne_pointcloud/share/velodyne_pointcloud/environment/ament_prefix_path.sh
-- Symlinking: /home/arcturus/Documents/AllSeaingVehicle2/install/velodyne_pointcloud/share/velodyne_pointcloud/environment/ament_prefix_path.dsv
-- Symlinking: /home/arcturus/Documents/AllSeaingVehicle2/install/velodyne_pointcloud/share/velodyne_pointcloud/environment/path.sh
-- Symlinking: /home/arcturus/Documents/AllSeaingVehicle2/install/velodyne_pointcloud/share/velodyne_pointcloud/environment/path.dsv
-- Symlinking: /home/arcturus/Documents/AllSeaingVehicle2/install/velodyne_pointcloud/share/velodyne_pointcloud/local_setup.bash
-- Symlinking: /home/arcturus/Documents/AllSeaingVehicle2/install/velodyne_pointcloud/share/velodyne_pointcloud/local_setup.sh
-- Symlinking: /home/arcturus/Documents/AllSeaingVehicle2/install/velodyne_pointcloud/share/velodyne_pointcloud/local_setup.zsh
-- Symlinking: /home/arcturus/Documents/AllSeaingVehicle2/install/velodyne_pointcloud/share/velodyne_pointcloud/local_setup.dsv
-- Symlinking: /home/arcturus/Documents/AllSeaingVehicle2/install/velodyne_pointcloud/share/velodyne_pointcloud/package.dsv
-- Symlinking: /home/arcturus/Documents/AllSeaingVehicle2/install/velodyne_pointcloud/share/ament_index/resource_index/packages/velodyne_pointcloud
-- Symlinking: /home/arcturus/Documents/AllSeaingVehicle2/install/velodyne_pointcloud/share/ament_index/resource_index/rclcpp_components/velodyne_pointcloud
-- Symlinking: /home/arcturus/Documents/AllSeaingVehicle2/install/velodyne_pointcloud/share/velodyne_pointcloud/cmake/velodyne_pointcloudConfig.cmake
-- Symlinking: /home/arcturus/Documents/AllSeaingVehicle2/install/velodyne_pointcloud/share/velodyne_pointcloud/cmake/velodyne_pointcloudConfig-version.cmake
-- Symlinking: /home/arcturus/Documents/AllSeaingVehicle2/install/velodyne_pointcloud/share/velodyne_pointcloud/package.xml
