[0.076s] Invoking command in '/home/arcturus/Documents/AllSeaingVehicle2/build/velodyne_pointcloud': AMENT_PREFIX_PATH=/home/arcturus/Documents/AllSeaingVehicle2/install/velodyne_msgs:${AMENT_PREFIX_PATH} CMAKE_PREFIX_PATH=/home/arcturus/Documents/AllSeaingVehicle2/install/velodyne_msgs:/opt/ros/humble LD_LIBRARY_PATH=/home/arcturus/Documents/AllSeaingVehicle2/install/velodyne_msgs/lib:/opt/ros/humble/opt/rviz_ogre_vendor/lib:/opt/ros/humble/lib/aarch64-linux-gnu:/opt/ros/humble/lib:/usr/local/cuda-11.4/lib64:/usr/local/cuda-11.4/lib64:/usr/local/cuda-11.4/lib64 PYTHONPATH=/home/arcturus/Documents/AllSeaingVehicle2/install/velodyne_msgs/local/lib/python3.10/dist-packages:${PYTHONPATH} /usr/bin/cmake /home/arcturus/Documents/AllSeaingVehicle2/src/velodyne/velodyne_pointcloud -DAMENT_CMAKE_SYMLINK_INSTALL=1 -DCMAKE_INSTALL_PREFIX=/home/arcturus/Documents/AllSeaingVehicle2/install/velodyne_pointcloud
[0.352s] -- The C compiler identification is GNU 11.4.0
[0.633s] -- The CXX compiler identification is GNU 11.4.0
[0.664s] -- Detecting C compiler ABI info
[1.160s] -- Detecting C compiler ABI info - done
[1.197s] -- Check for working C compiler: /usr/bin/cc - skipped
[1.201s] -- Detecting C compile features
[1.202s] -- Detecting C compile features - done
[1.218s] -- Detecting CXX compiler ABI info
[1.606s] -- Detecting CXX compiler ABI info - done
[1.639s] -- Check for working CXX compiler: /usr/bin/c++ - skipped
[1.639s] -- Detecting CXX compile features
[1.641s] -- Detecting CXX compile features - done
[1.652s] -- Found ament_cmake: 1.3.5 (/opt/ros/humble/share/ament_cmake/cmake)
[2.418s] -- Found Python3: /usr/bin/python3.10 (found version "3.10.12") found components: Interpreter 
[2.685s] -- Override CMake install command with custom implementation using symlinks instead of copying resources
[2.798s] -- Found angles: 1.15.0 (/opt/ros/humble/share/angles/cmake)
[2.858s] [31mCMake Error at CMakeLists.txt:15 (find_package):
[2.858s]   By not providing "Finddiagnostic_updater.cmake" in CMAKE_MODULE_PATH this
[2.858s]   project has asked CMake to find a package configuration file provided by
[2.859s]   "diagnostic_updater", but CMake did not find one.
[2.859s] 
[2.859s]   Could not find a package configuration file provided by
[2.860s]   "diagnostic_updater" with any of the following names:
[2.860s] 
[2.860s]     diagnostic_updaterConfig.cmake
[2.861s]     diagnostic_updater-config.cmake
[2.861s] 
[2.861s]   Add the installation prefix of "diagnostic_updater" to CMAKE_PREFIX_PATH or
[2.862s]   set "diagnostic_updater_DIR" to a directory containing one of the above
[2.862s]   files.  If "diagnostic_updater" provides a separate development package or
[2.862s]   SDK, be sure it has been installed.
[2.862s] 
[2.863s] [0m
[2.863s] -- Configuring incomplete, errors occurred!
[2.863s] See also "/home/arcturus/Documents/AllSeaingVehicle2/build/velodyne_pointcloud/CMakeFiles/CMakeOutput.log".
[2.880s] Invoked command in '/home/arcturus/Documents/AllSeaingVehicle2/build/velodyne_pointcloud' returned '1': AMENT_PREFIX_PATH=/home/arcturus/Documents/AllSeaingVehicle2/install/velodyne_msgs:${AMENT_PREFIX_PATH} CMAKE_PREFIX_PATH=/home/arcturus/Documents/AllSeaingVehicle2/install/velodyne_msgs:/opt/ros/humble LD_LIBRARY_PATH=/home/arcturus/Documents/AllSeaingVehicle2/install/velodyne_msgs/lib:/opt/ros/humble/opt/rviz_ogre_vendor/lib:/opt/ros/humble/lib/aarch64-linux-gnu:/opt/ros/humble/lib:/usr/local/cuda-11.4/lib64:/usr/local/cuda-11.4/lib64:/usr/local/cuda-11.4/lib64 PYTHONPATH=/home/arcturus/Documents/AllSeaingVehicle2/install/velodyne_msgs/local/lib/python3.10/dist-packages:${PYTHONPATH} /usr/bin/cmake /home/arcturus/Documents/AllSeaingVehicle2/src/velodyne/velodyne_pointcloud -DAMENT_CMAKE_SYMLINK_INSTALL=1 -DCMAKE_INSTALL_PREFIX=/home/arcturus/Documents/AllSeaingVehicle2/install/velodyne_pointcloud
