[0.101s] Invoking command in '/home/arcturus/Documents/AllSeaingVehicle2/build/velodyne_driver': AMENT_PREFIX_PATH=/home/arcturus/Documents/AllSeaingVehicle2/install/velodyne_msgs:${AMENT_PREFIX_PATH} CMAKE_PREFIX_PATH=/home/arcturus/Documents/AllSeaingVehicle2/install/velodyne_msgs:/opt/ros/humble LD_LIBRARY_PATH=/home/arcturus/Documents/AllSeaingVehicle2/install/velodyne_msgs/lib:/opt/ros/humble/opt/rviz_ogre_vendor/lib:/opt/ros/humble/lib/aarch64-linux-gnu:/opt/ros/humble/lib:/usr/local/cuda-11.4/lib64:/usr/local/cuda-11.4/lib64:/usr/local/cuda-11.4/lib64 PYTHONPATH=/home/arcturus/Documents/AllSeaingVehicle2/install/velodyne_msgs/local/lib/python3.10/dist-packages:${PYTHONPATH} /usr/bin/cmake /home/arcturus/Documents/AllSeaingVehicle2/src/velodyne/velodyne_driver -DAMENT_CMAKE_SYMLINK_INSTALL=1 -DCMAKE_INSTALL_PREFIX=/home/arcturus/Documents/AllSeaingVehicle2/install/velodyne_driver
[0.392s] -- The C compiler identification is GNU 11.4.0
[0.668s] -- The CXX compiler identification is GNU 11.4.0
[0.702s] -- Detecting C compiler ABI info
[1.204s] -- Detecting C compiler ABI info - done
[1.241s] -- Check for working C compiler: /usr/bin/cc - skipped
[1.244s] -- Detecting C compile features
[1.246s] -- Detecting C compile features - done
[1.259s] -- Detecting CXX compiler ABI info
[1.681s] -- Detecting CXX compiler ABI info - done
[1.713s] -- Check for working CXX compiler: /usr/bin/c++ - skipped
[1.718s] -- Detecting CXX compile features
[1.719s] -- Detecting CXX compile features - done
[1.725s] -- Found ament_cmake_ros: 0.10.0 (/opt/ros/humble/share/ament_cmake_ros/cmake)
[2.508s] -- Found Python3: /usr/bin/python3.10 (found version "3.10.12") found components: Interpreter 
[2.788s] -- Override CMake install command with custom implementation using symlinks instead of copying resources
[2.910s] -- Found diagnostic_msgs: 4.2.3 (/opt/ros/humble/share/diagnostic_msgs/cmake)
[3.074s] -- Found rosidl_generator_c: 3.1.5 (/opt/ros/humble/share/rosidl_generator_c/cmake)
[3.095s] -- Found rosidl_adapter: 3.1.5 (/opt/ros/humble/share/rosidl_adapter/cmake)
[3.129s] -- Found rosidl_generator_cpp: 3.1.5 (/opt/ros/humble/share/rosidl_generator_cpp/cmake)
[3.188s] -- Using all available rosidl_typesupport_c: rosidl_typesupport_fastrtps_c;rosidl_typesupport_introspection_c
[3.273s] -- Using all available rosidl_typesupport_cpp: rosidl_typesupport_fastrtps_cpp;rosidl_typesupport_introspection_cpp
[3.761s] [31mCMake Error at CMakeLists.txt:15 (find_package):
[3.761s]   By not providing "Finddiagnostic_updater.cmake" in CMAKE_MODULE_PATH this
[3.762s]   project has asked CMake to find a package configuration file provided by
[3.762s]   "diagnostic_updater", but CMake did not find one.
[3.763s] 
[3.763s]   Could not find a package configuration file provided by
[3.763s]   "diagnostic_updater" with any of the following names:
[3.763s] 
[3.764s]     diagnostic_updaterConfig.cmake
[3.764s]     diagnostic_updater-config.cmake
[3.764s] 
[3.764s]   Add the installation prefix of "diagnostic_updater" to CMAKE_PREFIX_PATH or
[3.765s]   set "diagnostic_updater_DIR" to a directory containing one of the above
[3.765s]   files.  If "diagnostic_updater" provides a separate development package or
[3.765s]   SDK, be sure it has been installed.
[3.766s] 
[3.766s] [0m
[3.766s] -- Configuring incomplete, errors occurred!
[3.767s] See also "/home/arcturus/Documents/AllSeaingVehicle2/build/velodyne_driver/CMakeFiles/CMakeOutput.log".
