[35m[1mConsolidate compiler generated dependencies of target velodyne_laserscan[0m
[ 50%] Built target velodyne_laserscan
[35m[1mConsolidate compiler generated dependencies of target velodyne_laserscan_node[0m
[100%] Built target velodyne_laserscan_node
-- Install configuration: ""
-- Execute custom install script
-- Symlinking: /home/arcturus/Documents/AllSeaingVehicle2/install/velodyne_laserscan/lib/libvelodyne_laserscan.so
-- Symlinking: /home/arcturus/Documents/AllSeaingVehicle2/install/velodyne_laserscan/lib/velodyne_laserscan/velodyne_laserscan_node
-- Symlinking: /home/arcturus/Documents/AllSeaingVehicle2/install/velodyne_laserscan/include/velodyne_laserscan/velodyne_laserscan.hpp
-- Symlinking: /home/arcturus/Documents/AllSeaingVehicle2/install/velodyne_laserscan/share/velodyne_laserscan/config/default-velodyne_laserscan_node-params.yaml
-- Symlinking: /home/arcturus/Documents/AllSeaingVehicle2/install/velodyne_laserscan/share/velodyne_laserscan/launch/velodyne_laserscan_node-composed-launch.py
-- Symlinking: /home/arcturus/Documents/AllSeaingVehicle2/install/velodyne_laserscan/share/velodyne_laserscan/launch/velodyne_laserscan_node-launch.py
-- Symlinking: /home/arcturus/Documents/AllSeaingVehicle2/install/velodyne_laserscan/share/ament_index/resource_index/package_run_dependencies/velodyne_laserscan
-- Symlinking: /home/arcturus/Documents/AllSeaingVehicle2/install/velodyne_laserscan/share/ament_index/resource_index/parent_prefix_path/velodyne_laserscan
-- Symlinking: /home/arcturus/Documents/AllSeaingVehicle2/install/velodyne_laserscan/share/velodyne_laserscan/environment/ament_prefix_path.sh
-- Symlinking: /home/arcturus/Documents/AllSeaingVehicle2/install/velodyne_laserscan/share/velodyne_laserscan/environment/ament_prefix_path.dsv
-- Symlinking: /home/arcturus/Documents/AllSeaingVehicle2/install/velodyne_laserscan/share/velodyne_laserscan/environment/path.sh
-- Symlinking: /home/arcturus/Documents/AllSeaingVehicle2/install/velodyne_laserscan/share/velodyne_laserscan/environment/path.dsv
-- Symlinking: /home/arcturus/Documents/AllSeaingVehicle2/install/velodyne_laserscan/share/velodyne_laserscan/local_setup.bash
-- Symlinking: /home/arcturus/Documents/AllSeaingVehicle2/install/velodyne_laserscan/share/velodyne_laserscan/local_setup.sh
-- Symlinking: /home/arcturus/Documents/AllSeaingVehicle2/install/velodyne_laserscan/share/velodyne_laserscan/local_setup.zsh
-- Symlinking: /home/arcturus/Documents/AllSeaingVehicle2/install/velodyne_laserscan/share/velodyne_laserscan/local_setup.dsv
-- Symlinking: /home/arcturus/Documents/AllSeaingVehicle2/install/velodyne_laserscan/share/velodyne_laserscan/package.dsv
-- Symlinking: /home/arcturus/Documents/AllSeaingVehicle2/install/velodyne_laserscan/share/ament_index/resource_index/packages/velodyne_laserscan
-- Symlinking: /home/arcturus/Documents/AllSeaingVehicle2/install/velodyne_laserscan/share/ament_index/resource_index/rclcpp_components/velodyne_laserscan
-- Symlinking: /home/arcturus/Documents/AllSeaingVehicle2/install/velodyne_laserscan/share/velodyne_laserscan/cmake/velodyne_laserscanConfig.cmake
-- Symlinking: /home/arcturus/Documents/AllSeaingVehicle2/install/velodyne_laserscan/share/velodyne_laserscan/cmake/velodyne_laserscanConfig-version.cmake
-- Symlinking: /home/arcturus/Documents/AllSeaingVehicle2/install/velodyne_laserscan/share/velodyne_laserscan/package.xml
