[0.087s] Invoking command in '/home/arcturus/Documents/AllSeaingVehicle2/build/velodyne_msgs': CMAKE_PREFIX_PATH=/opt/ros/humble /usr/bin/cmake --build /home/arcturus/Documents/AllSeaingVehicle2/build/velodyne_msgs -- -j4 -l4
[0.274s] [35m[1mConsolidate compiler generated dependencies of target velodyne_msgs__rosidl_generator_c[0m
[0.339s] [ 10%] Built target velodyne_msgs__rosidl_generator_c
[0.372s] [ 10%] Built target ament_cmake_python_symlink_velodyne_msgs
[0.374s] [ 12%] Built target velodyne_msgs__cpp
[0.419s] [35m[1mConsolidate compiler generated dependencies of target velodyne_msgs__rosidl_typesupport_introspection_c[0m
[0.428s] [35m[1mConsolidate compiler generated dependencies of target velodyne_msgs__rosidl_typesupport_fastrtps_c[0m
[0.478s] [35m[1mConsolidate compiler generated dependencies of target velodyne_msgs__rosidl_typesupport_c[0m
[0.532s] [ 23%] Built target velodyne_msgs__rosidl_typesupport_fastrtps_c
[0.543s] [ 33%] Built target velodyne_msgs__rosidl_typesupport_introspection_c
[0.580s] [ 43%] Built target velodyne_msgs__rosidl_typesupport_c
[0.586s] [35m[1mConsolidate compiler generated dependencies of target velodyne_msgs__rosidl_typesupport_cpp[0m
[0.632s] [35m[1mConsolidate compiler generated dependencies of target velodyne_msgs__rosidl_typesupport_fastrtps_cpp[0m
[0.682s] [ 53%] Built target velodyne_msgs__rosidl_typesupport_cpp
[0.686s] [35m[1mConsolidate compiler generated dependencies of target velodyne_msgs__rosidl_typesupport_introspection_cpp[0m
[0.726s] [ 64%] Built target velodyne_msgs__rosidl_typesupport_fastrtps_cpp
[0.768s] [ 74%] Built target velodyne_msgs__rosidl_typesupport_introspection_cpp
[0.863s] [ 74%] Built target velodyne_msgs
[0.956s] [ 76%] Built target velodyne_msgs__py
[1.002s] [35m[1mConsolidate compiler generated dependencies of target velodyne_msgs__rosidl_generator_py[0m
[1.080s] [ 84%] Built target velodyne_msgs__rosidl_generator_py
[1.138s] [35m[1mConsolidate compiler generated dependencies of target velodyne_msgs__rosidl_typesupport_fastrtps_c__pyext[0m
[1.187s] [35m[1mConsolidate compiler generated dependencies of target velodyne_msgs__rosidl_typesupport_c__pyext[0m
[1.195s] [35m[1mConsolidate compiler generated dependencies of target velodyne_msgs__rosidl_typesupport_introspection_c__pyext[0m
[1.261s] [ 89%] Built target velodyne_msgs__rosidl_typesupport_c__pyext
[1.270s] [ 94%] Built target velodyne_msgs__rosidl_typesupport_fastrtps_c__pyext
[1.302s] [100%] Built target velodyne_msgs__rosidl_typesupport_introspection_c__pyext
[1.594s] running egg_info
[1.597s] writing velodyne_msgs.egg-info/PKG-INFO
[1.598s] writing dependency_links to velodyne_msgs.egg-info/dependency_links.txt
[1.600s] writing top-level names to velodyne_msgs.egg-info/top_level.txt
[1.613s] reading manifest file 'velodyne_msgs.egg-info/SOURCES.txt'
[1.616s] writing manifest file 'velodyne_msgs.egg-info/SOURCES.txt'
[1.731s] [100%] Built target ament_cmake_python_build_velodyne_msgs_egg
[1.782s] Invoked command in '/home/arcturus/Documents/AllSeaingVehicle2/build/velodyne_msgs' returned '0': CMAKE_PREFIX_PATH=/opt/ros/humble /usr/bin/cmake --build /home/arcturus/Documents/AllSeaingVehicle2/build/velodyne_msgs -- -j4 -l4
[2.212s] Invoking command in '/home/arcturus/Documents/AllSeaingVehicle2/build/velodyne_msgs': CMAKE_PREFIX_PATH=/opt/ros/humble /usr/bin/cmake --install /home/arcturus/Documents/AllSeaingVehicle2/build/velodyne_msgs
[2.250s] -- Install configuration: ""
[2.253s] -- Execute custom install script
[2.255s] -- Up-to-date symlink: /home/arcturus/Documents/AllSeaingVehicle2/install/velodyne_msgs/share/ament_index/resource_index/rosidl_interfaces/velodyne_msgs
[2.261s] -- Up-to-date symlink: /home/arcturus/Documents/AllSeaingVehicle2/install/velodyne_msgs/include/velodyne_msgs/velodyne_msgs/msg/detail/velodyne_packet__functions.h
[2.261s] -- Up-to-date symlink: /home/arcturus/Documents/AllSeaingVehicle2/install/velodyne_msgs/include/velodyne_msgs/velodyne_msgs/msg/detail/velodyne_packet__struct.h
[2.262s] -- Up-to-date symlink: /home/arcturus/Documents/AllSeaingVehicle2/install/velodyne_msgs/include/velodyne_msgs/velodyne_msgs/msg/detail/velodyne_packet__type_support.h
[2.262s] -- Up-to-date symlink: /home/arcturus/Documents/AllSeaingVehicle2/install/velodyne_msgs/include/velodyne_msgs/velodyne_msgs/msg/detail/velodyne_scan__functions.h
[2.263s] -- Up-to-date symlink: /home/arcturus/Documents/AllSeaingVehicle2/install/velodyne_msgs/include/velodyne_msgs/velodyne_msgs/msg/detail/velodyne_scan__struct.h
[2.264s] -- Up-to-date symlink: /home/arcturus/Documents/AllSeaingVehicle2/install/velodyne_msgs/include/velodyne_msgs/velodyne_msgs/msg/detail/velodyne_scan__type_support.h
[2.265s] -- Up-to-date symlink: /home/arcturus/Documents/AllSeaingVehicle2/install/velodyne_msgs/include/velodyne_msgs/velodyne_msgs/msg/rosidl_generator_c__visibility_control.h
[2.265s] -- Up-to-date symlink: /home/arcturus/Documents/AllSeaingVehicle2/install/velodyne_msgs/include/velodyne_msgs/velodyne_msgs/msg/velodyne_packet.h
[2.266s] -- Up-to-date symlink: /home/arcturus/Documents/AllSeaingVehicle2/install/velodyne_msgs/include/velodyne_msgs/velodyne_msgs/msg/velodyne_scan.h
[2.267s] -- Up-to-date symlink: /home/arcturus/Documents/AllSeaingVehicle2/install/velodyne_msgs/share/velodyne_msgs/environment/library_path.sh
[2.268s] -- Up-to-date symlink: /home/arcturus/Documents/AllSeaingVehicle2/install/velodyne_msgs/share/velodyne_msgs/environment/library_path.dsv
[2.271s] -- Up-to-date symlink: /home/arcturus/Documents/AllSeaingVehicle2/install/velodyne_msgs/include/velodyne_msgs/velodyne_msgs/msg/detail/velodyne_packet__rosidl_typesupport_fastrtps_c.h
[2.271s] -- Up-to-date symlink: /home/arcturus/Documents/AllSeaingVehicle2/install/velodyne_msgs/include/velodyne_msgs/velodyne_msgs/msg/detail/velodyne_scan__rosidl_typesupport_fastrtps_c.h
[2.272s] -- Up-to-date symlink: /home/arcturus/Documents/AllSeaingVehicle2/install/velodyne_msgs/include/velodyne_msgs/velodyne_msgs/msg/rosidl_typesupport_fastrtps_c__visibility_control.h
[2.274s] -- Up-to-date symlink: /home/arcturus/Documents/AllSeaingVehicle2/install/velodyne_msgs/include/velodyne_msgs/velodyne_msgs/msg/detail/velodyne_packet__builder.hpp
[2.275s] -- Up-to-date symlink: /home/arcturus/Documents/AllSeaingVehicle2/install/velodyne_msgs/include/velodyne_msgs/velodyne_msgs/msg/detail/velodyne_packet__struct.hpp
[2.276s] -- Up-to-date symlink: /home/arcturus/Documents/AllSeaingVehicle2/install/velodyne_msgs/include/velodyne_msgs/velodyne_msgs/msg/detail/velodyne_packet__traits.hpp
[2.277s] -- Up-to-date symlink: /home/arcturus/Documents/AllSeaingVehicle2/install/velodyne_msgs/include/velodyne_msgs/velodyne_msgs/msg/detail/velodyne_scan__builder.hpp
[2.277s] -- Up-to-date symlink: /home/arcturus/Documents/AllSeaingVehicle2/install/velodyne_msgs/include/velodyne_msgs/velodyne_msgs/msg/detail/velodyne_scan__struct.hpp
[2.279s] -- Up-to-date symlink: /home/arcturus/Documents/AllSeaingVehicle2/install/velodyne_msgs/include/velodyne_msgs/velodyne_msgs/msg/detail/velodyne_scan__traits.hpp
[2.280s] -- Up-to-date symlink: /home/arcturus/Documents/AllSeaingVehicle2/install/velodyne_msgs/include/velodyne_msgs/velodyne_msgs/msg/velodyne_packet.hpp
[2.281s] -- Up-to-date symlink: /home/arcturus/Documents/AllSeaingVehicle2/install/velodyne_msgs/include/velodyne_msgs/velodyne_msgs/msg/velodyne_scan.hpp
[2.284s] -- Up-to-date symlink: /home/arcturus/Documents/AllSeaingVehicle2/install/velodyne_msgs/include/velodyne_msgs/velodyne_msgs/msg/detail/velodyne_packet__rosidl_typesupport_fastrtps_cpp.hpp
[2.284s] -- Up-to-date symlink: /home/arcturus/Documents/AllSeaingVehicle2/install/velodyne_msgs/include/velodyne_msgs/velodyne_msgs/msg/detail/velodyne_scan__rosidl_typesupport_fastrtps_cpp.hpp
[2.286s] -- Up-to-date symlink: /home/arcturus/Documents/AllSeaingVehicle2/install/velodyne_msgs/include/velodyne_msgs/velodyne_msgs/msg/rosidl_typesupport_fastrtps_cpp__visibility_control.h
[2.288s] -- Up-to-date symlink: /home/arcturus/Documents/AllSeaingVehicle2/install/velodyne_msgs/include/velodyne_msgs/velodyne_msgs/msg/detail/velodyne_packet__rosidl_typesupport_introspection_c.h
[2.291s] -- Up-to-date symlink: /home/arcturus/Documents/AllSeaingVehicle2/install/velodyne_msgs/include/velodyne_msgs/velodyne_msgs/msg/detail/velodyne_scan__rosidl_typesupport_introspection_c.h
[2.292s] -- Up-to-date symlink: /home/arcturus/Documents/AllSeaingVehicle2/install/velodyne_msgs/include/velodyne_msgs/velodyne_msgs/msg/rosidl_typesupport_introspection_c__visibility_control.h
[2.292s] -- Up-to-date symlink: /home/arcturus/Documents/AllSeaingVehicle2/install/velodyne_msgs/include/velodyne_msgs/velodyne_msgs/msg/detail/velodyne_packet__rosidl_typesupport_introspection_cpp.hpp
[2.292s] -- Up-to-date symlink: /home/arcturus/Documents/AllSeaingVehicle2/install/velodyne_msgs/include/velodyne_msgs/velodyne_msgs/msg/detail/velodyne_scan__rosidl_typesupport_introspection_cpp.hpp
[2.293s] -- Up-to-date symlink: /home/arcturus/Documents/AllSeaingVehicle2/install/velodyne_msgs/share/velodyne_msgs/environment/pythonpath.sh
[2.293s] -- Up-to-date symlink: /home/arcturus/Documents/AllSeaingVehicle2/install/velodyne_msgs/share/velodyne_msgs/environment/pythonpath.dsv
[2.295s] -- Up-to-date symlink: /home/arcturus/Documents/AllSeaingVehicle2/install/velodyne_msgs/local/lib/python3.10/dist-packages/velodyne_msgs-2.4.0-py3.10.egg-info/PKG-INFO
[2.295s] -- Up-to-date symlink: /home/arcturus/Documents/AllSeaingVehicle2/install/velodyne_msgs/local/lib/python3.10/dist-packages/velodyne_msgs-2.4.0-py3.10.egg-info/SOURCES.txt
[2.296s] -- Up-to-date symlink: /home/arcturus/Documents/AllSeaingVehicle2/install/velodyne_msgs/local/lib/python3.10/dist-packages/velodyne_msgs-2.4.0-py3.10.egg-info/dependency_links.txt
[2.298s] -- Up-to-date symlink: /home/arcturus/Documents/AllSeaingVehicle2/install/velodyne_msgs/local/lib/python3.10/dist-packages/velodyne_msgs-2.4.0-py3.10.egg-info/top_level.txt
[2.300s] -- Up-to-date symlink: /home/arcturus/Documents/AllSeaingVehicle2/install/velodyne_msgs/local/lib/python3.10/dist-packages/velodyne_msgs/__init__.py
[2.301s] -- Up-to-date symlink: /home/arcturus/Documents/AllSeaingVehicle2/install/velodyne_msgs/local/lib/python3.10/dist-packages/velodyne_msgs/_velodyne_msgs_s.ep.rosidl_typesupport_c.c
[2.302s] -- Up-to-date symlink: /home/arcturus/Documents/AllSeaingVehicle2/install/velodyne_msgs/local/lib/python3.10/dist-packages/velodyne_msgs/_velodyne_msgs_s.ep.rosidl_typesupport_fastrtps_c.c
[2.302s] -- Up-to-date symlink: /home/arcturus/Documents/AllSeaingVehicle2/install/velodyne_msgs/local/lib/python3.10/dist-packages/velodyne_msgs/_velodyne_msgs_s.ep.rosidl_typesupport_introspection_c.c
[2.303s] -- Up-to-date symlink: /home/arcturus/Documents/AllSeaingVehicle2/install/velodyne_msgs/local/lib/python3.10/dist-packages/velodyne_msgs/libvelodyne_msgs__rosidl_generator_py.so
[2.303s] -- Up-to-date symlink: /home/arcturus/Documents/AllSeaingVehicle2/install/velodyne_msgs/local/lib/python3.10/dist-packages/velodyne_msgs/msg/__init__.py
[2.304s] -- Up-to-date symlink: /home/arcturus/Documents/AllSeaingVehicle2/install/velodyne_msgs/local/lib/python3.10/dist-packages/velodyne_msgs/msg/_velodyne_packet.py
[2.305s] -- Up-to-date symlink: /home/arcturus/Documents/AllSeaingVehicle2/install/velodyne_msgs/local/lib/python3.10/dist-packages/velodyne_msgs/msg/_velodyne_packet_s.c
[2.306s] -- Up-to-date symlink: /home/arcturus/Documents/AllSeaingVehicle2/install/velodyne_msgs/local/lib/python3.10/dist-packages/velodyne_msgs/msg/_velodyne_scan.py
[2.306s] -- Up-to-date symlink: /home/arcturus/Documents/AllSeaingVehicle2/install/velodyne_msgs/local/lib/python3.10/dist-packages/velodyne_msgs/msg/_velodyne_scan_s.c
[2.307s] -- Up-to-date symlink: /home/arcturus/Documents/AllSeaingVehicle2/install/velodyne_msgs/local/lib/python3.10/dist-packages/velodyne_msgs/velodyne_msgs_s__rosidl_typesupport_c.cpython-310-aarch64-linux-gnu.so
[2.308s] -- Up-to-date symlink: /home/arcturus/Documents/AllSeaingVehicle2/install/velodyne_msgs/local/lib/python3.10/dist-packages/velodyne_msgs/velodyne_msgs_s__rosidl_typesupport_fastrtps_c.cpython-310-aarch64-linux-gnu.so
[2.308s] -- Up-to-date symlink: /home/arcturus/Documents/AllSeaingVehicle2/install/velodyne_msgs/local/lib/python3.10/dist-packages/velodyne_msgs/velodyne_msgs_s__rosidl_typesupport_introspection_c.cpython-310-aarch64-linux-gnu.so
[2.310s] -- Up-to-date symlink: /home/arcturus/Documents/AllSeaingVehicle2/install/velodyne_msgs/local/lib/python3.10/dist-packages/velodyne_msgs/velodyne_msgs_s__rosidl_typesupport_fastrtps_c.cpython-310-aarch64-linux-gnu.so
[2.314s] -- Up-to-date symlink: /home/arcturus/Documents/AllSeaingVehicle2/install/velodyne_msgs/local/lib/python3.10/dist-packages/velodyne_msgs/velodyne_msgs_s__rosidl_typesupport_introspection_c.cpython-310-aarch64-linux-gnu.so
[2.316s] -- Up-to-date symlink: /home/arcturus/Documents/AllSeaingVehicle2/install/velodyne_msgs/local/lib/python3.10/dist-packages/velodyne_msgs/velodyne_msgs_s__rosidl_typesupport_c.cpython-310-aarch64-linux-gnu.so
[2.317s] -- Up-to-date symlink: /home/arcturus/Documents/AllSeaingVehicle2/install/velodyne_msgs/share/velodyne_msgs/msg/VelodynePacket.idl
[2.318s] -- Up-to-date symlink: /home/arcturus/Documents/AllSeaingVehicle2/install/velodyne_msgs/share/velodyne_msgs/msg/VelodyneScan.idl
[2.319s] -- Up-to-date symlink: /home/arcturus/Documents/AllSeaingVehicle2/install/velodyne_msgs/share/velodyne_msgs/msg/VelodynePacket.msg
[2.319s] -- Up-to-date symlink: /home/arcturus/Documents/AllSeaingVehicle2/install/velodyne_msgs/share/velodyne_msgs/msg/VelodyneScan.msg
[2.320s] -- Up-to-date symlink: /home/arcturus/Documents/AllSeaingVehicle2/install/velodyne_msgs/share/ament_index/resource_index/package_run_dependencies/velodyne_msgs
[2.320s] -- Up-to-date symlink: /home/arcturus/Documents/AllSeaingVehicle2/install/velodyne_msgs/share/ament_index/resource_index/parent_prefix_path/velodyne_msgs
[2.321s] -- Up-to-date symlink: /home/arcturus/Documents/AllSeaingVehicle2/install/velodyne_msgs/share/velodyne_msgs/environment/ament_prefix_path.sh
[2.322s] -- Up-to-date symlink: /home/arcturus/Documents/AllSeaingVehicle2/install/velodyne_msgs/share/velodyne_msgs/environment/ament_prefix_path.dsv
[2.323s] -- Up-to-date symlink: /home/arcturus/Documents/AllSeaingVehicle2/install/velodyne_msgs/share/velodyne_msgs/environment/path.sh
[2.323s] -- Up-to-date symlink: /home/arcturus/Documents/AllSeaingVehicle2/install/velodyne_msgs/share/velodyne_msgs/environment/path.dsv
[2.325s] -- Up-to-date symlink: /home/arcturus/Documents/AllSeaingVehicle2/install/velodyne_msgs/share/velodyne_msgs/local_setup.bash
[2.326s] -- Up-to-date symlink: /home/arcturus/Documents/AllSeaingVehicle2/install/velodyne_msgs/share/velodyne_msgs/local_setup.sh
[2.326s] -- Up-to-date symlink: /home/arcturus/Documents/AllSeaingVehicle2/install/velodyne_msgs/share/velodyne_msgs/local_setup.zsh
[2.326s] -- Up-to-date symlink: /home/arcturus/Documents/AllSeaingVehicle2/install/velodyne_msgs/share/velodyne_msgs/local_setup.dsv
[2.327s] -- Symlinking: /home/arcturus/Documents/AllSeaingVehicle2/install/velodyne_msgs/share/velodyne_msgs/package.dsv
[2.361s] -- Up-to-date symlink: /home/arcturus/Documents/AllSeaingVehicle2/install/velodyne_msgs/share/ament_index/resource_index/packages/velodyne_msgs
[2.362s] -- Up-to-date symlink: /home/arcturus/Documents/AllSeaingVehicle2/install/velodyne_msgs/share/velodyne_msgs/cmake/rosidl_cmake-extras.cmake
[2.362s] -- Up-to-date symlink: /home/arcturus/Documents/AllSeaingVehicle2/install/velodyne_msgs/share/velodyne_msgs/cmake/ament_cmake_export_dependencies-extras.cmake
[2.363s] -- Up-to-date symlink: /home/arcturus/Documents/AllSeaingVehicle2/install/velodyne_msgs/share/velodyne_msgs/cmake/ament_cmake_export_include_directories-extras.cmake
[2.364s] -- Up-to-date symlink: /home/arcturus/Documents/AllSeaingVehicle2/install/velodyne_msgs/share/velodyne_msgs/cmake/ament_cmake_export_libraries-extras.cmake
[2.365s] -- Up-to-date symlink: /home/arcturus/Documents/AllSeaingVehicle2/install/velodyne_msgs/share/velodyne_msgs/cmake/ament_cmake_export_targets-extras.cmake
[2.366s] -- Up-to-date symlink: /home/arcturus/Documents/AllSeaingVehicle2/install/velodyne_msgs/share/velodyne_msgs/cmake/rosidl_cmake_export_typesupport_targets-extras.cmake
[2.366s] -- Up-to-date symlink: /home/arcturus/Documents/AllSeaingVehicle2/install/velodyne_msgs/share/velodyne_msgs/cmake/rosidl_cmake_export_typesupport_libraries-extras.cmake
[2.367s] -- Up-to-date symlink: /home/arcturus/Documents/AllSeaingVehicle2/install/velodyne_msgs/share/velodyne_msgs/cmake/velodyne_msgsConfig.cmake
[2.368s] -- Up-to-date symlink: /home/arcturus/Documents/AllSeaingVehicle2/install/velodyne_msgs/share/velodyne_msgs/cmake/velodyne_msgsConfig-version.cmake
[2.369s] -- Up-to-date symlink: /home/arcturus/Documents/AllSeaingVehicle2/install/velodyne_msgs/share/velodyne_msgs/package.xml
[2.370s] -- Up-to-date: /home/arcturus/Documents/AllSeaingVehicle2/install/velodyne_msgs/lib/libvelodyne_msgs__rosidl_generator_c.so
[2.372s] -- Up-to-date: /home/arcturus/Documents/AllSeaingVehicle2/install/velodyne_msgs/lib/libvelodyne_msgs__rosidl_typesupport_fastrtps_c.so
[2.374s] -- Up-to-date: /home/arcturus/Documents/AllSeaingVehicle2/install/velodyne_msgs/lib/libvelodyne_msgs__rosidl_typesupport_fastrtps_cpp.so
[2.376s] -- Up-to-date: /home/arcturus/Documents/AllSeaingVehicle2/install/velodyne_msgs/lib/libvelodyne_msgs__rosidl_typesupport_introspection_c.so
[2.377s] -- Up-to-date: /home/arcturus/Documents/AllSeaingVehicle2/install/velodyne_msgs/lib/libvelodyne_msgs__rosidl_typesupport_c.so
[2.379s] -- Up-to-date: /home/arcturus/Documents/AllSeaingVehicle2/install/velodyne_msgs/lib/libvelodyne_msgs__rosidl_typesupport_introspection_cpp.so
[2.381s] -- Up-to-date: /home/arcturus/Documents/AllSeaingVehicle2/install/velodyne_msgs/lib/libvelodyne_msgs__rosidl_typesupport_cpp.so
[2.500s] Listing '/home/arcturus/Documents/AllSeaingVehicle2/install/velodyne_msgs/local/lib/python3.10/dist-packages/velodyne_msgs'...
[2.501s] Listing '/home/arcturus/Documents/AllSeaingVehicle2/install/velodyne_msgs/local/lib/python3.10/dist-packages/velodyne_msgs/msg'...
[2.516s] -- Up-to-date: /home/arcturus/Documents/AllSeaingVehicle2/install/velodyne_msgs/lib/libvelodyne_msgs__rosidl_generator_py.so
[2.517s] -- Up-to-date: /home/arcturus/Documents/AllSeaingVehicle2/install/velodyne_msgs/share/velodyne_msgs/cmake/export_velodyne_msgs__rosidl_generator_cExport.cmake
[2.517s] -- Up-to-date: /home/arcturus/Documents/AllSeaingVehicle2/install/velodyne_msgs/share/velodyne_msgs/cmake/export_velodyne_msgs__rosidl_generator_cExport-noconfig.cmake
[2.518s] -- Up-to-date: /home/arcturus/Documents/AllSeaingVehicle2/install/velodyne_msgs/share/velodyne_msgs/cmake/export_velodyne_msgs__rosidl_typesupport_fastrtps_cExport.cmake
[2.518s] -- Up-to-date: /home/arcturus/Documents/AllSeaingVehicle2/install/velodyne_msgs/share/velodyne_msgs/cmake/export_velodyne_msgs__rosidl_typesupport_fastrtps_cExport-noconfig.cmake
[2.519s] -- Up-to-date: /home/arcturus/Documents/AllSeaingVehicle2/install/velodyne_msgs/share/velodyne_msgs/cmake/export_velodyne_msgs__rosidl_generator_cppExport.cmake
[2.519s] -- Up-to-date: /home/arcturus/Documents/AllSeaingVehicle2/install/velodyne_msgs/share/velodyne_msgs/cmake/export_velodyne_msgs__rosidl_typesupport_fastrtps_cppExport.cmake
[2.519s] -- Up-to-date: /home/arcturus/Documents/AllSeaingVehicle2/install/velodyne_msgs/share/velodyne_msgs/cmake/export_velodyne_msgs__rosidl_typesupport_fastrtps_cppExport-noconfig.cmake
[2.520s] -- Up-to-date: /home/arcturus/Documents/AllSeaingVehicle2/install/velodyne_msgs/share/velodyne_msgs/cmake/velodyne_msgs__rosidl_typesupport_introspection_cExport.cmake
[2.520s] -- Up-to-date: /home/arcturus/Documents/AllSeaingVehicle2/install/velodyne_msgs/share/velodyne_msgs/cmake/velodyne_msgs__rosidl_typesupport_introspection_cExport-noconfig.cmake
[2.522s] -- Up-to-date: /home/arcturus/Documents/AllSeaingVehicle2/install/velodyne_msgs/share/velodyne_msgs/cmake/velodyne_msgs__rosidl_typesupport_cExport.cmake
[2.522s] -- Up-to-date: /home/arcturus/Documents/AllSeaingVehicle2/install/velodyne_msgs/share/velodyne_msgs/cmake/velodyne_msgs__rosidl_typesupport_cExport-noconfig.cmake
[2.522s] -- Up-to-date: /home/arcturus/Documents/AllSeaingVehicle2/install/velodyne_msgs/share/velodyne_msgs/cmake/velodyne_msgs__rosidl_typesupport_introspection_cppExport.cmake
[2.523s] -- Up-to-date: /home/arcturus/Documents/AllSeaingVehicle2/install/velodyne_msgs/share/velodyne_msgs/cmake/velodyne_msgs__rosidl_typesupport_introspection_cppExport-noconfig.cmake
[2.523s] -- Up-to-date: /home/arcturus/Documents/AllSeaingVehicle2/install/velodyne_msgs/share/velodyne_msgs/cmake/velodyne_msgs__rosidl_typesupport_cppExport.cmake
[2.524s] -- Up-to-date: /home/arcturus/Documents/AllSeaingVehicle2/install/velodyne_msgs/share/velodyne_msgs/cmake/velodyne_msgs__rosidl_typesupport_cppExport-noconfig.cmake
[2.524s] -- Up-to-date: /home/arcturus/Documents/AllSeaingVehicle2/install/velodyne_msgs/share/velodyne_msgs/cmake/export_velodyne_msgs__rosidl_generator_pyExport.cmake
[2.525s] -- Up-to-date: /home/arcturus/Documents/AllSeaingVehicle2/install/velodyne_msgs/share/velodyne_msgs/cmake/export_velodyne_msgs__rosidl_generator_pyExport-noconfig.cmake
[2.556s] Invoked command in '/home/arcturus/Documents/AllSeaingVehicle2/build/velodyne_msgs' returned '0': CMAKE_PREFIX_PATH=/opt/ros/humble /usr/bin/cmake --install /home/arcturus/Documents/AllSeaingVehicle2/build/velodyne_msgs
